2025-12-03 04:59:42,840 - MainThread - vulcan.core.console - WARNING - Linter warnings for /workspace/models/seed_model.sql:
 - requirechecksformodels: 
Models should have data quality checks defined.
Consider adding checks for:
 • Completeness
 • Validity
 • Uniqueness
 • Other relevant quality constraints

 - requiregrainforallmodels: 
All models must define a grain for data quality assurance.
 (console.py:2352)
2025-12-03 04:59:42,842 - MainThread - vulcan.core.console - WARNING - Linter warnings for /workspace/models/full_model.sql:
 - requiregrainforallmodels: 
All models must define a grain for data quality assurance.
 (console.py:2352)
2025-12-03 04:59:42,843 - MainThread - vulcan.core.console - WARNING - Linter warnings for /workspace/models/scd_type2_by_column.sql:
 - requiregrainforallmodels: 
All models must define a grain for data quality assurance.
 (console.py:2352)
2025-12-03 04:59:42,844 - MainThread - vulcan.core.console - WARNING - Linter warnings for /workspace/models/incremental_by_unique_key.sql:
 - requiregrainforallmodels: 
All models must define a grain for data quality assurance.
 (console.py:2352)
2025-12-03 04:59:42,844 - MainThread - vulcan.core.console - WARNING - Linter warnings for /workspace/models/staging/stg_order_lines.sql:
 - requireauditsforallkindsexceptembedded: 
Missing audit rules: All non-embedded models should include data quality audits.


 - requiregrainforallmodels: 
All models must define a grain for data quality assurance.
 (console.py:2352)
2025-12-03 04:59:42,845 - MainThread - vulcan.core.console - WARNING - Linter warnings for /workspace/models/scd_type2_by_time.sql:
 - requirechecksformodels: 
Models should have data quality checks defined.
Consider adding checks for:
 • Completeness
 • Validity
 • Uniqueness
 • Other relevant quality constraints

 - requiregrainforallmodels: 
All models must define a grain for data quality assurance.
 (console.py:2352)
2025-12-03 04:59:42,845 - MainThread - vulcan.core.console - WARNING - Linter warnings for /workspace/models/incremental_by_time_range.sql:
 - requirechecksformodels: 
Models should have data quality checks defined.
Consider adding checks for:
 • Completeness
 • Validity
 • Uniqueness
 • Other relevant quality constraints

 - requiregrainforallmodels: 
All models must define a grain for data quality assurance.
 (console.py:2352)
2025-12-03 04:59:42,846 - MainThread - vulcan.core.console - WARNING - Linter warnings for /workspace/models/view_model.sql:
 - requirechecksformodels: 
Models should have data quality checks defined.
Consider adding checks for:
 • Completeness
 • Validity
 • Uniqueness
 • Other relevant quality constraints

 - requiregrainforallmodels: 
All models must define a grain for data quality assurance.
 (console.py:2352)
2025-12-03 04:59:42,847 - MainThread - vulcan.core.console - WARNING - Linter warnings for /workspace/models/incremental_model.sql:
 - requirechecksformodels: 
Models should have data quality checks defined.
Consider adding checks for:
 • Completeness
 • Validity
 • Uniqueness
 • Other relevant quality constraints

 - requiregrainforallmodels: 
All models must define a grain for data quality assurance.
 (console.py:2352)
2025-12-03 04:59:42,847 - MainThread - vulcan.core.console - WARNING - Linter warnings for /workspace/models/staging/stg_products.sql:
 - requireauditsforallkindsexceptembedded: 
Missing audit rules: All non-embedded models should include data quality audits.


 - requiregrainforallmodels: 
All models must define a grain for data quality assurance.
 (console.py:2352)
2025-12-03 04:59:42,848 - MainThread - vulcan.core.console - WARNING - Linter warnings for /workspace/models/staging/dim_customer.sql:
 - requireauditsforallkindsexceptembedded: 
Missing audit rules: All non-embedded models should include data quality audits.


 - requiregrainforallmodels: 
All models must define a grain for data quality assurance.
 (console.py:2352)
2025-12-03 04:59:42,848 - MainThread - vulcan.core.console - WARNING - Linter warnings for /workspace/models/incremental_by_partition.sql:
 - requiregrainforallmodels: 
All models must define a grain for data quality assurance.
 (console.py:2352)
2025-12-03 04:59:42,849 - MainThread - vulcan.core.console - WARNING - Linter warnings for /workspace/models/staging/fct_daily_sales__by_region.sql:
 - requireauditsforallkindsexceptembedded: 
Missing audit rules: All non-embedded models should include data quality audits.


 - requirechecksformodels: 
Models should have data quality checks defined.
Consider adding checks for:
 • Completeness
 • Validity
 • Uniqueness
 • Other relevant quality constraints

 - requiregrainforallmodels: 
All models must define a grain for data quality assurance.
 (console.py:2352)
2025-12-03 04:59:42,849 - MainThread - vulcan.core.console - WARNING - Linter warnings for /workspace/models/staging/fct_daily_sales__by_region.sql:
 - requireauditsforallkindsexceptembedded: 
Missing audit rules: All non-embedded models should include data quality audits.


 - requirechecksformodels: 
Models should have data quality checks defined.
Consider adding checks for:
 • Completeness
 • Validity
 • Uniqueness
 • Other relevant quality constraints

 - requiregrainforallmodels: 
All models must define a grain for data quality assurance.
 (console.py:2352)
2025-12-03 04:59:42,850 - MainThread - vulcan.core.console - WARNING - Linter warnings for /workspace/models/staging/fct_daily_sales__by_region.sql:
 - requireauditsforallkindsexceptembedded: 
Missing audit rules: All non-embedded models should include data quality audits.


 - requirechecksformodels: 
Models should have data quality checks defined.
Consider adding checks for:
 • Completeness
 • Validity
 • Uniqueness
 • Other relevant quality constraints

 - requiregrainforallmodels: 
All models must define a grain for data quality assurance.
 (console.py:2352)
2025-12-03 04:59:42,851 - MainThread - vulcan.core.console - WARNING - Linter warnings for /workspace/models/staging/fct_daily_sales__by_region.sql:
 - requireauditsforallkindsexceptembedded: 
Missing audit rules: All non-embedded models should include data quality audits.


 - requirechecksformodels: 
Models should have data quality checks defined.
Consider adding checks for:
 • Completeness
 • Validity
 • Uniqueness
 • Other relevant quality constraints

 - requiregrainforallmodels: 
All models must define a grain for data quality assurance.
 (console.py:2352)
2025-12-03 04:59:42,852 - MainThread - vulcan.core.console - WARNING - Linter warnings for /workspace/models/staging/stg_customers.sql:
 - requireauditsforallkindsexceptembedded: 
Missing audit rules: All non-embedded models should include data quality audits.


 - requiregrainforallmodels: 
All models must define a grain for data quality assurance.
 (console.py:2352)
2025-12-03 04:59:42,852 - MainThread - vulcan.core.console - WARNING - Linter warnings for /workspace/models/staging/fct_daily_sales.sql:
 - requireauditsforallkindsexceptembedded: 
Missing audit rules: All non-embedded models should include data quality audits.


 - requiregrainforallmodels: 
All models must define a grain for data quality assurance.
 (console.py:2352)
2025-12-03 04:59:42,853 - MainThread - vulcan.core.console - WARNING - Linter warnings for /workspace/models/incremental_unmanaged.sql:
 - requirechecksformodels: 
Models should have data quality checks defined.
Consider adding checks for:
 • Completeness
 • Validity
 • Uniqueness
 • Other relevant quality constraints

 - requiregrainforallmodels: 
All models must define a grain for data quality assurance.
 (console.py:2352)
2025-12-03 04:59:42,853 - MainThread - vulcan.core.console - WARNING - Linter warnings for /workspace/external_models.yaml:
 - requireauditsforallkindsexceptembedded: 
Missing audit rules: All non-embedded models should include data quality audits.


 - requirechecksformodels: 
Models should have data quality checks defined.
Consider adding checks for:
 • Completeness
 • Validity
 • Uniqueness
 • Other relevant quality constraints

 - requiregrainforallmodels: 
All models must define a grain for data quality assurance.
 (console.py:2352)
2025-12-03 04:59:42,854 - MainThread - vulcan.core.console - WARNING - Linter warnings for /workspace/external_models.yaml:
 - requireauditsforallkindsexceptembedded: 
Missing audit rules: All non-embedded models should include data quality audits.


 - requirechecksformodels: 
Models should have data quality checks defined.
Consider adding checks for:
 • Completeness
 • Validity
 • Uniqueness
 • Other relevant quality constraints

 - requiregrainforallmodels: 
All models must define a grain for data quality assurance.
 (console.py:2352)
2025-12-03 04:59:42,855 - MainThread - vulcan.core.console - WARNING - Linter warnings for /workspace/external_models.yaml:
 - requireauditsforallkindsexceptembedded: 
Missing audit rules: All non-embedded models should include data quality audits.


 - requirechecksformodels: 
Models should have data quality checks defined.
Consider adding checks for:
 • Completeness
 • Validity
 • Uniqueness
 • Other relevant quality constraints

 - requiregrainforallmodels: 
All models must define a grain for data quality assurance.
 (console.py:2352)
2025-12-03 04:59:42,855 - MainThread - vulcan.core.console - WARNING - Linter warnings for /workspace/external_models.yaml:
 - requireauditsforallkindsexceptembedded: 
Missing audit rules: All non-embedded models should include data quality audits.


 - requirechecksformodels: 
Models should have data quality checks defined.
Consider adding checks for:
 • Completeness
 • Validity
 • Uniqueness
 • Other relevant quality constraints

 - requiregrainforallmodels: 
All models must define a grain for data quality assurance.
 (console.py:2352)
2025-12-03 04:59:42,856 - MainThread - vulcan.core.console - WARNING - Linter warnings for /workspace/external_models.yaml:
 - requireauditsforallkindsexceptembedded: 
Missing audit rules: All non-embedded models should include data quality audits.


 - requirechecksformodels: 
Models should have data quality checks defined.
Consider adding checks for:
 • Completeness
 • Validity
 • Uniqueness
 • Other relevant quality constraints

 - requiregrainforallmodels: 
All models must define a grain for data quality assurance.
 (console.py:2352)
2025-12-03 04:59:42,857 - MainThread - vulcan.core.console - WARNING - Linter warnings for /workspace/external_models.yaml:
 - requireauditsforallkindsexceptembedded: 
Missing audit rules: All non-embedded models should include data quality audits.


 - requirechecksformodels: 
Models should have data quality checks defined.
Consider adding checks for:
 • Completeness
 • Validity
 • Uniqueness
 • Other relevant quality constraints

 - requiregrainforallmodels: 
All models must define a grain for data quality assurance.
 (console.py:2352)
2025-12-03 04:59:42,858 - MainThread - vulcan.core.console - WARNING - Linter warnings for /workspace/external_models.yaml:
 - requireauditsforallkindsexceptembedded: 
Missing audit rules: All non-embedded models should include data quality audits.


 - requirechecksformodels: 
Models should have data quality checks defined.
Consider adding checks for:
 • Completeness
 • Validity
 • Uniqueness
 • Other relevant quality constraints

 - requiregrainforallmodels: 
All models must define a grain for data quality assurance.
 (console.py:2352)
2025-12-03 04:59:42,858 - MainThread - vulcan.core.console - WARNING - Linter warnings for /workspace/external_models.yaml:
 - requireauditsforallkindsexceptembedded: 
Missing audit rules: All non-embedded models should include data quality audits.


 - requirechecksformodels: 
Models should have data quality checks defined.
Consider adding checks for:
 • Completeness
 • Validity
 • Uniqueness
 • Other relevant quality constraints

 - requiregrainforallmodels: 
All models must define a grain for data quality assurance.
 (console.py:2352)
2025-12-03 04:59:42,859 - MainThread - vulcan.core.console - WARNING - Linter warnings for /workspace/external_models.yaml:
 - requireauditsforallkindsexceptembedded: 
Missing audit rules: All non-embedded models should include data quality audits.


 - requirechecksformodels: 
Models should have data quality checks defined.
Consider adding checks for:
 • Completeness
 • Validity
 • Uniqueness
 • Other relevant quality constraints

 - requiregrainforallmodels: 
All models must define a grain for data quality assurance.
 (console.py:2352)
2025-12-03 04:59:42,860 - MainThread - vulcan.core.console - WARNING - Linter warnings for /workspace/models/python_models/scd_type2_by_time.py:
 - requireauditsforallkindsexceptembedded: 
Missing audit rules: All non-embedded models should include data quality audits.


 - requirechecksformodels: 
Models should have data quality checks defined.
Consider adding checks for:
 • Completeness
 • Validity
 • Uniqueness
 • Other relevant quality constraints

 - requiregrainforallmodels: 
All models must define a grain for data quality assurance.
 (console.py:2352)
2025-12-03 04:59:42,861 - MainThread - vulcan.core.console - WARNING - Linter warnings for /workspace/models/python_models/full_model.py:
 - requireauditsforallkindsexceptembedded: 
Missing audit rules: All non-embedded models should include data quality audits.


 - requirechecksformodels: 
Models should have data quality checks defined.
Consider adding checks for:
 • Completeness
 • Validity
 • Uniqueness
 • Other relevant quality constraints

 - requiregrainforallmodels: 
All models must define a grain for data quality assurance.
 (console.py:2352)
2025-12-03 04:59:42,861 - MainThread - vulcan.core.console - WARNING - Linter warnings for /workspace/models/python_models/incremental_by_unique_key.py:
 - requireauditsforallkindsexceptembedded: 
Missing audit rules: All non-embedded models should include data quality audits.


 - requirechecksformodels: 
Models should have data quality checks defined.
Consider adding checks for:
 • Completeness
 • Validity
 • Uniqueness
 • Other relevant quality constraints

 - requiregrainforallmodels: 
All models must define a grain for data quality assurance.
 (console.py:2352)
2025-12-03 04:59:42,862 - MainThread - vulcan.core.console - WARNING - Linter warnings for /workspace/models/python_models/incremental_by_partition.py:
 - requireauditsforallkindsexceptembedded: 
Missing audit rules: All non-embedded models should include data quality audits.


 - requirechecksformodels: 
Models should have data quality checks defined.
Consider adding checks for:
 • Completeness
 • Validity
 • Uniqueness
 • Other relevant quality constraints

 - requiregrainforallmodels: 
All models must define a grain for data quality assurance.
 (console.py:2352)
2025-12-03 04:59:42,863 - MainThread - vulcan.core.console - WARNING - Linter warnings for /workspace/models/python_models/scd_type2_by_column.py:
 - requireauditsforallkindsexceptembedded: 
Missing audit rules: All non-embedded models should include data quality audits.


 - requirechecksformodels: 
Models should have data quality checks defined.
Consider adding checks for:
 • Completeness
 • Validity
 • Uniqueness
 • Other relevant quality constraints

 - requiregrainforallmodels: 
All models must define a grain for data quality assurance.
 (console.py:2352)
2025-12-03 04:59:42,881 - MainThread - vulcan.core.config.connection - INFO - Creating new DuckDB adapter for in-memory database (connection.py:502)
2025-12-03 04:59:42,909 - MainThread - vulcan.core.config.connection - INFO - Creating new DuckDB adapter for in-memory database (connection.py:502)
2025-12-03 04:59:42,909 - MainThread - vulcan.core.config.connection - INFO - Creating new DuckDB adapter for in-memory database (connection.py:502)
2025-12-03 04:59:42,909 - ThreadPoolExecutor-1_0 - vulcan.core.console - WARNING - Model '"warehouse"."vulcan_demo"."incremental_by_partition"' was not found at /workspace/tests/test_incremental_by_partition.yaml (console.py:2352)
2025-12-03 04:59:43,400 - MainThread - root - INFO - Shutting down the event dispatcher (dispatcher.py:231)
