2025-12-03 07:47:54,699 - MainThread - vulcan.core.state_sync.db.migrator - INFO - Applying migration <module 'vulcan.migrations.v0000_baseline' from '/opt/venv/lib/python3.10/site-packages/vulcan/migrations/v0000_baseline.py'> (migrator.py:204)
2025-12-03 07:47:54,714 - MainThread - vulcan.core.state_sync.db.migrator - INFO - Applying migration <module 'vulcan.migrations.v0001_activity_tables' from '/opt/venv/lib/python3.10/site-packages/vulcan/migrations/v0001_activity_tables.py'> (migrator.py:204)
2025-12-03 07:47:54,734 - MainThread - vulcan.core.state_sync.db.migrator - INFO - Applying migration <module 'vulcan.migrations.v0002_add_check_tables' from '/opt/venv/lib/python3.10/site-packages/vulcan/migrations/v0002_add_check_tables.py'> (migrator.py:204)
2025-12-03 07:47:54,768 - MainThread - vulcan.core.state_sync.db.migrator - INFO - Applying migration <module 'vulcan.migrations.v0003_add_query_service_tables' from '/opt/venv/lib/python3.10/site-packages/vulcan/migrations/v0003_add_query_service_tables.py'> (migrator.py:204)
2025-12-03 07:47:54,786 - MainThread - vulcan.core.state_sync.db.migrator - INFO - Applying migration <module 'vulcan.migrations.v0061_mysql_fix_blob_text_type' from '/opt/venv/lib/python3.10/site-packages/vulcan/migrations/v0061_mysql_fix_blob_text_type.py'> (migrator.py:204)
2025-12-03 07:47:54,786 - MainThread - vulcan.core.state_sync.db.migrator - INFO - Applying migration <module 'vulcan.migrations.v0062_add_model_gateway' from '/opt/venv/lib/python3.10/site-packages/vulcan/migrations/v0062_add_model_gateway.py'> (migrator.py:204)
2025-12-03 07:47:54,786 - MainThread - vulcan.core.state_sync.db.migrator - INFO - Applying migration <module 'vulcan.migrations.v0063_change_signals' from '/opt/venv/lib/python3.10/site-packages/vulcan/migrations/v0063_change_signals.py'> (migrator.py:204)
2025-12-03 07:47:54,787 - MainThread - vulcan.core.state_sync.db.migrator - INFO - Applying migration <module 'vulcan.migrations.v0064_join_when_matched_strings' from '/opt/venv/lib/python3.10/site-packages/vulcan/migrations/v0064_join_when_matched_strings.py'> (migrator.py:204)
2025-12-03 07:47:54,787 - MainThread - vulcan.core.state_sync.db.migrator - INFO - Applying migration <module 'vulcan.migrations.v0065_add_model_optimize' from '/opt/venv/lib/python3.10/site-packages/vulcan/migrations/v0065_add_model_optimize.py'> (migrator.py:204)
2025-12-03 07:47:54,787 - MainThread - vulcan.core.state_sync.db.migrator - INFO - Applying migration <module 'vulcan.migrations.v0066_add_auto_restatements' from '/opt/venv/lib/python3.10/site-packages/vulcan/migrations/v0066_add_auto_restatements.py'> (migrator.py:204)
2025-12-03 07:47:54,789 - MainThread - vulcan.core.state_sync.db.migrator - INFO - Applying migration <module 'vulcan.migrations.v0067_add_tsql_date_full_precision' from '/opt/venv/lib/python3.10/site-packages/vulcan/migrations/v0067_add_tsql_date_full_precision.py'> (migrator.py:204)
2025-12-03 07:47:54,789 - MainThread - vulcan.core.state_sync.db.migrator - INFO - Applying migration <module 'vulcan.migrations.v0068_include_unrendered_query_in_metadata_hash' from '/opt/venv/lib/python3.10/site-packages/vulcan/migrations/v0068_include_unrendered_query_in_metadata_hash.py'> (migrator.py:204)
2025-12-03 07:47:54,789 - MainThread - vulcan.core.state_sync.db.migrator - INFO - Applying migration <module 'vulcan.migrations.v0069_update_dev_table_suffix' from '/opt/venv/lib/python3.10/site-packages/vulcan/migrations/v0069_update_dev_table_suffix.py'> (migrator.py:204)
2025-12-03 07:47:54,789 - MainThread - vulcan.core.state_sync.db.migrator - INFO - Applying migration <module 'vulcan.migrations.v0070_include_grains_in_metadata_hash' from '/opt/venv/lib/python3.10/site-packages/vulcan/migrations/v0070_include_grains_in_metadata_hash.py'> (migrator.py:204)
2025-12-03 07:47:54,789 - MainThread - vulcan.core.state_sync.db.migrator - INFO - Applying migration <module 'vulcan.migrations.v0071_add_dev_version_to_intervals' from '/opt/venv/lib/python3.10/site-packages/vulcan/migrations/v0071_add_dev_version_to_intervals.py'> (migrator.py:204)
2025-12-03 07:47:54,789 - MainThread - vulcan.core.state_sync.db.migrator - INFO - Applying migration <module 'vulcan.migrations.v0072_add_environment_statements' from '/opt/venv/lib/python3.10/site-packages/vulcan/migrations/v0072_add_environment_statements.py'> (migrator.py:204)
2025-12-03 07:47:54,791 - MainThread - vulcan.core.state_sync.db.migrator - INFO - Applying migration <module 'vulcan.migrations.v0073_remove_symbolic_disable_restatement' from '/opt/venv/lib/python3.10/site-packages/vulcan/migrations/v0073_remove_symbolic_disable_restatement.py'> (migrator.py:204)
2025-12-03 07:47:54,791 - MainThread - vulcan.core.state_sync.db.migrator - INFO - Applying migration <module 'vulcan.migrations.v0074_add_partition_by_time_column_property' from '/opt/venv/lib/python3.10/site-packages/vulcan/migrations/v0074_add_partition_by_time_column_property.py'> (migrator.py:204)
2025-12-03 07:47:54,791 - MainThread - vulcan.core.state_sync.db.migrator - INFO - Applying migration <module 'vulcan.migrations.v0075_remove_validate_query' from '/opt/venv/lib/python3.10/site-packages/vulcan/migrations/v0075_remove_validate_query.py'> (migrator.py:204)
2025-12-03 07:47:54,791 - MainThread - vulcan.core.state_sync.db.migrator - INFO - Applying migration <module 'vulcan.migrations.v0076_add_cron_tz' from '/opt/venv/lib/python3.10/site-packages/vulcan/migrations/v0076_add_cron_tz.py'> (migrator.py:204)
2025-12-03 07:47:54,791 - MainThread - vulcan.core.state_sync.db.migrator - INFO - Applying migration <module 'vulcan.migrations.v0077_fix_column_type_hash_calculation' from '/opt/venv/lib/python3.10/site-packages/vulcan/migrations/v0077_fix_column_type_hash_calculation.py'> (migrator.py:204)
2025-12-03 07:47:54,791 - MainThread - vulcan.core.state_sync.db.migrator - INFO - Applying migration <module 'vulcan.migrations.v0078_warn_if_non_migratable_python_env' from '/opt/venv/lib/python3.10/site-packages/vulcan/migrations/v0078_warn_if_non_migratable_python_env.py'> (migrator.py:204)
2025-12-03 07:47:54,791 - MainThread - vulcan.core.state_sync.db.migrator - INFO - Applying migration <module 'vulcan.migrations.v0079_add_gateway_managed_property' from '/opt/venv/lib/python3.10/site-packages/vulcan/migrations/v0079_add_gateway_managed_property.py'> (migrator.py:204)
2025-12-03 07:47:54,792 - MainThread - vulcan.core.state_sync.db.migrator - INFO - Applying migration <module 'vulcan.migrations.v0080_add_batch_size_to_scd_type_2_models' from '/opt/venv/lib/python3.10/site-packages/vulcan/migrations/v0080_add_batch_size_to_scd_type_2_models.py'> (migrator.py:204)
2025-12-03 07:47:54,792 - MainThread - vulcan.core.state_sync.db.migrator - INFO - Applying migration <module 'vulcan.migrations.v0081_update_partitioned_by' from '/opt/venv/lib/python3.10/site-packages/vulcan/migrations/v0081_update_partitioned_by.py'> (migrator.py:204)
2025-12-03 07:47:54,792 - MainThread - vulcan.core.state_sync.db.migrator - INFO - Applying migration <module 'vulcan.migrations.v0082_warn_if_incorrectly_duplicated_statements' from '/opt/venv/lib/python3.10/site-packages/vulcan/migrations/v0082_warn_if_incorrectly_duplicated_statements.py'> (migrator.py:204)
2025-12-03 07:47:54,792 - MainThread - vulcan.core.state_sync.db.migrator - INFO - Applying migration <module 'vulcan.migrations.v0083_use_sql_for_scd_time_data_type_data_hash' from '/opt/venv/lib/python3.10/site-packages/vulcan/migrations/v0083_use_sql_for_scd_time_data_type_data_hash.py'> (migrator.py:204)
2025-12-03 07:47:54,792 - MainThread - vulcan.core.state_sync.db.migrator - INFO - Applying migration <module 'vulcan.migrations.v0084_normalize_quote_when_matched_and_merge_filter' from '/opt/venv/lib/python3.10/site-packages/vulcan/migrations/v0084_normalize_quote_when_matched_and_merge_filter.py'> (migrator.py:204)
2025-12-03 07:47:54,792 - MainThread - vulcan.core.state_sync.db.migrator - INFO - Applying migration <module 'vulcan.migrations.v0085_deterministic_repr' from '/opt/venv/lib/python3.10/site-packages/vulcan/migrations/v0085_deterministic_repr.py'> (migrator.py:204)
2025-12-03 07:47:54,792 - MainThread - vulcan.core.state_sync.db.migrator - INFO - Applying migration <module 'vulcan.migrations.v0086_check_deterministic_bug' from '/opt/venv/lib/python3.10/site-packages/vulcan/migrations/v0086_check_deterministic_bug.py'> (migrator.py:204)
2025-12-03 07:47:54,792 - MainThread - vulcan.core.state_sync.db.migrator - INFO - Applying migration <module 'vulcan.migrations.v0087_normalize_blueprint_variables' from '/opt/venv/lib/python3.10/site-packages/vulcan/migrations/v0087_normalize_blueprint_variables.py'> (migrator.py:204)
2025-12-03 07:47:54,792 - MainThread - vulcan.core.state_sync.db.migrator - INFO - Applying migration <module 'vulcan.migrations.v0088_warn_about_variable_python_env_diffs' from '/opt/venv/lib/python3.10/site-packages/vulcan/migrations/v0088_warn_about_variable_python_env_diffs.py'> (migrator.py:204)
2025-12-03 07:47:54,792 - MainThread - vulcan.core.state_sync.db.migrator - INFO - Applying migration <module 'vulcan.migrations.v0089_add_virtual_environment_mode' from '/opt/venv/lib/python3.10/site-packages/vulcan/migrations/v0089_add_virtual_environment_mode.py'> (migrator.py:204)
2025-12-03 07:47:54,792 - MainThread - vulcan.core.state_sync.db.migrator - INFO - Applying migration <module 'vulcan.migrations.v0090_add_forward_only_column' from '/opt/venv/lib/python3.10/site-packages/vulcan/migrations/v0090_add_forward_only_column.py'> (migrator.py:204)
2025-12-03 07:47:54,792 - MainThread - vulcan.core.state_sync.db.migrator - INFO - Applying migration <module 'vulcan.migrations.v0091_on_additive_change' from '/opt/venv/lib/python3.10/site-packages/vulcan/migrations/v0091_on_additive_change.py'> (migrator.py:204)
2025-12-03 07:47:54,792 - MainThread - vulcan.core.state_sync.db.migrator - INFO - Applying migration <module 'vulcan.migrations.v0092_warn_about_dbt_data_type_diff' from '/opt/venv/lib/python3.10/site-packages/vulcan/migrations/v0092_warn_about_dbt_data_type_diff.py'> (migrator.py:204)
2025-12-03 07:47:54,792 - MainThread - vulcan.core.state_sync.db.migrator - INFO - Applying migration <module 'vulcan.migrations.v0093_use_raw_sql_in_fingerprint' from '/opt/venv/lib/python3.10/site-packages/vulcan/migrations/v0093_use_raw_sql_in_fingerprint.py'> (migrator.py:204)
2025-12-03 07:47:54,793 - MainThread - vulcan.core.state_sync.db.migrator - INFO - Applying migration <module 'vulcan.migrations.v0094_add_dev_version_and_fingerprint_columns' from '/opt/venv/lib/python3.10/site-packages/vulcan/migrations/v0094_add_dev_version_and_fingerprint_columns.py'> (migrator.py:204)
2025-12-03 07:47:54,793 - MainThread - vulcan.core.state_sync.db.migrator - INFO - Applying migration <module 'vulcan.migrations.v0095_warn_about_dbt_raw_sql_diff' from '/opt/venv/lib/python3.10/site-packages/vulcan/migrations/v0095_warn_about_dbt_raw_sql_diff.py'> (migrator.py:204)
2025-12-03 07:47:54,793 - MainThread - vulcan.core.state_sync.db.migrator - INFO - Applying migration <module 'vulcan.migrations.v0096_remove_plan_dags_table' from '/opt/venv/lib/python3.10/site-packages/vulcan/migrations/v0096_remove_plan_dags_table.py'> (migrator.py:204)
2025-12-03 07:47:54,793 - MainThread - vulcan.core.state_sync.db.migrator - INFO - Applying migration <module 'vulcan.migrations.v0097_add_dbt_name_in_node' from '/opt/venv/lib/python3.10/site-packages/vulcan/migrations/v0097_add_dbt_name_in_node.py'> (migrator.py:204)
2025-12-03 07:47:54,793 - MainThread - vulcan.core.state_sync.db.migrator - INFO - Applying migration <module 'vulcan.migrations.v0098_add_dbt_node_info_in_node' from '/opt/venv/lib/python3.10/site-packages/vulcan/migrations/v0098_add_dbt_node_info_in_node.py'> (migrator.py:204)
2025-12-03 07:47:54,793 - MainThread - vulcan.core.state_sync.db.migrator - INFO - Applying migration <module 'vulcan.migrations.v0099_add_last_altered_to_intervals' from '/opt/venv/lib/python3.10/site-packages/vulcan/migrations/v0099_add_last_altered_to_intervals.py'> (migrator.py:204)
2025-12-03 07:47:54,794 - MainThread - vulcan.core.state_sync.db.migrator - INFO - Applying migration <module 'vulcan.migrations.v0100_add_grants_and_grants_target_layer' from '/opt/venv/lib/python3.10/site-packages/vulcan/migrations/v0100_add_grants_and_grants_target_layer.py'> (migrator.py:204)
2025-12-03 07:47:54,794 - MainThread - vulcan.core.state_sync.db.migrator - INFO - Fetching environments (migrator.py:226)
2025-12-03 07:47:54,795 - MainThread - vulcan.core.state_sync.db.migrator - INFO - Migrating snapshot rows... (migrator.py:243)
2025-12-03 07:47:54,795 - MainThread - vulcan.core.state_sync.db.migrator - INFO - No changes to snapshots detected (migrator.py:236)
2025-12-03 07:47:55,128 - MainThread - vulcan.core.console - WARNING - Linter warnings for /workspace/models/incremental_unmanaged.sql:
 - requirechecksformodels: 
Models should have data quality checks defined.
Consider adding checks for:
 • Completeness
 • Validity
 • Uniqueness
 • Other relevant quality constraints

 - requiregrainforallmodels: 
All models must define a grain for data quality assurance.
 (console.py:2352)
2025-12-03 07:47:55,129 - MainThread - vulcan.core.console - WARNING - Linter warnings for /workspace/models/staging/dim_customer.sql:
 - requireauditsforallkindsexceptembedded: 
Missing audit rules: All non-embedded models should include data quality audits.


 - requiregrainforallmodels: 
All models must define a grain for data quality assurance.
 (console.py:2352)
2025-12-03 07:47:55,129 - MainThread - vulcan.core.console - WARNING - Linter warnings for /workspace/models/incremental_model.sql:
 - requirechecksformodels: 
Models should have data quality checks defined.
Consider adding checks for:
 • Completeness
 • Validity
 • Uniqueness
 • Other relevant quality constraints

 - requiregrainforallmodels: 
All models must define a grain for data quality assurance.
 (console.py:2352)
2025-12-03 07:47:55,130 - MainThread - vulcan.core.console - WARNING - Linter warnings for /workspace/models/staging/stg_order_lines.sql:
 - requireauditsforallkindsexceptembedded: 
Missing audit rules: All non-embedded models should include data quality audits.


 - requiregrainforallmodels: 
All models must define a grain for data quality assurance.
 (console.py:2352)
2025-12-03 07:47:55,130 - MainThread - vulcan.core.console - WARNING - Linter warnings for /workspace/models/full_model.sql:
 - requiregrainforallmodels: 
All models must define a grain for data quality assurance.
 (console.py:2352)
2025-12-03 07:47:55,131 - MainThread - vulcan.core.console - WARNING - Linter warnings for /workspace/models/incremental_by_time_range.sql:
 - requirechecksformodels: 
Models should have data quality checks defined.
Consider adding checks for:
 • Completeness
 • Validity
 • Uniqueness
 • Other relevant quality constraints

 - requiregrainforallmodels: 
All models must define a grain for data quality assurance.
 (console.py:2352)
2025-12-03 07:47:55,132 - MainThread - vulcan.core.console - WARNING - Linter warnings for /workspace/models/incremental_by_unique_key.sql:
 - requiregrainforallmodels: 
All models must define a grain for data quality assurance.
 (console.py:2352)
2025-12-03 07:47:55,132 - MainThread - vulcan.core.console - WARNING - Linter warnings for /workspace/models/staging/stg_customers.sql:
 - requireauditsforallkindsexceptembedded: 
Missing audit rules: All non-embedded models should include data quality audits.


 - requiregrainforallmodels: 
All models must define a grain for data quality assurance.
 (console.py:2352)
2025-12-03 07:47:55,133 - MainThread - vulcan.core.console - WARNING - Linter warnings for /workspace/models/scd_type2_by_time.sql:
 - requirechecksformodels: 
Models should have data quality checks defined.
Consider adding checks for:
 • Completeness
 • Validity
 • Uniqueness
 • Other relevant quality constraints

 - requiregrainforallmodels: 
All models must define a grain for data quality assurance.
 (console.py:2352)
2025-12-03 07:47:55,133 - MainThread - vulcan.core.console - WARNING - Linter warnings for /workspace/models/seed_model.sql:
 - requirechecksformodels: 
Models should have data quality checks defined.
Consider adding checks for:
 • Completeness
 • Validity
 • Uniqueness
 • Other relevant quality constraints

 - requiregrainforallmodels: 
All models must define a grain for data quality assurance.
 (console.py:2352)
2025-12-03 07:47:55,134 - MainThread - vulcan.core.console - WARNING - Linter warnings for /workspace/models/staging/fct_daily_sales__by_region.sql:
 - requireauditsforallkindsexceptembedded: 
Missing audit rules: All non-embedded models should include data quality audits.


 - requirechecksformodels: 
Models should have data quality checks defined.
Consider adding checks for:
 • Completeness
 • Validity
 • Uniqueness
 • Other relevant quality constraints

 - requiregrainforallmodels: 
All models must define a grain for data quality assurance.
 (console.py:2352)
2025-12-03 07:47:55,135 - MainThread - vulcan.core.console - WARNING - Linter warnings for /workspace/models/staging/fct_daily_sales__by_region.sql:
 - requireauditsforallkindsexceptembedded: 
Missing audit rules: All non-embedded models should include data quality audits.


 - requirechecksformodels: 
Models should have data quality checks defined.
Consider adding checks for:
 • Completeness
 • Validity
 • Uniqueness
 • Other relevant quality constraints

 - requiregrainforallmodels: 
All models must define a grain for data quality assurance.
 (console.py:2352)
2025-12-03 07:47:55,135 - MainThread - vulcan.core.console - WARNING - Linter warnings for /workspace/models/staging/fct_daily_sales__by_region.sql:
 - requireauditsforallkindsexceptembedded: 
Missing audit rules: All non-embedded models should include data quality audits.


 - requirechecksformodels: 
Models should have data quality checks defined.
Consider adding checks for:
 • Completeness
 • Validity
 • Uniqueness
 • Other relevant quality constraints

 - requiregrainforallmodels: 
All models must define a grain for data quality assurance.
 (console.py:2352)
2025-12-03 07:47:55,136 - MainThread - vulcan.core.console - WARNING - Linter warnings for /workspace/models/staging/fct_daily_sales__by_region.sql:
 - requireauditsforallkindsexceptembedded: 
Missing audit rules: All non-embedded models should include data quality audits.


 - requirechecksformodels: 
Models should have data quality checks defined.
Consider adding checks for:
 • Completeness
 • Validity
 • Uniqueness
 • Other relevant quality constraints

 - requiregrainforallmodels: 
All models must define a grain for data quality assurance.
 (console.py:2352)
2025-12-03 07:47:55,137 - MainThread - vulcan.core.console - WARNING - Linter warnings for /workspace/models/scd_type2_by_column.sql:
 - requiregrainforallmodels: 
All models must define a grain for data quality assurance.
 (console.py:2352)
2025-12-03 07:47:55,137 - MainThread - vulcan.core.console - WARNING - Linter warnings for /workspace/models/incremental_by_partition.sql:
 - requiregrainforallmodels: 
All models must define a grain for data quality assurance.
 (console.py:2352)
2025-12-03 07:47:55,138 - MainThread - vulcan.core.console - WARNING - Linter warnings for /workspace/models/staging/stg_products.sql:
 - requireauditsforallkindsexceptembedded: 
Missing audit rules: All non-embedded models should include data quality audits.


 - requiregrainforallmodels: 
All models must define a grain for data quality assurance.
 (console.py:2352)
2025-12-03 07:47:55,138 - MainThread - vulcan.core.console - WARNING - Linter warnings for /workspace/models/staging/fct_daily_sales.sql:
 - requireauditsforallkindsexceptembedded: 
Missing audit rules: All non-embedded models should include data quality audits.


 - requiregrainforallmodels: 
All models must define a grain for data quality assurance.
 (console.py:2352)
2025-12-03 07:47:55,139 - MainThread - vulcan.core.console - WARNING - Linter warnings for /workspace/models/view_model.sql:
 - requirechecksformodels: 
Models should have data quality checks defined.
Consider adding checks for:
 • Completeness
 • Validity
 • Uniqueness
 • Other relevant quality constraints

 - requiregrainforallmodels: 
All models must define a grain for data quality assurance.
 (console.py:2352)
2025-12-03 07:47:55,139 - MainThread - vulcan.core.console - WARNING - Linter warnings for /workspace/external_models.yaml:
 - requireauditsforallkindsexceptembedded: 
Missing audit rules: All non-embedded models should include data quality audits.


 - requirechecksformodels: 
Models should have data quality checks defined.
Consider adding checks for:
 • Completeness
 • Validity
 • Uniqueness
 • Other relevant quality constraints

 - requiregrainforallmodels: 
All models must define a grain for data quality assurance.
 (console.py:2352)
2025-12-03 07:47:55,140 - MainThread - vulcan.core.console - WARNING - Linter warnings for /workspace/external_models.yaml:
 - requireauditsforallkindsexceptembedded: 
Missing audit rules: All non-embedded models should include data quality audits.


 - requirechecksformodels: 
Models should have data quality checks defined.
Consider adding checks for:
 • Completeness
 • Validity
 • Uniqueness
 • Other relevant quality constraints

 - requiregrainforallmodels: 
All models must define a grain for data quality assurance.
 (console.py:2352)
2025-12-03 07:47:55,141 - MainThread - vulcan.core.console - WARNING - Linter warnings for /workspace/external_models.yaml:
 - requireauditsforallkindsexceptembedded: 
Missing audit rules: All non-embedded models should include data quality audits.


 - requirechecksformodels: 
Models should have data quality checks defined.
Consider adding checks for:
 • Completeness
 • Validity
 • Uniqueness
 • Other relevant quality constraints

 - requiregrainforallmodels: 
All models must define a grain for data quality assurance.
 (console.py:2352)
2025-12-03 07:47:55,141 - MainThread - vulcan.core.console - WARNING - Linter warnings for /workspace/external_models.yaml:
 - requireauditsforallkindsexceptembedded: 
Missing audit rules: All non-embedded models should include data quality audits.


 - requirechecksformodels: 
Models should have data quality checks defined.
Consider adding checks for:
 • Completeness
 • Validity
 • Uniqueness
 • Other relevant quality constraints

 - requiregrainforallmodels: 
All models must define a grain for data quality assurance.
 (console.py:2352)
2025-12-03 07:47:55,142 - MainThread - vulcan.core.console - WARNING - Linter warnings for /workspace/external_models.yaml:
 - requireauditsforallkindsexceptembedded: 
Missing audit rules: All non-embedded models should include data quality audits.


 - requirechecksformodels: 
Models should have data quality checks defined.
Consider adding checks for:
 • Completeness
 • Validity
 • Uniqueness
 • Other relevant quality constraints

 - requiregrainforallmodels: 
All models must define a grain for data quality assurance.
 (console.py:2352)
2025-12-03 07:47:55,143 - MainThread - vulcan.core.console - WARNING - Linter warnings for /workspace/external_models.yaml:
 - requireauditsforallkindsexceptembedded: 
Missing audit rules: All non-embedded models should include data quality audits.


 - requirechecksformodels: 
Models should have data quality checks defined.
Consider adding checks for:
 • Completeness
 • Validity
 • Uniqueness
 • Other relevant quality constraints

 - requiregrainforallmodels: 
All models must define a grain for data quality assurance.
 (console.py:2352)
2025-12-03 07:47:55,143 - MainThread - vulcan.core.console - WARNING - Linter warnings for /workspace/external_models.yaml:
 - requireauditsforallkindsexceptembedded: 
Missing audit rules: All non-embedded models should include data quality audits.


 - requirechecksformodels: 
Models should have data quality checks defined.
Consider adding checks for:
 • Completeness
 • Validity
 • Uniqueness
 • Other relevant quality constraints

 - requiregrainforallmodels: 
All models must define a grain for data quality assurance.
 (console.py:2352)
2025-12-03 07:47:55,144 - MainThread - vulcan.core.console - WARNING - Linter warnings for /workspace/external_models.yaml:
 - requireauditsforallkindsexceptembedded: 
Missing audit rules: All non-embedded models should include data quality audits.


 - requirechecksformodels: 
Models should have data quality checks defined.
Consider adding checks for:
 • Completeness
 • Validity
 • Uniqueness
 • Other relevant quality constraints

 - requiregrainforallmodels: 
All models must define a grain for data quality assurance.
 (console.py:2352)
2025-12-03 07:47:55,145 - MainThread - vulcan.core.console - WARNING - Linter warnings for /workspace/external_models.yaml:
 - requireauditsforallkindsexceptembedded: 
Missing audit rules: All non-embedded models should include data quality audits.


 - requirechecksformodels: 
Models should have data quality checks defined.
Consider adding checks for:
 • Completeness
 • Validity
 • Uniqueness
 • Other relevant quality constraints

 - requiregrainforallmodels: 
All models must define a grain for data quality assurance.
 (console.py:2352)
2025-12-03 07:47:55,146 - MainThread - vulcan.core.console - WARNING - Linter warnings for /workspace/models/python_models/scd_type2_by_time.py:
 - requireauditsforallkindsexceptembedded: 
Missing audit rules: All non-embedded models should include data quality audits.


 - requirechecksformodels: 
Models should have data quality checks defined.
Consider adding checks for:
 • Completeness
 • Validity
 • Uniqueness
 • Other relevant quality constraints

 - requiregrainforallmodels: 
All models must define a grain for data quality assurance.
 (console.py:2352)
2025-12-03 07:47:55,146 - MainThread - vulcan.core.console - WARNING - Linter warnings for /workspace/models/python_models/full_model.py:
 - requireauditsforallkindsexceptembedded: 
Missing audit rules: All non-embedded models should include data quality audits.


 - requirechecksformodels: 
Models should have data quality checks defined.
Consider adding checks for:
 • Completeness
 • Validity
 • Uniqueness
 • Other relevant quality constraints

 - requiregrainforallmodels: 
All models must define a grain for data quality assurance.
 (console.py:2352)
2025-12-03 07:47:55,147 - MainThread - vulcan.core.console - WARNING - Linter warnings for /workspace/models/python_models/incremental_by_unique_key.py:
 - requireauditsforallkindsexceptembedded: 
Missing audit rules: All non-embedded models should include data quality audits.


 - requirechecksformodels: 
Models should have data quality checks defined.
Consider adding checks for:
 • Completeness
 • Validity
 • Uniqueness
 • Other relevant quality constraints

 - requiregrainforallmodels: 
All models must define a grain for data quality assurance.
 (console.py:2352)
2025-12-03 07:47:55,148 - MainThread - vulcan.core.console - WARNING - Linter warnings for /workspace/models/python_models/incremental_by_partition.py:
 - requireauditsforallkindsexceptembedded: 
Missing audit rules: All non-embedded models should include data quality audits.


 - requirechecksformodels: 
Models should have data quality checks defined.
Consider adding checks for:
 • Completeness
 • Validity
 • Uniqueness
 • Other relevant quality constraints

 - requiregrainforallmodels: 
All models must define a grain for data quality assurance.
 (console.py:2352)
2025-12-03 07:47:55,149 - MainThread - vulcan.core.console - WARNING - Linter warnings for /workspace/models/python_models/scd_type2_by_column.py:
 - requireauditsforallkindsexceptembedded: 
Missing audit rules: All non-embedded models should include data quality audits.


 - requirechecksformodels: 
Models should have data quality checks defined.
Consider adding checks for:
 • Completeness
 • Validity
 • Uniqueness
 • Other relevant quality constraints

 - requiregrainforallmodels: 
All models must define a grain for data quality assurance.
 (console.py:2352)
2025-12-03 07:47:55,164 - MainThread - vulcan.core.config.connection - INFO - Creating new DuckDB adapter for in-memory database (connection.py:502)
2025-12-03 07:47:55,199 - MainThread - vulcan.core.config.connection - INFO - Creating new DuckDB adapter for in-memory database (connection.py:502)
2025-12-03 07:47:55,199 - MainThread - vulcan.core.config.connection - INFO - Creating new DuckDB adapter for in-memory database (connection.py:502)
2025-12-03 07:47:55,199 - ThreadPoolExecutor-1_0 - vulcan.core.console - WARNING - Model '"warehouse"."vulcan_demo"."incremental_by_partition"' was not found at /workspace/tests/test_incremental_by_partition.yaml (console.py:2352)
2025-12-03 08:00:59,686 - MainThread - root - INFO - Shutting down the event dispatcher (dispatcher.py:231)
