2025-12-03 05:02:53,946 - MainThread - vulcan.core.console - WARNING - Linter warnings for /workspace/models/view_model.sql:
 - requirechecksformodels: 
Models should have data quality checks defined.
Consider adding checks for:
 • Completeness
 • Validity
 • Uniqueness
 • Other relevant quality constraints

 - requiregrainforallmodels: 
All models must define a grain for data quality assurance.
 (console.py:2352)
2025-12-03 05:02:53,948 - MainThread - vulcan.core.console - WARNING - Linter warnings for /workspace/models/incremental_by_partition.sql:
 - requiregrainforallmodels: 
All models must define a grain for data quality assurance.
 (console.py:2352)
2025-12-03 05:02:53,948 - MainThread - vulcan.core.console - WARNING - Linter warnings for /workspace/models/incremental_unmanaged.sql:
 - requirechecksformodels: 
Models should have data quality checks defined.
Consider adding checks for:
 • Completeness
 • Validity
 • Uniqueness
 • Other relevant quality constraints

 - requiregrainforallmodels: 
All models must define a grain for data quality assurance.
 (console.py:2352)
2025-12-03 05:02:53,949 - MainThread - vulcan.core.console - WARNING - Linter warnings for /workspace/models/scd_type2_by_column.sql:
 - requiregrainforallmodels: 
All models must define a grain for data quality assurance.
 (console.py:2352)
2025-12-03 05:02:53,950 - MainThread - vulcan.core.console - WARNING - Linter warnings for /workspace/models/incremental_by_unique_key.sql:
 - requiregrainforallmodels: 
All models must define a grain for data quality assurance.
 (console.py:2352)
2025-12-03 05:02:53,950 - MainThread - vulcan.core.console - WARNING - Linter warnings for /workspace/models/incremental_by_time_range.sql:
 - requirechecksformodels: 
Models should have data quality checks defined.
Consider adding checks for:
 • Completeness
 • Validity
 • Uniqueness
 • Other relevant quality constraints

 - requiregrainforallmodels: 
All models must define a grain for data quality assurance.
 (console.py:2352)
2025-12-03 05:02:53,951 - MainThread - vulcan.core.console - WARNING - Linter warnings for /workspace/models/full_model.sql:
 - requiregrainforallmodels: 
All models must define a grain for data quality assurance.
 (console.py:2352)
2025-12-03 05:02:53,951 - MainThread - vulcan.core.console - WARNING - Linter warnings for /workspace/models/incremental_model.sql:
 - requirechecksformodels: 
Models should have data quality checks defined.
Consider adding checks for:
 • Completeness
 • Validity
 • Uniqueness
 • Other relevant quality constraints

 - requiregrainforallmodels: 
All models must define a grain for data quality assurance.
 (console.py:2352)
2025-12-03 05:02:53,952 - MainThread - vulcan.core.console - WARNING - Linter warnings for /workspace/models/staging/stg_products.sql:
 - requireauditsforallkindsexceptembedded: 
Missing audit rules: All non-embedded models should include data quality audits.


 - requiregrainforallmodels: 
All models must define a grain for data quality assurance.
 (console.py:2352)
2025-12-03 05:02:53,952 - MainThread - vulcan.core.console - WARNING - Linter warnings for /workspace/models/staging/stg_customers.sql:
 - requireauditsforallkindsexceptembedded: 
Missing audit rules: All non-embedded models should include data quality audits.


 - requiregrainforallmodels: 
All models must define a grain for data quality assurance.
 (console.py:2352)
2025-12-03 05:02:53,953 - MainThread - vulcan.core.console - WARNING - Linter warnings for /workspace/models/staging/dim_customer.sql:
 - requireauditsforallkindsexceptembedded: 
Missing audit rules: All non-embedded models should include data quality audits.


 - requiregrainforallmodels: 
All models must define a grain for data quality assurance.
 (console.py:2352)
2025-12-03 05:02:53,953 - MainThread - vulcan.core.console - WARNING - Linter warnings for /workspace/models/staging/fct_daily_sales.sql:
 - requireauditsforallkindsexceptembedded: 
Missing audit rules: All non-embedded models should include data quality audits.


 - requiregrainforallmodels: 
All models must define a grain for data quality assurance.
 (console.py:2352)
2025-12-03 05:02:53,954 - MainThread - vulcan.core.console - WARNING - Linter warnings for /workspace/models/staging/stg_order_lines.sql:
 - requireauditsforallkindsexceptembedded: 
Missing audit rules: All non-embedded models should include data quality audits.


 - requiregrainforallmodels: 
All models must define a grain for data quality assurance.
 (console.py:2352)
2025-12-03 05:02:53,954 - MainThread - vulcan.core.console - WARNING - Linter warnings for /workspace/models/staging/fct_daily_sales__by_region.sql:
 - requireauditsforallkindsexceptembedded: 
Missing audit rules: All non-embedded models should include data quality audits.


 - requirechecksformodels: 
Models should have data quality checks defined.
Consider adding checks for:
 • Completeness
 • Validity
 • Uniqueness
 • Other relevant quality constraints

 - requiregrainforallmodels: 
All models must define a grain for data quality assurance.
 (console.py:2352)
2025-12-03 05:02:53,955 - MainThread - vulcan.core.console - WARNING - Linter warnings for /workspace/models/staging/fct_daily_sales__by_region.sql:
 - requireauditsforallkindsexceptembedded: 
Missing audit rules: All non-embedded models should include data quality audits.


 - requirechecksformodels: 
Models should have data quality checks defined.
Consider adding checks for:
 • Completeness
 • Validity
 • Uniqueness
 • Other relevant quality constraints

 - requiregrainforallmodels: 
All models must define a grain for data quality assurance.
 (console.py:2352)
2025-12-03 05:02:53,956 - MainThread - vulcan.core.console - WARNING - Linter warnings for /workspace/models/staging/fct_daily_sales__by_region.sql:
 - requireauditsforallkindsexceptembedded: 
Missing audit rules: All non-embedded models should include data quality audits.


 - requirechecksformodels: 
Models should have data quality checks defined.
Consider adding checks for:
 • Completeness
 • Validity
 • Uniqueness
 • Other relevant quality constraints

 - requiregrainforallmodels: 
All models must define a grain for data quality assurance.
 (console.py:2352)
2025-12-03 05:02:53,957 - MainThread - vulcan.core.console - WARNING - Linter warnings for /workspace/models/staging/fct_daily_sales__by_region.sql:
 - requireauditsforallkindsexceptembedded: 
Missing audit rules: All non-embedded models should include data quality audits.


 - requirechecksformodels: 
Models should have data quality checks defined.
Consider adding checks for:
 • Completeness
 • Validity
 • Uniqueness
 • Other relevant quality constraints

 - requiregrainforallmodels: 
All models must define a grain for data quality assurance.
 (console.py:2352)
2025-12-03 05:02:53,957 - MainThread - vulcan.core.console - WARNING - Linter warnings for /workspace/models/seed_model.sql:
 - requirechecksformodels: 
Models should have data quality checks defined.
Consider adding checks for:
 • Completeness
 • Validity
 • Uniqueness
 • Other relevant quality constraints

 - requiregrainforallmodels: 
All models must define a grain for data quality assurance.
 (console.py:2352)
2025-12-03 05:02:53,958 - MainThread - vulcan.core.console - WARNING - Linter warnings for /workspace/models/scd_type2_by_time.sql:
 - requirechecksformodels: 
Models should have data quality checks defined.
Consider adding checks for:
 • Completeness
 • Validity
 • Uniqueness
 • Other relevant quality constraints

 - requiregrainforallmodels: 
All models must define a grain for data quality assurance.
 (console.py:2352)
2025-12-03 05:02:53,959 - MainThread - vulcan.core.console - WARNING - Linter warnings for /workspace/external_models.yaml:
 - requireauditsforallkindsexceptembedded: 
Missing audit rules: All non-embedded models should include data quality audits.


 - requirechecksformodels: 
Models should have data quality checks defined.
Consider adding checks for:
 • Completeness
 • Validity
 • Uniqueness
 • Other relevant quality constraints

 - requiregrainforallmodels: 
All models must define a grain for data quality assurance.
 (console.py:2352)
2025-12-03 05:02:53,959 - MainThread - vulcan.core.console - WARNING - Linter warnings for /workspace/external_models.yaml:
 - requireauditsforallkindsexceptembedded: 
Missing audit rules: All non-embedded models should include data quality audits.


 - requirechecksformodels: 
Models should have data quality checks defined.
Consider adding checks for:
 • Completeness
 • Validity
 • Uniqueness
 • Other relevant quality constraints

 - requiregrainforallmodels: 
All models must define a grain for data quality assurance.
 (console.py:2352)
2025-12-03 05:02:53,960 - MainThread - vulcan.core.console - WARNING - Linter warnings for /workspace/external_models.yaml:
 - requireauditsforallkindsexceptembedded: 
Missing audit rules: All non-embedded models should include data quality audits.


 - requirechecksformodels: 
Models should have data quality checks defined.
Consider adding checks for:
 • Completeness
 • Validity
 • Uniqueness
 • Other relevant quality constraints

 - requiregrainforallmodels: 
All models must define a grain for data quality assurance.
 (console.py:2352)
2025-12-03 05:02:53,961 - MainThread - vulcan.core.console - WARNING - Linter warnings for /workspace/external_models.yaml:
 - requireauditsforallkindsexceptembedded: 
Missing audit rules: All non-embedded models should include data quality audits.


 - requirechecksformodels: 
Models should have data quality checks defined.
Consider adding checks for:
 • Completeness
 • Validity
 • Uniqueness
 • Other relevant quality constraints

 - requiregrainforallmodels: 
All models must define a grain for data quality assurance.
 (console.py:2352)
2025-12-03 05:02:53,961 - MainThread - vulcan.core.console - WARNING - Linter warnings for /workspace/external_models.yaml:
 - requireauditsforallkindsexceptembedded: 
Missing audit rules: All non-embedded models should include data quality audits.


 - requirechecksformodels: 
Models should have data quality checks defined.
Consider adding checks for:
 • Completeness
 • Validity
 • Uniqueness
 • Other relevant quality constraints

 - requiregrainforallmodels: 
All models must define a grain for data quality assurance.
 (console.py:2352)
2025-12-03 05:02:53,962 - MainThread - vulcan.core.console - WARNING - Linter warnings for /workspace/external_models.yaml:
 - requireauditsforallkindsexceptembedded: 
Missing audit rules: All non-embedded models should include data quality audits.


 - requirechecksformodels: 
Models should have data quality checks defined.
Consider adding checks for:
 • Completeness
 • Validity
 • Uniqueness
 • Other relevant quality constraints

 - requiregrainforallmodels: 
All models must define a grain for data quality assurance.
 (console.py:2352)
2025-12-03 05:02:53,963 - MainThread - vulcan.core.console - WARNING - Linter warnings for /workspace/external_models.yaml:
 - requireauditsforallkindsexceptembedded: 
Missing audit rules: All non-embedded models should include data quality audits.


 - requirechecksformodels: 
Models should have data quality checks defined.
Consider adding checks for:
 • Completeness
 • Validity
 • Uniqueness
 • Other relevant quality constraints

 - requiregrainforallmodels: 
All models must define a grain for data quality assurance.
 (console.py:2352)
2025-12-03 05:02:53,964 - MainThread - vulcan.core.console - WARNING - Linter warnings for /workspace/external_models.yaml:
 - requireauditsforallkindsexceptembedded: 
Missing audit rules: All non-embedded models should include data quality audits.


 - requirechecksformodels: 
Models should have data quality checks defined.
Consider adding checks for:
 • Completeness
 • Validity
 • Uniqueness
 • Other relevant quality constraints

 - requiregrainforallmodels: 
All models must define a grain for data quality assurance.
 (console.py:2352)
2025-12-03 05:02:53,964 - MainThread - vulcan.core.console - WARNING - Linter warnings for /workspace/external_models.yaml:
 - requireauditsforallkindsexceptembedded: 
Missing audit rules: All non-embedded models should include data quality audits.


 - requirechecksformodels: 
Models should have data quality checks defined.
Consider adding checks for:
 • Completeness
 • Validity
 • Uniqueness
 • Other relevant quality constraints

 - requiregrainforallmodels: 
All models must define a grain for data quality assurance.
 (console.py:2352)
2025-12-03 05:02:53,965 - MainThread - vulcan.core.console - WARNING - Linter warnings for /workspace/models/python_models/scd_type2_by_time.py:
 - requireauditsforallkindsexceptembedded: 
Missing audit rules: All non-embedded models should include data quality audits.


 - requirechecksformodels: 
Models should have data quality checks defined.
Consider adding checks for:
 • Completeness
 • Validity
 • Uniqueness
 • Other relevant quality constraints

 - requiregrainforallmodels: 
All models must define a grain for data quality assurance.
 (console.py:2352)
2025-12-03 05:02:53,966 - MainThread - vulcan.core.console - WARNING - Linter warnings for /workspace/models/python_models/full_model.py:
 - requireauditsforallkindsexceptembedded: 
Missing audit rules: All non-embedded models should include data quality audits.


 - requirechecksformodels: 
Models should have data quality checks defined.
Consider adding checks for:
 • Completeness
 • Validity
 • Uniqueness
 • Other relevant quality constraints

 - requiregrainforallmodels: 
All models must define a grain for data quality assurance.
 (console.py:2352)
2025-12-03 05:02:53,967 - MainThread - vulcan.core.console - WARNING - Linter warnings for /workspace/models/python_models/incremental_by_unique_key.py:
 - requireauditsforallkindsexceptembedded: 
Missing audit rules: All non-embedded models should include data quality audits.


 - requirechecksformodels: 
Models should have data quality checks defined.
Consider adding checks for:
 • Completeness
 • Validity
 • Uniqueness
 • Other relevant quality constraints

 - requiregrainforallmodels: 
All models must define a grain for data quality assurance.
 (console.py:2352)
2025-12-03 05:02:53,967 - MainThread - vulcan.core.console - WARNING - Linter warnings for /workspace/models/python_models/incremental_by_partition.py:
 - requireauditsforallkindsexceptembedded: 
Missing audit rules: All non-embedded models should include data quality audits.


 - requirechecksformodels: 
Models should have data quality checks defined.
Consider adding checks for:
 • Completeness
 • Validity
 • Uniqueness
 • Other relevant quality constraints

 - requiregrainforallmodels: 
All models must define a grain for data quality assurance.
 (console.py:2352)
2025-12-03 05:02:53,968 - MainThread - vulcan.core.console - WARNING - Linter warnings for /workspace/models/python_models/scd_type2_by_column.py:
 - requireauditsforallkindsexceptembedded: 
Missing audit rules: All non-embedded models should include data quality audits.


 - requirechecksformodels: 
Models should have data quality checks defined.
Consider adding checks for:
 • Completeness
 • Validity
 • Uniqueness
 • Other relevant quality constraints

 - requiregrainforallmodels: 
All models must define a grain for data quality assurance.
 (console.py:2352)
2025-12-03 05:02:53,981 - MainThread - vulcan.core.config.connection - INFO - Creating new DuckDB adapter for in-memory database (connection.py:502)
2025-12-03 05:02:53,996 - MainThread - vulcan.core.config.connection - INFO - Creating new DuckDB adapter for in-memory database (connection.py:502)
2025-12-03 05:02:53,996 - MainThread - vulcan.core.config.connection - INFO - Creating new DuckDB adapter for in-memory database (connection.py:502)
2025-12-03 05:02:53,997 - ThreadPoolExecutor-1_0 - vulcan.core.console - WARNING - Model '"warehouse"."vulcan_demo"."incremental_by_partition"' was not found at /workspace/tests/test_incremental_by_partition.yaml (console.py:2352)
2025-12-03 05:02:57,243 - MainThread - vulcan.core.plan.evaluator - INFO - Evaluating plan stage CreateSnapshotRecordsStage (evaluator.py:123)
2025-12-03 05:02:57,250 - MainThread - vulcan.core.plan.evaluator - INFO - Evaluating plan stage PhysicalLayerSchemaCreationStage (evaluator.py:123)
2025-12-03 05:02:57,254 - ThreadPoolExecutor-2_0 - vulcan.core.snapshot.evaluator - INFO - Creating schema 'warehouse.vulcan__vulcan_demo' (evaluator.py:1443)
2025-12-03 05:02:57,255 - ThreadPoolExecutor-2_1 - vulcan.core.snapshot.evaluator - INFO - Creating schema 'warehouse.vulcan__vulcan_example' (evaluator.py:1443)
2025-12-03 05:02:57,256 - ThreadPoolExecutor-2_0 - vulcan.core.engine_adapter.base - INFO - Executing SQL: /* VULCAN_PLAN: f0a65c7c90344bf7a9b730603c5d3b04 */ CREATE SCHEMA IF NOT EXISTS "vulcan__vulcan_demo" (base.py:2622)
2025-12-03 05:02:57,257 - ThreadPoolExecutor-2_1 - vulcan.core.engine_adapter.base - INFO - Executing SQL: /* VULCAN_PLAN: f0a65c7c90344bf7a9b730603c5d3b04 */ CREATE SCHEMA IF NOT EXISTS "vulcan__vulcan_example" (base.py:2622)
2025-12-03 05:02:57,258 - MainThread - vulcan.core.plan.evaluator - INFO - Evaluating plan stage PhysicalLayerUpdateStage (evaluator.py:123)
2025-12-03 05:02:57,262 - ThreadPoolExecutor-3_0 - vulcan.core.snapshot.evaluator - INFO - Listing data objects in schema warehouse.vulcan__vulcan_demo (evaluator.py:1610)
2025-12-03 05:02:57,263 - ThreadPoolExecutor-3_1 - vulcan.core.snapshot.evaluator - INFO - Listing data objects in schema warehouse.vulcan__vulcan_example (evaluator.py:1610)
2025-12-03 05:02:57,264 - ThreadPoolExecutor-3_0 - vulcan.core.engine_adapter.base - INFO - Executing SQL: /* VULCAN_PLAN: f0a65c7c90344bf7a9b730603c5d3b04 */ SELECT current_catalog (base.py:2622)
2025-12-03 05:02:57,265 - ThreadPoolExecutor-3_1 - vulcan.core.engine_adapter.base - INFO - Executing SQL: /* VULCAN_PLAN: f0a65c7c90344bf7a9b730603c5d3b04 */ SELECT current_catalog (base.py:2622)
2025-12-03 05:02:57,270 - MainThread - vulcan.core.plan.evaluator - INFO - Evaluating plan stage AuditOnlyRunStage (evaluator.py:123)
2025-12-03 05:02:57,273 - ThreadPoolExecutor-4_0 - vulcan.core.snapshot.evaluator - INFO - Listing data objects in schema warehouse.vulcan__vulcan_demo (evaluator.py:1610)
2025-12-03 05:02:57,275 - ThreadPoolExecutor-4_0 - vulcan.core.engine_adapter.base - INFO - Executing SQL: /* VULCAN_PLAN: f0a65c7c90344bf7a9b730603c5d3b04 */ SELECT current_catalog (base.py:2622)
2025-12-03 05:02:57,278 - ThreadPoolExecutor-5_0 - vulcan.core.snapshot.evaluator - INFO - Auditing snapshot SnapshotId<"warehouse"."vulcan_demo"."scd_type2_by_time": 3327800355> (evaluator.py:603)
2025-12-03 05:02:57,281 - ThreadPoolExecutor-5_0 - vulcan.core.engine_adapter.base - INFO - Executing SQL: /* VULCAN_PLAN: f0a65c7c90344bf7a9b730603c5d3b04 */ SELECT "attname" AS "column_name", "pg_catalog".format_type("atttypid", "atttypmod") AS "data_type" FROM "pg_catalog"."pg_attribute" JOIN "pg_catalog"."pg_class" ON "pg_class"."oid" = "attrelid" JOIN "pg_catalog"."pg_namespace" ON "pg_namespace"."oid" = "relnamespace" WHERE ("attnum" > 0 AND NOT "attisdropped" AND "relname" = 'vulcan_demo__scd_type2_by_time__324217294') AND "nspname" = 'vulcan__vulcan_demo' (base.py:2622)
2025-12-03 05:02:57,287 - ThreadPoolExecutor-5_0 - vulcan.core.engine_adapter.base - INFO - Executing SQL: /* VULCAN_PLAN: f0a65c7c90344bf7a9b730603c5d3b04 */ SELECT COUNT(*) FROM (SELECT * FROM "warehouse"."vulcan__vulcan_demo"."vulcan_demo__scd_type2_by_time__324217294" AS "vulcan_demo__scd_type2_by_time__324217294" WHERE ("dt" IS NULL OR "year" IS NULL OR "month" IS NULL OR "day_of_week" IS NULL) AND TRUE) AS "audit" (base.py:2622)
2025-12-03 05:02:57,288 - ThreadPoolExecutor-5_0 - vulcan.core.engine_adapter.base - INFO - Executing SQL: /* VULCAN_PLAN: f0a65c7c90344bf7a9b730603c5d3b04 */ SELECT "attname" AS "column_name", "pg_catalog".format_type("atttypid", "atttypmod") AS "data_type" FROM "pg_catalog"."pg_attribute" JOIN "pg_catalog"."pg_class" ON "pg_class"."oid" = "attrelid" JOIN "pg_catalog"."pg_namespace" ON "pg_namespace"."oid" = "relnamespace" WHERE ("attnum" > 0 AND NOT "attisdropped" AND "relname" = 'vulcan_demo__scd_type2_by_time__324217294') AND "nspname" = 'vulcan__vulcan_demo' (base.py:2622)
2025-12-03 05:02:57,291 - ThreadPoolExecutor-5_0 - vulcan.core.engine_adapter.base - INFO - Executing SQL: /* VULCAN_PLAN: f0a65c7c90344bf7a9b730603c5d3b04 */ SELECT COUNT(*) FROM (SELECT * FROM "warehouse"."vulcan__vulcan_demo"."vulcan_demo__scd_type2_by_time__324217294" AS "vulcan_demo__scd_type2_by_time__324217294" WHERE "day_of_week" = '' AND TRUE) AS "audit" (base.py:2622)
2025-12-03 05:02:57,293 - ThreadPoolExecutor-5_0 - vulcan.core.engine_adapter.base - INFO - Executing SQL: /* VULCAN_PLAN: f0a65c7c90344bf7a9b730603c5d3b04 */ SELECT "attname" AS "column_name", "pg_catalog".format_type("atttypid", "atttypmod") AS "data_type" FROM "pg_catalog"."pg_attribute" JOIN "pg_catalog"."pg_class" ON "pg_class"."oid" = "attrelid" JOIN "pg_catalog"."pg_namespace" ON "pg_namespace"."oid" = "relnamespace" WHERE ("attnum" > 0 AND NOT "attisdropped" AND "relname" = 'vulcan_demo__scd_type2_by_time__324217294') AND "nspname" = 'vulcan__vulcan_demo' (base.py:2622)
2025-12-03 05:02:57,299 - ThreadPoolExecutor-5_0 - vulcan.core.engine_adapter.base - INFO - Executing SQL: /* VULCAN_PLAN: f0a65c7c90344bf7a9b730603c5d3b04 */ SELECT COUNT(*) FROM (SELECT * FROM "warehouse"."vulcan__vulcan_demo"."vulcan_demo__scd_type2_by_time__324217294" AS "vulcan_demo__scd_type2_by_time__324217294" WHERE "total_transactions" < 0 AND TRUE) AS "audit" (base.py:2622)
2025-12-03 05:02:57,301 - ThreadPoolExecutor-5_0 - vulcan.core.engine_adapter.base - INFO - Executing SQL: /* VULCAN_PLAN: f0a65c7c90344bf7a9b730603c5d3b04 */ SELECT "attname" AS "column_name", "pg_catalog".format_type("atttypid", "atttypmod") AS "data_type" FROM "pg_catalog"."pg_attribute" JOIN "pg_catalog"."pg_class" ON "pg_class"."oid" = "attrelid" JOIN "pg_catalog"."pg_namespace" ON "pg_namespace"."oid" = "relnamespace" WHERE ("attnum" > 0 AND NOT "attisdropped" AND "relname" = 'vulcan_demo__scd_type2_by_time__324217294') AND "nspname" = 'vulcan__vulcan_demo' (base.py:2622)
2025-12-03 05:02:57,306 - ThreadPoolExecutor-5_0 - vulcan.core.engine_adapter.base - INFO - Executing SQL: /* VULCAN_PLAN: f0a65c7c90344bf7a9b730603c5d3b04 */ SELECT COUNT(*) FROM (SELECT * FROM "warehouse"."vulcan__vulcan_demo"."vulcan_demo__scd_type2_by_time__324217294" AS "vulcan_demo__scd_type2_by_time__324217294" WHERE "total_quantity_sold" < 0 AND TRUE) AS "audit" (base.py:2622)
2025-12-03 05:02:57,309 - ThreadPoolExecutor-5_0 - vulcan.core.engine_adapter.base - INFO - Executing SQL: /* VULCAN_PLAN: f0a65c7c90344bf7a9b730603c5d3b04 */ SELECT "attname" AS "column_name", "pg_catalog".format_type("atttypid", "atttypmod") AS "data_type" FROM "pg_catalog"."pg_attribute" JOIN "pg_catalog"."pg_class" ON "pg_class"."oid" = "attrelid" JOIN "pg_catalog"."pg_namespace" ON "pg_namespace"."oid" = "relnamespace" WHERE ("attnum" > 0 AND NOT "attisdropped" AND "relname" = 'vulcan_demo__scd_type2_by_time__324217294') AND "nspname" = 'vulcan__vulcan_demo' (base.py:2622)
2025-12-03 05:02:57,313 - ThreadPoolExecutor-5_0 - vulcan.core.engine_adapter.base - INFO - Executing SQL: /* VULCAN_PLAN: f0a65c7c90344bf7a9b730603c5d3b04 */ SELECT COUNT(*) FROM (SELECT * FROM "warehouse"."vulcan__vulcan_demo"."vulcan_demo__scd_type2_by_time__324217294" AS "vulcan_demo__scd_type2_by_time__324217294" WHERE "total_sales_amount" < 0 AND TRUE) AS "audit" (base.py:2622)
2025-12-03 05:02:57,316 - MainThread - vulcan.core.plan.evaluator - INFO - Evaluating plan stage BackfillStage (evaluator.py:123)
2025-12-03 05:02:57,316 - MainThread - vulcan.core.plan.evaluator - INFO - Evaluating plan stage EnvironmentRecordUpdateStage (evaluator.py:123)
2025-12-03 05:02:57,317 - MainThread - vulcan.core.state_sync.db.facade - INFO - Promoting environment 'prod' (facade.py:177)
2025-12-03 05:02:57,338 - MainThread - vulcan.core.plan.evaluator - INFO - Evaluating plan stage MigrateSchemasStage (evaluator.py:123)
2025-12-03 05:02:57,339 - ThreadPoolExecutor-6_0 - vulcan.core.snapshot.evaluator - INFO - Listing data objects in schema warehouse.vulcan__vulcan_demo (evaluator.py:1610)
2025-12-03 05:02:57,341 - ThreadPoolExecutor-6_0 - vulcan.core.engine_adapter.base - INFO - Executing SQL: /* VULCAN_PLAN: f0a65c7c90344bf7a9b730603c5d3b04 */ SELECT current_catalog (base.py:2622)
2025-12-03 05:02:57,346 - ThreadPoolExecutor-7_0 - vulcan.core.snapshot.evaluator - INFO - Creating table 'warehouse.vulcan__vulcan_demo.vulcan_demo__scd_type2_by_time__324217294_schema_tmp' (evaluator.py:2511)
2025-12-03 05:02:57,346 - ThreadPoolExecutor-7_0 - vulcan.core.engine_adapter.base - INFO - Executing SQL: /* VULCAN_PLAN: f0a65c7c90344bf7a9b730603c5d3b04 */ CREATE TABLE IF NOT EXISTS "vulcan__vulcan_demo"."vulcan_demo__scd_type2_by_time__324217294_schema_tmp" ("dt" DATE, "year" INT, "month" INT, "day_of_week" TEXT, "total_transactions" BIGINT, "total_quantity_sold" BIGINT, "total_sales_amount" DECIMAL, "avg_unit_price" DOUBLE PRECISION, "unique_customers" BIGINT, "unique_products" BIGINT, "unique_warehouses" BIGINT, "updated_at" TIMESTAMP, "valid_from" TIMESTAMP, "valid_to" TIMESTAMP) (base.py:2622)
2025-12-03 05:02:57,350 - ThreadPoolExecutor-7_0 - vulcan.core.snapshot.evaluator - INFO - Migrating table schema from 'warehouse.vulcan__vulcan_demo.vulcan_demo__scd_type2_by_time__324217294_schema_tmp' to 'warehouse.vulcan__vulcan_demo.vulcan_demo__scd_type2_by_time__324217294' (evaluator.py:1208)
2025-12-03 05:02:57,350 - ThreadPoolExecutor-7_0 - vulcan.core.snapshot.evaluator - INFO - Altering table 'warehouse.vulcan__vulcan_demo.vulcan_demo__scd_type2_by_time__324217294' (evaluator.py:2090)
2025-12-03 05:02:57,352 - ThreadPoolExecutor-7_0 - vulcan.core.engine_adapter.base - INFO - Executing SQL: /* VULCAN_PLAN: f0a65c7c90344bf7a9b730603c5d3b04 */ SELECT "attname" AS "column_name", "pg_catalog".format_type("atttypid", "atttypmod") AS "data_type" FROM "pg_catalog"."pg_attribute" JOIN "pg_catalog"."pg_class" ON "pg_class"."oid" = "attrelid" JOIN "pg_catalog"."pg_namespace" ON "pg_namespace"."oid" = "relnamespace" WHERE ("attnum" > 0 AND NOT "attisdropped" AND "relname" = 'vulcan_demo__scd_type2_by_time__324217294') AND "nspname" = 'vulcan__vulcan_demo' (base.py:2622)
2025-12-03 05:02:57,354 - ThreadPoolExecutor-7_0 - vulcan.core.engine_adapter.base - INFO - Executing SQL: /* VULCAN_PLAN: f0a65c7c90344bf7a9b730603c5d3b04 */ SELECT "attname" AS "column_name", "pg_catalog".format_type("atttypid", "atttypmod") AS "data_type" FROM "pg_catalog"."pg_attribute" JOIN "pg_catalog"."pg_class" ON "pg_class"."oid" = "attrelid" JOIN "pg_catalog"."pg_namespace" ON "pg_namespace"."oid" = "relnamespace" WHERE ("attnum" > 0 AND NOT "attisdropped" AND "relname" = 'vulcan_demo__scd_type2_by_time__324217294_schema_tmp') AND "nspname" = 'vulcan__vulcan_demo' (base.py:2622)
2025-12-03 05:02:57,355 - ThreadPoolExecutor-7_0 - vulcan.core.engine_adapter.base - INFO - Executing SQL: /* VULCAN_PLAN: f0a65c7c90344bf7a9b730603c5d3b04 */ DROP TABLE IF EXISTS "vulcan__vulcan_demo"."vulcan_demo__scd_type2_by_time__324217294_schema_tmp" (base.py:2622)
2025-12-03 05:02:57,357 - MainThread - vulcan.core.plan.evaluator - INFO - Evaluating plan stage UnpauseStage (evaluator.py:123)
2025-12-03 05:02:57,358 - MainThread - vulcan.core.plan.evaluator - INFO - Evaluating plan stage VirtualLayerUpdateStage (evaluator.py:123)
2025-12-03 05:02:57,361 - ThreadPoolExecutor-8_0 - vulcan.core.snapshot.evaluator - INFO - Creating schema 'warehouse.vulcan_demo' (evaluator.py:1443)
2025-12-03 05:02:57,363 - ThreadPoolExecutor-8_0 - vulcan.core.engine_adapter.base - INFO - Executing SQL: /* VULCAN_PLAN: f0a65c7c90344bf7a9b730603c5d3b04 */ CREATE SCHEMA IF NOT EXISTS "vulcan_demo" (base.py:2622)
2025-12-03 05:02:57,363 - ThreadPoolExecutor-9_0 - vulcan.core.snapshot.evaluator - INFO - Listing data objects in schema warehouse.vulcan_demo (evaluator.py:1610)
2025-12-03 05:02:57,364 - ThreadPoolExecutor-9_0 - vulcan.core.engine_adapter.base - INFO - Executing SQL: /* VULCAN_PLAN: f0a65c7c90344bf7a9b730603c5d3b04 */ SELECT current_catalog (base.py:2622)
2025-12-03 05:02:57,369 - ThreadPoolExecutor-10_0 - vulcan.core.snapshot.evaluator - INFO - Updating view 'warehouse.vulcan_demo.scd_type2_by_time' to point at table 'warehouse.vulcan__vulcan_demo.vulcan_demo__scd_type2_by_time__324217294' (evaluator.py:1980)
2025-12-03 05:02:57,369 - ThreadPoolExecutor-10_0 - vulcan.core.engine_adapter.base - INFO - Executing SQL: /* VULCAN_PLAN: f0a65c7c90344bf7a9b730603c5d3b04 */ DROP VIEW IF EXISTS "vulcan_demo"."scd_type2_by_time" CASCADE (base.py:2622)
2025-12-03 05:02:57,371 - ThreadPoolExecutor-10_0 - vulcan.core.engine_adapter.base - INFO - Executing SQL: /* VULCAN_PLAN: f0a65c7c90344bf7a9b730603c5d3b04 */ CREATE VIEW "vulcan_demo"."scd_type2_by_time" AS SELECT * FROM "warehouse"."vulcan__vulcan_demo"."vulcan_demo__scd_type2_by_time__324217294" (base.py:2622)
2025-12-03 05:02:57,372 - ThreadPoolExecutor-10_0 - vulcan.core.engine_adapter.base - INFO - Executing SQL: /* VULCAN_PLAN: f0a65c7c90344bf7a9b730603c5d3b04 */ COMMENT ON COLUMN "vulcan_demo"."scd_type2_by_time"."dt" IS 'Date' (base.py:2622)
2025-12-03 05:02:57,373 - ThreadPoolExecutor-10_0 - vulcan.core.engine_adapter.base - INFO - Executing SQL: /* VULCAN_PLAN: f0a65c7c90344bf7a9b730603c5d3b04 */ COMMENT ON COLUMN "vulcan_demo"."scd_type2_by_time"."year" IS 'Year' (base.py:2622)
2025-12-03 05:02:57,373 - ThreadPoolExecutor-10_0 - vulcan.core.engine_adapter.base - INFO - Executing SQL: /* VULCAN_PLAN: f0a65c7c90344bf7a9b730603c5d3b04 */ COMMENT ON COLUMN "vulcan_demo"."scd_type2_by_time"."month" IS 'Month' (base.py:2622)
2025-12-03 05:02:57,373 - ThreadPoolExecutor-10_0 - vulcan.core.engine_adapter.base - INFO - Executing SQL: /* VULCAN_PLAN: f0a65c7c90344bf7a9b730603c5d3b04 */ COMMENT ON COLUMN "vulcan_demo"."scd_type2_by_time"."day_of_week" IS 'Day of Week' (base.py:2622)
2025-12-03 05:02:57,373 - ThreadPoolExecutor-10_0 - vulcan.core.engine_adapter.base - INFO - Executing SQL: /* VULCAN_PLAN: f0a65c7c90344bf7a9b730603c5d3b04 */ COMMENT ON COLUMN "vulcan_demo"."scd_type2_by_time"."total_transactions" IS 'Total Transactions' (base.py:2622)
2025-12-03 05:02:57,374 - ThreadPoolExecutor-10_0 - vulcan.core.engine_adapter.base - INFO - Executing SQL: /* VULCAN_PLAN: f0a65c7c90344bf7a9b730603c5d3b04 */ COMMENT ON COLUMN "vulcan_demo"."scd_type2_by_time"."total_quantity_sold" IS 'Total Quantity Sold' (base.py:2622)
2025-12-03 05:02:57,374 - ThreadPoolExecutor-10_0 - vulcan.core.engine_adapter.base - INFO - Executing SQL: /* VULCAN_PLAN: f0a65c7c90344bf7a9b730603c5d3b04 */ COMMENT ON COLUMN "vulcan_demo"."scd_type2_by_time"."total_sales_amount" IS 'Total Sales Amount' (base.py:2622)
2025-12-03 05:02:57,374 - ThreadPoolExecutor-10_0 - vulcan.core.engine_adapter.base - INFO - Executing SQL: /* VULCAN_PLAN: f0a65c7c90344bf7a9b730603c5d3b04 */ COMMENT ON COLUMN "vulcan_demo"."scd_type2_by_time"."unique_customers" IS 'Unique Customers' (base.py:2622)
2025-12-03 05:02:57,374 - ThreadPoolExecutor-10_0 - vulcan.core.engine_adapter.base - INFO - Executing SQL: /* VULCAN_PLAN: f0a65c7c90344bf7a9b730603c5d3b04 */ COMMENT ON COLUMN "vulcan_demo"."scd_type2_by_time"."unique_products" IS 'Unique Products' (base.py:2622)
2025-12-03 05:02:57,374 - ThreadPoolExecutor-10_0 - vulcan.core.engine_adapter.base - INFO - Executing SQL: /* VULCAN_PLAN: f0a65c7c90344bf7a9b730603c5d3b04 */ COMMENT ON COLUMN "vulcan_demo"."scd_type2_by_time"."unique_warehouses" IS 'Unique Warehouses' (base.py:2622)
2025-12-03 05:02:57,376 - MainThread - vulcan.core.plan.evaluator - INFO - Evaluating plan stage FinalizeEnvironmentStage (evaluator.py:123)
2025-12-03 05:02:57,377 - MainThread - vulcan.core.state_sync.db.environment - INFO - Finalizing environment 'prod' (environment.py:141)
2025-12-03 05:02:57,409 - MainThread - vulcan.core.context - INFO - Recorded run execution for 1 models (context.py:1947)
2025-12-03 05:02:57,411 - MainThread - vulcan.core.context - INFO - Logged 1 run_exec events (context.py:1972)
2025-12-03 05:02:57,488 - MainThread - root - INFO - Shutting down the event dispatcher (dispatcher.py:231)
