2025-12-03 04:48:26,440 - MainThread - vulcan.core.state_sync.common - INFO - Cleaned up 0 expired snapshots (janitor.py:181)
2025-12-03 04:48:26,443 - MainThread - vulcan.core.state_sync.db.interval - INFO - Compacting 116 intervals for 116 snapshots (interval.py:130)
2025-12-03 04:48:26,443 - MainThread - vulcan.core.state_sync.db.interval - INFO - Pushing intervals for snapshot SnapshotId<"warehouse"."vulcan_example"."incremental_model": 365216364> (interval.py:215)
2025-12-03 04:48:26,443 - MainThread - vulcan.core.state_sync.db.interval - INFO - Pushing intervals for snapshot SnapshotId<"warehouse"."vulcan_example"."incremental_model": 365216364> (interval.py:215)
2025-12-03 04:48:26,443 - MainThread - vulcan.core.state_sync.db.interval - INFO - Pushing intervals for snapshot SnapshotId<"warehouse"."vulcan_demo"."dim_customer": 2359068865> (interval.py:215)
2025-12-03 04:48:26,443 - MainThread - vulcan.core.state_sync.db.interval - INFO - Pushing intervals for snapshot SnapshotId<"warehouse"."vulcan_demo"."dim_customer": 2359068865> (interval.py:215)
2025-12-03 04:48:26,443 - MainThread - vulcan.core.state_sync.db.interval - INFO - Pushing intervals for snapshot SnapshotId<"warehouse"."vulcan_demo"."fct_daily_sales": 3567707351> (interval.py:215)
2025-12-03 04:48:26,443 - MainThread - vulcan.core.state_sync.db.interval - INFO - Pushing intervals for snapshot SnapshotId<"warehouse"."vulcan_demo"."fct_daily_sales": 3567707351> (interval.py:215)
2025-12-03 04:48:26,443 - MainThread - vulcan.core.state_sync.db.interval - INFO - Pushing intervals for snapshot SnapshotId<"warehouse"."vulcan_demo"."fct_daily_sales__east": 1444848944> (interval.py:215)
2025-12-03 04:48:26,443 - MainThread - vulcan.core.state_sync.db.interval - INFO - Pushing intervals for snapshot SnapshotId<"warehouse"."vulcan_demo"."fct_daily_sales__north": 3623134160> (interval.py:215)
2025-12-03 04:48:26,443 - MainThread - vulcan.core.state_sync.db.interval - INFO - Pushing intervals for snapshot SnapshotId<"warehouse"."vulcan_demo"."fct_daily_sales__south": 2877365043> (interval.py:215)
2025-12-03 04:48:26,444 - MainThread - vulcan.core.state_sync.db.interval - INFO - Pushing intervals for snapshot SnapshotId<"warehouse"."vulcan_demo"."fct_daily_sales__west": 3696317990> (interval.py:215)
2025-12-03 04:48:26,444 - MainThread - vulcan.core.state_sync.db.interval - INFO - Pushing intervals for snapshot SnapshotId<"warehouse"."vulcan_demo"."full_model": 2553446276> (interval.py:215)
2025-12-03 04:48:26,444 - MainThread - vulcan.core.state_sync.db.interval - INFO - Pushing intervals for snapshot SnapshotId<"warehouse"."vulcan_demo"."full_model": 2553446276> (interval.py:215)
2025-12-03 04:48:26,444 - MainThread - vulcan.core.state_sync.db.interval - INFO - Pushing intervals for snapshot SnapshotId<"warehouse"."vulcan_demo"."full_model_py": 1196569793> (interval.py:215)
2025-12-03 04:48:26,444 - MainThread - vulcan.core.state_sync.db.interval - INFO - Pushing intervals for snapshot SnapshotId<"warehouse"."vulcan_demo"."incremental_by_time_range": 3684842771> (interval.py:215)
2025-12-03 04:48:26,444 - MainThread - vulcan.core.state_sync.db.interval - INFO - Pushing intervals for snapshot SnapshotId<"warehouse"."vulcan_demo"."incremental_by_unique_key": 3815681391> (interval.py:215)
2025-12-03 04:48:26,444 - MainThread - vulcan.core.state_sync.db.interval - INFO - Pushing intervals for snapshot SnapshotId<"warehouse"."vulcan_demo"."incremental_by_unique_key": 3815681391> (interval.py:215)
2025-12-03 04:48:26,444 - MainThread - vulcan.core.state_sync.db.interval - INFO - Pushing intervals for snapshot SnapshotId<"warehouse"."vulcan_demo"."incremental_by_unique_key_py": 1389052163> (interval.py:215)
2025-12-03 04:48:26,444 - MainThread - vulcan.core.state_sync.db.interval - INFO - Pushing intervals for snapshot SnapshotId<"warehouse"."vulcan_demo"."incremental_unmanaged": 2158944071> (interval.py:215)
2025-12-03 04:48:26,444 - MainThread - vulcan.core.state_sync.db.interval - INFO - Pushing intervals for snapshot SnapshotId<"warehouse"."vulcan_demo"."partition": 904715744> (interval.py:215)
2025-12-03 04:48:26,444 - MainThread - vulcan.core.state_sync.db.interval - INFO - Pushing intervals for snapshot SnapshotId<"warehouse"."vulcan_demo"."partition_py": 2905169826> (interval.py:215)
2025-12-03 04:48:26,444 - MainThread - vulcan.core.state_sync.db.interval - INFO - Pushing intervals for snapshot SnapshotId<"warehouse"."vulcan_demo"."scd_type2_by_column": 3563531193> (interval.py:215)
2025-12-03 04:48:26,444 - MainThread - vulcan.core.state_sync.db.interval - INFO - Pushing intervals for snapshot SnapshotId<"warehouse"."vulcan_demo"."scd_type2_by_column_py": 846708042> (interval.py:215)
2025-12-03 04:48:26,444 - MainThread - vulcan.core.state_sync.db.interval - INFO - Pushing intervals for snapshot SnapshotId<"warehouse"."vulcan_demo"."scd_type2_by_time": 96374401> (interval.py:215)
2025-12-03 04:48:26,444 - MainThread - vulcan.core.state_sync.db.interval - INFO - Pushing intervals for snapshot SnapshotId<"warehouse"."vulcan_demo"."scd_type2_by_time_py": 2700266354> (interval.py:215)
2025-12-03 04:48:26,444 - MainThread - vulcan.core.state_sync.db.interval - INFO - Pushing intervals for snapshot SnapshotId<"warehouse"."vulcan_demo"."seed_model": 2035947072> (interval.py:215)
2025-12-03 04:48:26,444 - MainThread - vulcan.core.state_sync.db.interval - INFO - Pushing intervals for snapshot SnapshotId<"warehouse"."vulcan_demo"."stg_customers": 4039897219> (interval.py:215)
2025-12-03 04:48:26,444 - MainThread - vulcan.core.state_sync.db.interval - INFO - Pushing intervals for snapshot SnapshotId<"warehouse"."vulcan_demo"."stg_customers": 4039897219> (interval.py:215)
2025-12-03 04:48:26,444 - MainThread - vulcan.core.state_sync.db.interval - INFO - Pushing intervals for snapshot SnapshotId<"warehouse"."vulcan_demo"."stg_order_lines": 945780940> (interval.py:215)
2025-12-03 04:48:26,444 - MainThread - vulcan.core.state_sync.db.interval - INFO - Pushing intervals for snapshot SnapshotId<"warehouse"."vulcan_demo"."stg_order_lines": 945780940> (interval.py:215)
2025-12-03 04:48:26,444 - MainThread - vulcan.core.state_sync.db.interval - INFO - Pushing intervals for snapshot SnapshotId<"warehouse"."vulcan_demo"."stg_products": 3206430371> (interval.py:215)
2025-12-03 04:48:26,444 - MainThread - vulcan.core.state_sync.db.interval - INFO - Pushing intervals for snapshot SnapshotId<"warehouse"."vulcan_demo"."stg_products": 3206430371> (interval.py:215)
2025-12-03 04:48:26,444 - MainThread - vulcan.core.state_sync.db.interval - INFO - Pushing intervals for snapshot SnapshotId<"warehouse"."vulcan_demo"."view_model": 2016917419> (interval.py:215)
2025-12-03 04:48:26,444 - MainThread - vulcan.core.state_sync.db.interval - INFO - Pushing intervals for snapshot SnapshotId<"warehouse"."vulcan_demo"."view_model": 2016917419> (interval.py:215)
2025-12-03 04:48:26,444 - MainThread - vulcan.core.state_sync.db.interval - INFO - Pushing intervals for snapshot SnapshotId<__checks.vulcan_demo.dim_customer:completeness: 2936273003> (interval.py:215)
2025-12-03 04:48:26,445 - MainThread - vulcan.core.state_sync.db.interval - INFO - Pushing intervals for snapshot SnapshotId<__checks.vulcan_demo.dim_customer:completeness: 2936273003> (interval.py:215)
2025-12-03 04:48:26,445 - MainThread - vulcan.core.state_sync.db.interval - INFO - Pushing intervals for snapshot SnapshotId<__checks.vulcan_demo.dim_customer:uniqueness: 4030954865> (interval.py:215)
2025-12-03 04:48:26,445 - MainThread - vulcan.core.state_sync.db.interval - INFO - Pushing intervals for snapshot SnapshotId<__checks.vulcan_demo.dim_customer:uniqueness: 4030954865> (interval.py:215)
2025-12-03 04:48:26,445 - MainThread - vulcan.core.state_sync.db.interval - INFO - Pushing intervals for snapshot SnapshotId<__checks.vulcan_demo.dim_customer:validity: 91474088> (interval.py:215)
2025-12-03 04:48:26,445 - MainThread - vulcan.core.state_sync.db.interval - INFO - Pushing intervals for snapshot SnapshotId<__checks.vulcan_demo.dim_customer:validity: 91474088> (interval.py:215)
2025-12-03 04:48:26,445 - MainThread - vulcan.core.state_sync.db.interval - INFO - Pushing intervals for snapshot SnapshotId<__checks.vulcan_demo.fct_daily_sales:accuracy: 2918882631> (interval.py:215)
2025-12-03 04:48:26,445 - MainThread - vulcan.core.state_sync.db.interval - INFO - Pushing intervals for snapshot SnapshotId<__checks.vulcan_demo.fct_daily_sales:accuracy: 2918882631> (interval.py:215)
2025-12-03 04:48:26,445 - MainThread - vulcan.core.state_sync.db.interval - INFO - Pushing intervals for snapshot SnapshotId<__checks.vulcan_demo.fct_daily_sales:completeness: 3507029630> (interval.py:215)
2025-12-03 04:48:26,445 - MainThread - vulcan.core.state_sync.db.interval - INFO - Pushing intervals for snapshot SnapshotId<__checks.vulcan_demo.fct_daily_sales:completeness: 3507029630> (interval.py:215)
2025-12-03 04:48:26,445 - MainThread - vulcan.core.state_sync.db.interval - INFO - Pushing intervals for snapshot SnapshotId<__checks.vulcan_demo.fct_daily_sales:timeliness: 2912795801> (interval.py:215)
2025-12-03 04:48:26,445 - MainThread - vulcan.core.state_sync.db.interval - INFO - Pushing intervals for snapshot SnapshotId<__checks.vulcan_demo.fct_daily_sales:timeliness: 2912795801> (interval.py:215)
2025-12-03 04:48:26,445 - MainThread - vulcan.core.state_sync.db.interval - INFO - Pushing intervals for snapshot SnapshotId<__checks.vulcan_demo.fct_daily_sales:uniqueness: 153490614> (interval.py:215)
2025-12-03 04:48:26,445 - MainThread - vulcan.core.state_sync.db.interval - INFO - Pushing intervals for snapshot SnapshotId<__checks.vulcan_demo.fct_daily_sales:uniqueness: 153490614> (interval.py:215)
2025-12-03 04:48:26,445 - MainThread - vulcan.core.state_sync.db.interval - INFO - Pushing intervals for snapshot SnapshotId<__checks.vulcan_demo.fct_daily_sales:validity: 755158189> (interval.py:215)
2025-12-03 04:48:26,445 - MainThread - vulcan.core.state_sync.db.interval - INFO - Pushing intervals for snapshot SnapshotId<__checks.vulcan_demo.fct_daily_sales:validity: 755158189> (interval.py:215)
2025-12-03 04:48:26,445 - MainThread - vulcan.core.state_sync.db.interval - INFO - Pushing intervals for snapshot SnapshotId<__checks.vulcan_demo.full_model:accuracy: 710271416> (interval.py:215)
2025-12-03 04:48:26,445 - MainThread - vulcan.core.state_sync.db.interval - INFO - Pushing intervals for snapshot SnapshotId<__checks.vulcan_demo.full_model:accuracy: 710271416> (interval.py:215)
2025-12-03 04:48:26,445 - MainThread - vulcan.core.state_sync.db.interval - INFO - Pushing intervals for snapshot SnapshotId<__checks.vulcan_demo.full_model:completeness: 482480325> (interval.py:215)
2025-12-03 04:48:26,445 - MainThread - vulcan.core.state_sync.db.interval - INFO - Pushing intervals for snapshot SnapshotId<__checks.vulcan_demo.full_model:completeness: 482480325> (interval.py:215)
2025-12-03 04:48:26,445 - MainThread - vulcan.core.state_sync.db.interval - INFO - Pushing intervals for snapshot SnapshotId<__checks.vulcan_demo.full_model:uniqueness: 2767914680> (interval.py:215)
2025-12-03 04:48:26,445 - MainThread - vulcan.core.state_sync.db.interval - INFO - Pushing intervals for snapshot SnapshotId<__checks.vulcan_demo.full_model:uniqueness: 2767914680> (interval.py:215)
2025-12-03 04:48:26,445 - MainThread - vulcan.core.state_sync.db.interval - INFO - Pushing intervals for snapshot SnapshotId<__checks.vulcan_demo.full_model:validity: 3266704429> (interval.py:215)
2025-12-03 04:48:26,445 - MainThread - vulcan.core.state_sync.db.interval - INFO - Pushing intervals for snapshot SnapshotId<__checks.vulcan_demo.full_model:validity: 3266704429> (interval.py:215)
2025-12-03 04:48:26,445 - MainThread - vulcan.core.state_sync.db.interval - INFO - Pushing intervals for snapshot SnapshotId<__checks.vulcan_demo.incremental_by_unique_key:accuracy: 867719366> (interval.py:215)
2025-12-03 04:48:26,445 - MainThread - vulcan.core.state_sync.db.interval - INFO - Pushing intervals for snapshot SnapshotId<__checks.vulcan_demo.incremental_by_unique_key:accuracy: 867719366> (interval.py:215)
2025-12-03 04:48:26,445 - MainThread - vulcan.core.state_sync.db.interval - INFO - Pushing intervals for snapshot SnapshotId<__checks.vulcan_demo.incremental_by_unique_key:completeness: 1987015854> (interval.py:215)
2025-12-03 04:48:26,446 - MainThread - vulcan.core.state_sync.db.interval - INFO - Pushing intervals for snapshot SnapshotId<__checks.vulcan_demo.incremental_by_unique_key:completeness: 1987015854> (interval.py:215)
2025-12-03 04:48:26,446 - MainThread - vulcan.core.state_sync.db.interval - INFO - Pushing intervals for snapshot SnapshotId<__checks.vulcan_demo.incremental_by_unique_key:uniqueness: 3765533596> (interval.py:215)
2025-12-03 04:48:26,446 - MainThread - vulcan.core.state_sync.db.interval - INFO - Pushing intervals for snapshot SnapshotId<__checks.vulcan_demo.incremental_by_unique_key:uniqueness: 3765533596> (interval.py:215)
2025-12-03 04:48:26,446 - MainThread - vulcan.core.state_sync.db.interval - INFO - Pushing intervals for snapshot SnapshotId<__checks.vulcan_demo.incremental_by_unique_key:validity: 1038408627> (interval.py:215)
2025-12-03 04:48:26,446 - MainThread - vulcan.core.state_sync.db.interval - INFO - Pushing intervals for snapshot SnapshotId<__checks.vulcan_demo.incremental_by_unique_key:validity: 1038408627> (interval.py:215)
2025-12-03 04:48:26,446 - MainThread - vulcan.core.state_sync.db.interval - INFO - Pushing intervals for snapshot SnapshotId<__checks.vulcan_demo.partition:completeness: 1215659941> (interval.py:215)
2025-12-03 04:48:26,446 - MainThread - vulcan.core.state_sync.db.interval - INFO - Pushing intervals for snapshot SnapshotId<__checks.vulcan_demo.partition:completeness: 1215659941> (interval.py:215)
2025-12-03 04:48:26,446 - MainThread - vulcan.core.state_sync.db.interval - INFO - Pushing intervals for snapshot SnapshotId<__checks.vulcan_demo.partition:uniqueness: 2388226686> (interval.py:215)
2025-12-03 04:48:26,446 - MainThread - vulcan.core.state_sync.db.interval - INFO - Pushing intervals for snapshot SnapshotId<__checks.vulcan_demo.partition:uniqueness: 2388226686> (interval.py:215)
2025-12-03 04:48:26,446 - MainThread - vulcan.core.state_sync.db.interval - INFO - Pushing intervals for snapshot SnapshotId<__checks.vulcan_demo.partition:validity: 2524307614> (interval.py:215)
2025-12-03 04:48:26,446 - MainThread - vulcan.core.state_sync.db.interval - INFO - Pushing intervals for snapshot SnapshotId<__checks.vulcan_demo.partition:validity: 2524307614> (interval.py:215)
2025-12-03 04:48:26,446 - MainThread - vulcan.core.state_sync.db.interval - INFO - Pushing intervals for snapshot SnapshotId<__checks.vulcan_demo.scd_type2_by_column:accuracy: 57045887> (interval.py:215)
2025-12-03 04:48:26,446 - MainThread - vulcan.core.state_sync.db.interval - INFO - Pushing intervals for snapshot SnapshotId<__checks.vulcan_demo.scd_type2_by_column:completeness: 1185652335> (interval.py:215)
2025-12-03 04:48:26,446 - MainThread - vulcan.core.state_sync.db.interval - INFO - Pushing intervals for snapshot SnapshotId<__checks.vulcan_demo.scd_type2_by_column:uniqueness: 1259075798> (interval.py:215)
2025-12-03 04:48:26,446 - MainThread - vulcan.core.state_sync.db.interval - INFO - Pushing intervals for snapshot SnapshotId<__checks.vulcan_demo.scd_type2_by_column:validity: 1706558791> (interval.py:215)
2025-12-03 04:48:26,446 - MainThread - vulcan.core.state_sync.db.interval - INFO - Pushing intervals for snapshot SnapshotId<__checks.vulcan_demo.stg_customers:completeness: 3754629681> (interval.py:215)
2025-12-03 04:48:26,446 - MainThread - vulcan.core.state_sync.db.interval - INFO - Pushing intervals for snapshot SnapshotId<__checks.vulcan_demo.stg_customers:completeness: 3754629681> (interval.py:215)
2025-12-03 04:48:26,446 - MainThread - vulcan.core.state_sync.db.interval - INFO - Pushing intervals for snapshot SnapshotId<__checks.vulcan_demo.stg_customers:uniqueness: 1545328574> (interval.py:215)
2025-12-03 04:48:26,446 - MainThread - vulcan.core.state_sync.db.interval - INFO - Pushing intervals for snapshot SnapshotId<__checks.vulcan_demo.stg_customers:uniqueness: 1545328574> (interval.py:215)
2025-12-03 04:48:26,446 - MainThread - vulcan.core.state_sync.db.interval - INFO - Pushing intervals for snapshot SnapshotId<__checks.vulcan_demo.stg_customers:validity: 1600670424> (interval.py:215)
2025-12-03 04:48:26,446 - MainThread - vulcan.core.state_sync.db.interval - INFO - Pushing intervals for snapshot SnapshotId<__checks.vulcan_demo.stg_customers:validity: 1600670424> (interval.py:215)
2025-12-03 04:48:26,446 - MainThread - vulcan.core.state_sync.db.interval - INFO - Pushing intervals for snapshot SnapshotId<__checks.vulcan_demo.stg_order_lines:completeness: 3213085855> (interval.py:215)
2025-12-03 04:48:26,446 - MainThread - vulcan.core.state_sync.db.interval - INFO - Pushing intervals for snapshot SnapshotId<__checks.vulcan_demo.stg_order_lines:completeness: 3213085855> (interval.py:215)
2025-12-03 04:48:26,446 - MainThread - vulcan.core.state_sync.db.interval - INFO - Pushing intervals for snapshot SnapshotId<__checks.vulcan_demo.stg_order_lines:uniqueness: 663117648> (interval.py:215)
2025-12-03 04:48:26,446 - MainThread - vulcan.core.state_sync.db.interval - INFO - Pushing intervals for snapshot SnapshotId<__checks.vulcan_demo.stg_order_lines:uniqueness: 663117648> (interval.py:215)
2025-12-03 04:48:26,446 - MainThread - vulcan.core.state_sync.db.interval - INFO - Pushing intervals for snapshot SnapshotId<__checks.vulcan_demo.stg_order_lines:validity: 2824990716> (interval.py:215)
2025-12-03 04:48:26,446 - MainThread - vulcan.core.state_sync.db.interval - INFO - Pushing intervals for snapshot SnapshotId<__checks.vulcan_demo.stg_order_lines:validity: 2824990716> (interval.py:215)
2025-12-03 04:48:26,447 - MainThread - vulcan.core.state_sync.db.interval - INFO - Pushing intervals for snapshot SnapshotId<__checks.vulcan_demo.stg_products:completeness: 990026874> (interval.py:215)
2025-12-03 04:48:26,447 - MainThread - vulcan.core.state_sync.db.interval - INFO - Pushing intervals for snapshot SnapshotId<__checks.vulcan_demo.stg_products:completeness: 990026874> (interval.py:215)
2025-12-03 04:48:26,447 - MainThread - vulcan.core.state_sync.db.interval - INFO - Pushing intervals for snapshot SnapshotId<__checks.vulcan_demo.stg_products:uniqueness: 4108710287> (interval.py:215)
2025-12-03 04:48:26,447 - MainThread - vulcan.core.state_sync.db.interval - INFO - Pushing intervals for snapshot SnapshotId<__checks.vulcan_demo.stg_products:uniqueness: 4108710287> (interval.py:215)
2025-12-03 04:48:26,447 - MainThread - vulcan.core.state_sync.db.interval - INFO - Pushing intervals for snapshot SnapshotId<__checks.vulcan_demo.stg_products:validity: 1141563592> (interval.py:215)
2025-12-03 04:48:26,447 - MainThread - vulcan.core.state_sync.db.interval - INFO - Pushing intervals for snapshot SnapshotId<__checks.vulcan_demo.stg_products:validity: 1141563592> (interval.py:215)
2025-12-03 04:48:26,447 - MainThread - vulcan.core.state_sync.db.interval - INFO - Pushing intervals for snapshot SnapshotId<semantic-metric.customer_analysis: 2602311127> (interval.py:215)
2025-12-03 04:48:26,447 - MainThread - vulcan.core.state_sync.db.interval - INFO - Pushing intervals for snapshot SnapshotId<semantic-metric.customer_analysis: 2602311127> (interval.py:215)
2025-12-03 04:48:26,447 - MainThread - vulcan.core.state_sync.db.interval - INFO - Pushing intervals for snapshot SnapshotId<semantic-metric.daily_sales_trends: 4146051043> (interval.py:215)
2025-12-03 04:48:26,447 - MainThread - vulcan.core.state_sync.db.interval - INFO - Pushing intervals for snapshot SnapshotId<semantic-metric.daily_sales_trends: 4146051043> (interval.py:215)
2025-12-03 04:48:26,447 - MainThread - vulcan.core.state_sync.db.interval - INFO - Pushing intervals for snapshot SnapshotId<semantic-metric.order_volume_trends: 1589886887> (interval.py:215)
2025-12-03 04:48:26,447 - MainThread - vulcan.core.state_sync.db.interval - INFO - Pushing intervals for snapshot SnapshotId<semantic-metric.order_volume_trends: 1589886887> (interval.py:215)
2025-12-03 04:48:26,447 - MainThread - vulcan.core.state_sync.db.interval - INFO - Pushing intervals for snapshot SnapshotId<semantic-metric.product_category_analysis: 1650069454> (interval.py:215)
2025-12-03 04:48:26,447 - MainThread - vulcan.core.state_sync.db.interval - INFO - Pushing intervals for snapshot SnapshotId<semantic-metric.product_category_analysis: 1650069454> (interval.py:215)
2025-12-03 04:48:26,447 - MainThread - vulcan.core.state_sync.db.interval - INFO - Pushing intervals for snapshot SnapshotId<semantic-metric.product_performance: 814702965> (interval.py:215)
2025-12-03 04:48:26,447 - MainThread - vulcan.core.state_sync.db.interval - INFO - Pushing intervals for snapshot SnapshotId<semantic-metric.product_performance: 814702965> (interval.py:215)
2025-12-03 04:48:26,447 - MainThread - vulcan.core.state_sync.db.interval - INFO - Pushing intervals for snapshot SnapshotId<semantic-metric.regional_sales_breakdown: 459451691> (interval.py:215)
2025-12-03 04:48:26,447 - MainThread - vulcan.core.state_sync.db.interval - INFO - Pushing intervals for snapshot SnapshotId<semantic-metric.regional_sales_breakdown: 459451691> (interval.py:215)
2025-12-03 04:48:26,447 - MainThread - vulcan.core.state_sync.db.interval - INFO - Pushing intervals for snapshot SnapshotId<semantic-metric.revenue_growth: 637159871> (interval.py:215)
2025-12-03 04:48:26,447 - MainThread - vulcan.core.state_sync.db.interval - INFO - Pushing intervals for snapshot SnapshotId<semantic-metric.revenue_growth: 637159871> (interval.py:215)
2025-12-03 04:48:26,447 - MainThread - vulcan.core.state_sync.db.interval - INFO - Pushing intervals for snapshot SnapshotId<semantic-metric.sales_by_region: 1872815588> (interval.py:215)
2025-12-03 04:48:26,447 - MainThread - vulcan.core.state_sync.db.interval - INFO - Pushing intervals for snapshot SnapshotId<semantic-metric.sales_by_region: 1872815588> (interval.py:215)
2025-12-03 04:48:26,447 - MainThread - vulcan.core.state_sync.db.interval - INFO - Pushing intervals for snapshot SnapshotId<semantic-model.customers: 337814769> (interval.py:215)
2025-12-03 04:48:26,447 - MainThread - vulcan.core.state_sync.db.interval - INFO - Pushing intervals for snapshot SnapshotId<semantic-model.customers: 337814769> (interval.py:215)
2025-12-03 04:48:26,447 - MainThread - vulcan.core.state_sync.db.interval - INFO - Pushing intervals for snapshot SnapshotId<semantic-model.orders: 2488715395> (interval.py:215)
2025-12-03 04:48:26,447 - MainThread - vulcan.core.state_sync.db.interval - INFO - Pushing intervals for snapshot SnapshotId<semantic-model.orders: 2488715395> (interval.py:215)
2025-12-03 04:48:26,447 - MainThread - vulcan.core.state_sync.db.interval - INFO - Pushing intervals for snapshot SnapshotId<semantic-model.products: 3610261554> (interval.py:215)
2025-12-03 04:48:26,447 - MainThread - vulcan.core.state_sync.db.interval - INFO - Pushing intervals for snapshot SnapshotId<semantic-model.products: 3610261554> (interval.py:215)
2025-12-03 04:48:26,448 - MainThread - vulcan.core.state_sync.db.interval - INFO - Pushing intervals for snapshot SnapshotId<semantic-model.sales: 2267259213> (interval.py:215)
2025-12-03 04:48:26,784 - MainThread - root - INFO - Shutting down the event dispatcher (dispatcher.py:231)
