2025-12-10 14:15:33,568 - MainThread - vulcan.core.state_sync.db.migrator - INFO - Applying migration <module 'vulcan.migrations.v0000_baseline' from '/Users/shreyasikarwar/Desktop/DataOs-Research/Vulcan/vulcan-exp-dev/vulcan/migrations/v0000_baseline.py'> (migrator.py:206)
2025-12-10 14:15:33,592 - MainThread - vulcan.core.state_sync.db.migrator - INFO - Applying migration <module 'vulcan.migrations.v0001_activity_tables' from '/Users/shreyasikarwar/Desktop/DataOs-Research/Vulcan/vulcan-exp-dev/vulcan/migrations/v0001_activity_tables.py'> (migrator.py:206)
2025-12-10 14:15:33,630 - MainThread - vulcan.core.state_sync.db.migrator - INFO - Applying migration <module 'vulcan.migrations.v0002_add_check_tables' from '/Users/shreyasikarwar/Desktop/DataOs-Research/Vulcan/vulcan-exp-dev/vulcan/migrations/v0002_add_check_tables.py'> (migrator.py:206)
2025-12-10 14:15:33,686 - MainThread - vulcan.core.state_sync.db.migrator - INFO - Applying migration <module 'vulcan.migrations.v0003_add_query_service_tables' from '/Users/shreyasikarwar/Desktop/DataOs-Research/Vulcan/vulcan-exp-dev/vulcan/migrations/v0003_add_query_service_tables.py'> (migrator.py:206)
2025-12-10 14:15:33,713 - MainThread - vulcan.core.state_sync.db.migrator - INFO - Applying migration <module 'vulcan.migrations.v0061_mysql_fix_blob_text_type' from '/Users/shreyasikarwar/Desktop/DataOs-Research/Vulcan/vulcan-exp-dev/vulcan/migrations/v0061_mysql_fix_blob_text_type.py'> (migrator.py:206)
2025-12-10 14:15:33,713 - MainThread - vulcan.core.state_sync.db.migrator - INFO - Applying migration <module 'vulcan.migrations.v0062_add_model_gateway' from '/Users/shreyasikarwar/Desktop/DataOs-Research/Vulcan/vulcan-exp-dev/vulcan/migrations/v0062_add_model_gateway.py'> (migrator.py:206)
2025-12-10 14:15:33,713 - MainThread - vulcan.core.state_sync.db.migrator - INFO - Applying migration <module 'vulcan.migrations.v0063_change_signals' from '/Users/shreyasikarwar/Desktop/DataOs-Research/Vulcan/vulcan-exp-dev/vulcan/migrations/v0063_change_signals.py'> (migrator.py:206)
2025-12-10 14:15:33,713 - MainThread - vulcan.core.state_sync.db.migrator - INFO - Applying migration <module 'vulcan.migrations.v0064_join_when_matched_strings' from '/Users/shreyasikarwar/Desktop/DataOs-Research/Vulcan/vulcan-exp-dev/vulcan/migrations/v0064_join_when_matched_strings.py'> (migrator.py:206)
2025-12-10 14:15:33,713 - MainThread - vulcan.core.state_sync.db.migrator - INFO - Applying migration <module 'vulcan.migrations.v0065_add_model_optimize' from '/Users/shreyasikarwar/Desktop/DataOs-Research/Vulcan/vulcan-exp-dev/vulcan/migrations/v0065_add_model_optimize.py'> (migrator.py:206)
2025-12-10 14:15:33,713 - MainThread - vulcan.core.state_sync.db.migrator - INFO - Applying migration <module 'vulcan.migrations.v0066_add_auto_restatements' from '/Users/shreyasikarwar/Desktop/DataOs-Research/Vulcan/vulcan-exp-dev/vulcan/migrations/v0066_add_auto_restatements.py'> (migrator.py:206)
2025-12-10 14:15:33,716 - MainThread - vulcan.core.state_sync.db.migrator - INFO - Applying migration <module 'vulcan.migrations.v0067_add_tsql_date_full_precision' from '/Users/shreyasikarwar/Desktop/DataOs-Research/Vulcan/vulcan-exp-dev/vulcan/migrations/v0067_add_tsql_date_full_precision.py'> (migrator.py:206)
2025-12-10 14:15:33,716 - MainThread - vulcan.core.state_sync.db.migrator - INFO - Applying migration <module 'vulcan.migrations.v0068_include_unrendered_query_in_metadata_hash' from '/Users/shreyasikarwar/Desktop/DataOs-Research/Vulcan/vulcan-exp-dev/vulcan/migrations/v0068_include_unrendered_query_in_metadata_hash.py'> (migrator.py:206)
2025-12-10 14:15:33,716 - MainThread - vulcan.core.state_sync.db.migrator - INFO - Applying migration <module 'vulcan.migrations.v0069_update_dev_table_suffix' from '/Users/shreyasikarwar/Desktop/DataOs-Research/Vulcan/vulcan-exp-dev/vulcan/migrations/v0069_update_dev_table_suffix.py'> (migrator.py:206)
2025-12-10 14:15:33,716 - MainThread - vulcan.core.state_sync.db.migrator - INFO - Applying migration <module 'vulcan.migrations.v0070_include_grains_in_metadata_hash' from '/Users/shreyasikarwar/Desktop/DataOs-Research/Vulcan/vulcan-exp-dev/vulcan/migrations/v0070_include_grains_in_metadata_hash.py'> (migrator.py:206)
2025-12-10 14:15:33,716 - MainThread - vulcan.core.state_sync.db.migrator - INFO - Applying migration <module 'vulcan.migrations.v0071_add_dev_version_to_intervals' from '/Users/shreyasikarwar/Desktop/DataOs-Research/Vulcan/vulcan-exp-dev/vulcan/migrations/v0071_add_dev_version_to_intervals.py'> (migrator.py:206)
2025-12-10 14:15:33,716 - MainThread - vulcan.core.state_sync.db.migrator - INFO - Applying migration <module 'vulcan.migrations.v0072_add_environment_statements' from '/Users/shreyasikarwar/Desktop/DataOs-Research/Vulcan/vulcan-exp-dev/vulcan/migrations/v0072_add_environment_statements.py'> (migrator.py:206)
2025-12-10 14:15:33,718 - MainThread - vulcan.core.state_sync.db.migrator - INFO - Applying migration <module 'vulcan.migrations.v0073_remove_symbolic_disable_restatement' from '/Users/shreyasikarwar/Desktop/DataOs-Research/Vulcan/vulcan-exp-dev/vulcan/migrations/v0073_remove_symbolic_disable_restatement.py'> (migrator.py:206)
2025-12-10 14:15:33,718 - MainThread - vulcan.core.state_sync.db.migrator - INFO - Applying migration <module 'vulcan.migrations.v0074_add_partition_by_time_column_property' from '/Users/shreyasikarwar/Desktop/DataOs-Research/Vulcan/vulcan-exp-dev/vulcan/migrations/v0074_add_partition_by_time_column_property.py'> (migrator.py:206)
2025-12-10 14:15:33,718 - MainThread - vulcan.core.state_sync.db.migrator - INFO - Applying migration <module 'vulcan.migrations.v0075_remove_validate_query' from '/Users/shreyasikarwar/Desktop/DataOs-Research/Vulcan/vulcan-exp-dev/vulcan/migrations/v0075_remove_validate_query.py'> (migrator.py:206)
2025-12-10 14:15:33,718 - MainThread - vulcan.core.state_sync.db.migrator - INFO - Applying migration <module 'vulcan.migrations.v0076_add_cron_tz' from '/Users/shreyasikarwar/Desktop/DataOs-Research/Vulcan/vulcan-exp-dev/vulcan/migrations/v0076_add_cron_tz.py'> (migrator.py:206)
2025-12-10 14:15:33,718 - MainThread - vulcan.core.state_sync.db.migrator - INFO - Applying migration <module 'vulcan.migrations.v0077_fix_column_type_hash_calculation' from '/Users/shreyasikarwar/Desktop/DataOs-Research/Vulcan/vulcan-exp-dev/vulcan/migrations/v0077_fix_column_type_hash_calculation.py'> (migrator.py:206)
2025-12-10 14:15:33,718 - MainThread - vulcan.core.state_sync.db.migrator - INFO - Applying migration <module 'vulcan.migrations.v0078_warn_if_non_migratable_python_env' from '/Users/shreyasikarwar/Desktop/DataOs-Research/Vulcan/vulcan-exp-dev/vulcan/migrations/v0078_warn_if_non_migratable_python_env.py'> (migrator.py:206)
2025-12-10 14:15:33,718 - MainThread - vulcan.core.state_sync.db.migrator - INFO - Applying migration <module 'vulcan.migrations.v0079_add_gateway_managed_property' from '/Users/shreyasikarwar/Desktop/DataOs-Research/Vulcan/vulcan-exp-dev/vulcan/migrations/v0079_add_gateway_managed_property.py'> (migrator.py:206)
2025-12-10 14:15:33,719 - MainThread - vulcan.core.state_sync.db.migrator - INFO - Applying migration <module 'vulcan.migrations.v0080_add_batch_size_to_scd_type_2_models' from '/Users/shreyasikarwar/Desktop/DataOs-Research/Vulcan/vulcan-exp-dev/vulcan/migrations/v0080_add_batch_size_to_scd_type_2_models.py'> (migrator.py:206)
2025-12-10 14:15:33,719 - MainThread - vulcan.core.state_sync.db.migrator - INFO - Applying migration <module 'vulcan.migrations.v0081_update_partitioned_by' from '/Users/shreyasikarwar/Desktop/DataOs-Research/Vulcan/vulcan-exp-dev/vulcan/migrations/v0081_update_partitioned_by.py'> (migrator.py:206)
2025-12-10 14:15:33,719 - MainThread - vulcan.core.state_sync.db.migrator - INFO - Applying migration <module 'vulcan.migrations.v0082_warn_if_incorrectly_duplicated_statements' from '/Users/shreyasikarwar/Desktop/DataOs-Research/Vulcan/vulcan-exp-dev/vulcan/migrations/v0082_warn_if_incorrectly_duplicated_statements.py'> (migrator.py:206)
2025-12-10 14:15:33,719 - MainThread - vulcan.core.state_sync.db.migrator - INFO - Applying migration <module 'vulcan.migrations.v0083_use_sql_for_scd_time_data_type_data_hash' from '/Users/shreyasikarwar/Desktop/DataOs-Research/Vulcan/vulcan-exp-dev/vulcan/migrations/v0083_use_sql_for_scd_time_data_type_data_hash.py'> (migrator.py:206)
2025-12-10 14:15:33,719 - MainThread - vulcan.core.state_sync.db.migrator - INFO - Applying migration <module 'vulcan.migrations.v0084_normalize_quote_when_matched_and_merge_filter' from '/Users/shreyasikarwar/Desktop/DataOs-Research/Vulcan/vulcan-exp-dev/vulcan/migrations/v0084_normalize_quote_when_matched_and_merge_filter.py'> (migrator.py:206)
2025-12-10 14:15:33,719 - MainThread - vulcan.core.state_sync.db.migrator - INFO - Applying migration <module 'vulcan.migrations.v0085_deterministic_repr' from '/Users/shreyasikarwar/Desktop/DataOs-Research/Vulcan/vulcan-exp-dev/vulcan/migrations/v0085_deterministic_repr.py'> (migrator.py:206)
2025-12-10 14:15:33,719 - MainThread - vulcan.core.state_sync.db.migrator - INFO - Applying migration <module 'vulcan.migrations.v0086_check_deterministic_bug' from '/Users/shreyasikarwar/Desktop/DataOs-Research/Vulcan/vulcan-exp-dev/vulcan/migrations/v0086_check_deterministic_bug.py'> (migrator.py:206)
2025-12-10 14:15:33,719 - MainThread - vulcan.core.state_sync.db.migrator - INFO - Applying migration <module 'vulcan.migrations.v0087_normalize_blueprint_variables' from '/Users/shreyasikarwar/Desktop/DataOs-Research/Vulcan/vulcan-exp-dev/vulcan/migrations/v0087_normalize_blueprint_variables.py'> (migrator.py:206)
2025-12-10 14:15:33,719 - MainThread - vulcan.core.state_sync.db.migrator - INFO - Applying migration <module 'vulcan.migrations.v0088_warn_about_variable_python_env_diffs' from '/Users/shreyasikarwar/Desktop/DataOs-Research/Vulcan/vulcan-exp-dev/vulcan/migrations/v0088_warn_about_variable_python_env_diffs.py'> (migrator.py:206)
2025-12-10 14:15:33,719 - MainThread - vulcan.core.state_sync.db.migrator - INFO - Applying migration <module 'vulcan.migrations.v0089_add_virtual_environment_mode' from '/Users/shreyasikarwar/Desktop/DataOs-Research/Vulcan/vulcan-exp-dev/vulcan/migrations/v0089_add_virtual_environment_mode.py'> (migrator.py:206)
2025-12-10 14:15:33,719 - MainThread - vulcan.core.state_sync.db.migrator - INFO - Applying migration <module 'vulcan.migrations.v0090_add_forward_only_column' from '/Users/shreyasikarwar/Desktop/DataOs-Research/Vulcan/vulcan-exp-dev/vulcan/migrations/v0090_add_forward_only_column.py'> (migrator.py:206)
2025-12-10 14:15:33,719 - MainThread - vulcan.core.state_sync.db.migrator - INFO - Applying migration <module 'vulcan.migrations.v0091_on_additive_change' from '/Users/shreyasikarwar/Desktop/DataOs-Research/Vulcan/vulcan-exp-dev/vulcan/migrations/v0091_on_additive_change.py'> (migrator.py:206)
2025-12-10 14:15:33,719 - MainThread - vulcan.core.state_sync.db.migrator - INFO - Applying migration <module 'vulcan.migrations.v0092_warn_about_dbt_data_type_diff' from '/Users/shreyasikarwar/Desktop/DataOs-Research/Vulcan/vulcan-exp-dev/vulcan/migrations/v0092_warn_about_dbt_data_type_diff.py'> (migrator.py:206)
2025-12-10 14:15:33,719 - MainThread - vulcan.core.state_sync.db.migrator - INFO - Applying migration <module 'vulcan.migrations.v0093_use_raw_sql_in_fingerprint' from '/Users/shreyasikarwar/Desktop/DataOs-Research/Vulcan/vulcan-exp-dev/vulcan/migrations/v0093_use_raw_sql_in_fingerprint.py'> (migrator.py:206)
2025-12-10 14:15:33,719 - MainThread - vulcan.core.state_sync.db.migrator - INFO - Applying migration <module 'vulcan.migrations.v0094_add_dev_version_and_fingerprint_columns' from '/Users/shreyasikarwar/Desktop/DataOs-Research/Vulcan/vulcan-exp-dev/vulcan/migrations/v0094_add_dev_version_and_fingerprint_columns.py'> (migrator.py:206)
2025-12-10 14:15:33,720 - MainThread - vulcan.core.state_sync.db.migrator - INFO - Applying migration <module 'vulcan.migrations.v0095_warn_about_dbt_raw_sql_diff' from '/Users/shreyasikarwar/Desktop/DataOs-Research/Vulcan/vulcan-exp-dev/vulcan/migrations/v0095_warn_about_dbt_raw_sql_diff.py'> (migrator.py:206)
2025-12-10 14:15:33,720 - MainThread - vulcan.core.state_sync.db.migrator - INFO - Applying migration <module 'vulcan.migrations.v0096_remove_plan_dags_table' from '/Users/shreyasikarwar/Desktop/DataOs-Research/Vulcan/vulcan-exp-dev/vulcan/migrations/v0096_remove_plan_dags_table.py'> (migrator.py:206)
2025-12-10 14:15:33,721 - MainThread - vulcan.core.state_sync.db.migrator - INFO - Applying migration <module 'vulcan.migrations.v0097_add_dbt_name_in_node' from '/Users/shreyasikarwar/Desktop/DataOs-Research/Vulcan/vulcan-exp-dev/vulcan/migrations/v0097_add_dbt_name_in_node.py'> (migrator.py:206)
2025-12-10 14:15:33,721 - MainThread - vulcan.core.state_sync.db.migrator - INFO - Applying migration <module 'vulcan.migrations.v0098_add_dbt_node_info_in_node' from '/Users/shreyasikarwar/Desktop/DataOs-Research/Vulcan/vulcan-exp-dev/vulcan/migrations/v0098_add_dbt_node_info_in_node.py'> (migrator.py:206)
2025-12-10 14:15:33,721 - MainThread - vulcan.core.state_sync.db.migrator - INFO - Applying migration <module 'vulcan.migrations.v0099_add_last_altered_to_intervals' from '/Users/shreyasikarwar/Desktop/DataOs-Research/Vulcan/vulcan-exp-dev/vulcan/migrations/v0099_add_last_altered_to_intervals.py'> (migrator.py:206)
2025-12-10 14:15:33,721 - MainThread - vulcan.core.state_sync.db.migrator - INFO - Applying migration <module 'vulcan.migrations.v0100_add_grants_and_grants_target_layer' from '/Users/shreyasikarwar/Desktop/DataOs-Research/Vulcan/vulcan-exp-dev/vulcan/migrations/v0100_add_grants_and_grants_target_layer.py'> (migrator.py:206)
2025-12-10 14:15:33,722 - MainThread - vulcan.core.state_sync.db.migrator - INFO - Fetching environments (migrator.py:228)
2025-12-10 14:15:33,722 - MainThread - vulcan.core.state_sync.db.migrator - INFO - Migrating snapshot rows... (migrator.py:245)
2025-12-10 14:15:33,723 - MainThread - vulcan.core.state_sync.db.migrator - INFO - No changes to snapshots detected (migrator.py:238)
2025-12-10 14:15:34,004 - MainThread - vulcan.core.config.connection - INFO - Creating new DuckDB adapter for in-memory database (connection.py:511)
2025-12-10 14:15:36,018 - MainThread - vulcan.core.plan.evaluator - INFO - Evaluating plan stage CreateSnapshotRecordsStage (evaluator.py:125)
2025-12-10 14:15:36,040 - MainThread - vulcan.core.plan.evaluator - INFO - Evaluating plan stage PhysicalLayerSchemaCreationStage (evaluator.py:125)
2025-12-10 14:15:36,041 - ThreadPoolExecutor-2_0 - vulcan.core.snapshot.evaluator - INFO - Creating schema 'warehouse.vulcan__raw' (evaluator.py:1443)
2025-12-10 14:15:36,042 - ThreadPoolExecutor-2_1 - vulcan.core.snapshot.evaluator - INFO - Creating schema 'warehouse.vulcan__sales' (evaluator.py:1443)
2025-12-10 14:15:36,047 - ThreadPoolExecutor-2_0 - vulcan.core.engine_adapter.base - INFO - Executing SQL: /* VULCAN_PLAN[orders360]: 16209a087eac432983dacaef1755b306 */ CREATE SCHEMA IF NOT EXISTS "vulcan__raw" (base.py:2622)
2025-12-10 14:15:36,051 - ThreadPoolExecutor-2_1 - vulcan.core.engine_adapter.base - INFO - Executing SQL: /* VULCAN_PLAN[orders360]: 16209a087eac432983dacaef1755b306 */ CREATE SCHEMA IF NOT EXISTS "vulcan__sales" (base.py:2622)
2025-12-10 14:15:36,054 - MainThread - vulcan.core.plan.evaluator - INFO - Evaluating plan stage BackfillStage (evaluator.py:125)
2025-12-10 14:15:36,057 - ThreadPoolExecutor-3_0 - vulcan.core.snapshot.evaluator - INFO - Listing data objects in schema warehouse.vulcan__sales (evaluator.py:1610)
2025-12-10 14:15:36,057 - ThreadPoolExecutor-3_1 - vulcan.core.snapshot.evaluator - INFO - Listing data objects in schema warehouse.vulcan__raw (evaluator.py:1610)
2025-12-10 14:15:36,061 - ThreadPoolExecutor-3_0 - vulcan.core.engine_adapter.base - INFO - Executing SQL: /* VULCAN_PLAN[orders360]: 16209a087eac432983dacaef1755b306 */ SELECT current_catalog (base.py:2622)
2025-12-10 14:15:36,064 - ThreadPoolExecutor-3_1 - vulcan.core.engine_adapter.base - INFO - Executing SQL: /* VULCAN_PLAN[orders360]: 16209a087eac432983dacaef1755b306 */ SELECT current_catalog (base.py:2622)
2025-12-10 14:15:36,149 - ThreadPoolExecutor-4_0 - vulcan.core.snapshot.evaluator - INFO - Evaluating snapshot SnapshotId<"warehouse"."raw"."raw_customers": 177450048> (evaluator.py:711)
2025-12-10 14:15:36,149 - ThreadPoolExecutor-4_1 - vulcan.core.snapshot.evaluator - INFO - Evaluating snapshot SnapshotId<"warehouse"."raw"."raw_orders": 574323373> (evaluator.py:711)
2025-12-10 14:15:36,150 - ThreadPoolExecutor-4_2 - vulcan.core.snapshot.evaluator - INFO - Evaluating snapshot SnapshotId<"warehouse"."raw"."raw_products": 2525607284> (evaluator.py:711)
2025-12-10 14:15:36,162 - ThreadPoolExecutor-4_1 - vulcan.core.snapshot.evaluator - INFO - Creating table 'warehouse.vulcan__raw.raw__raw_orders__1032938324' (evaluator.py:2034)
2025-12-10 14:15:36,163 - ThreadPoolExecutor-4_1 - vulcan.core.engine_adapter.base - INFO - Executing SQL: /* VULCAN_PLAN[orders360]: 16209a087eac432983dacaef1755b306 */ CREATE TABLE IF NOT EXISTS "vulcan__raw"."raw__raw_orders__1032938324" ("order_id" VARCHAR, "order_date" DATE, "customer_id" VARCHAR, "product_id" VARCHAR, "total_amount" DOUBLE PRECISION) (base.py:2622)
2025-12-10 14:15:36,163 - ThreadPoolExecutor-4_2 - vulcan.core.snapshot.evaluator - INFO - Creating table 'warehouse.vulcan__raw.raw__raw_products__3337559381' (evaluator.py:2034)
2025-12-10 14:15:36,163 - ThreadPoolExecutor-4_2 - vulcan.core.engine_adapter.base - INFO - Executing SQL: /* VULCAN_PLAN[orders360]: 16209a087eac432983dacaef1755b306 */ CREATE TABLE IF NOT EXISTS "vulcan__raw"."raw__raw_products__3337559381" ("product_id" VARCHAR, "product_name" VARCHAR, "category" VARCHAR, "price" DOUBLE PRECISION, "stock_quantity" INT) (base.py:2622)
2025-12-10 14:15:36,164 - ThreadPoolExecutor-4_0 - vulcan.core.snapshot.evaluator - INFO - Creating table 'warehouse.vulcan__raw.raw__raw_customers__1474975870' (evaluator.py:2034)
2025-12-10 14:15:36,164 - ThreadPoolExecutor-4_0 - vulcan.core.engine_adapter.base - INFO - Executing SQL: /* VULCAN_PLAN[orders360]: 16209a087eac432983dacaef1755b306 */ CREATE TABLE IF NOT EXISTS "vulcan__raw"."raw__raw_customers__1474975870" ("customer_id" VARCHAR, "first_name" VARCHAR, "last_name" VARCHAR, "email" VARCHAR, "customer_segment" VARCHAR) (base.py:2622)
2025-12-10 14:15:36,168 - ThreadPoolExecutor-4_1 - vulcan.core.engine_adapter.base - INFO - Executing SQL: /* VULCAN_PLAN[orders360]: 16209a087eac432983dacaef1755b306 */ COMMENT ON TABLE "vulcan__raw"."raw__raw_orders__1032938324" IS 'Seed model loading raw order data from CSV file' (base.py:2622)
2025-12-10 14:15:36,169 - ThreadPoolExecutor-4_0 - vulcan.core.engine_adapter.base - INFO - Executing SQL: /* VULCAN_PLAN[orders360]: 16209a087eac432983dacaef1755b306 */ COMMENT ON TABLE "vulcan__raw"."raw__raw_customers__1474975870" IS 'Seed model loading raw customer data from CSV file' (base.py:2622)
2025-12-10 14:15:36,169 - ThreadPoolExecutor-4_1 - vulcan.core.engine_adapter.base - INFO - Executing SQL: /* VULCAN_PLAN[orders360]: 16209a087eac432983dacaef1755b306 */ COMMENT ON COLUMN "vulcan__raw"."raw__raw_orders__1032938324"."order_id" IS 'Unique identifier for each order' (base.py:2622)
2025-12-10 14:15:36,169 - ThreadPoolExecutor-4_2 - vulcan.core.engine_adapter.base - INFO - Executing SQL: /* VULCAN_PLAN[orders360]: 16209a087eac432983dacaef1755b306 */ COMMENT ON TABLE "vulcan__raw"."raw__raw_products__3337559381" IS 'Seed model loading raw product data from CSV file' (base.py:2622)
2025-12-10 14:15:36,170 - ThreadPoolExecutor-4_0 - vulcan.core.engine_adapter.base - INFO - Executing SQL: /* VULCAN_PLAN[orders360]: 16209a087eac432983dacaef1755b306 */ COMMENT ON COLUMN "vulcan__raw"."raw__raw_customers__1474975870"."customer_id" IS 'Unique identifier for each customer' (base.py:2622)
2025-12-10 14:15:36,170 - ThreadPoolExecutor-4_1 - vulcan.core.engine_adapter.base - INFO - Executing SQL: /* VULCAN_PLAN[orders360]: 16209a087eac432983dacaef1755b306 */ COMMENT ON COLUMN "vulcan__raw"."raw__raw_orders__1032938324"."order_date" IS 'Date when the order was placed' (base.py:2622)
2025-12-10 14:15:36,170 - ThreadPoolExecutor-4_2 - vulcan.core.engine_adapter.base - INFO - Executing SQL: /* VULCAN_PLAN[orders360]: 16209a087eac432983dacaef1755b306 */ COMMENT ON COLUMN "vulcan__raw"."raw__raw_products__3337559381"."product_id" IS 'Unique identifier for each product' (base.py:2622)
2025-12-10 14:15:36,170 - ThreadPoolExecutor-4_0 - vulcan.core.engine_adapter.base - INFO - Executing SQL: /* VULCAN_PLAN[orders360]: 16209a087eac432983dacaef1755b306 */ COMMENT ON COLUMN "vulcan__raw"."raw__raw_customers__1474975870"."first_name" IS 'Customer first name' (base.py:2622)
2025-12-10 14:15:36,170 - ThreadPoolExecutor-4_1 - vulcan.core.engine_adapter.base - INFO - Executing SQL: /* VULCAN_PLAN[orders360]: 16209a087eac432983dacaef1755b306 */ COMMENT ON COLUMN "vulcan__raw"."raw__raw_orders__1032938324"."customer_id" IS 'Reference to customer who placed the order' (base.py:2622)
2025-12-10 14:15:36,170 - ThreadPoolExecutor-4_2 - vulcan.core.engine_adapter.base - INFO - Executing SQL: /* VULCAN_PLAN[orders360]: 16209a087eac432983dacaef1755b306 */ COMMENT ON COLUMN "vulcan__raw"."raw__raw_products__3337559381"."product_name" IS 'Name of the product' (base.py:2622)
2025-12-10 14:15:36,171 - ThreadPoolExecutor-4_0 - vulcan.core.engine_adapter.base - INFO - Executing SQL: /* VULCAN_PLAN[orders360]: 16209a087eac432983dacaef1755b306 */ COMMENT ON COLUMN "vulcan__raw"."raw__raw_customers__1474975870"."last_name" IS 'Customer last name' (base.py:2622)
2025-12-10 14:15:36,171 - ThreadPoolExecutor-4_1 - vulcan.core.engine_adapter.base - INFO - Executing SQL: /* VULCAN_PLAN[orders360]: 16209a087eac432983dacaef1755b306 */ COMMENT ON COLUMN "vulcan__raw"."raw__raw_orders__1032938324"."product_id" IS 'Reference to product that was ordered' (base.py:2622)
2025-12-10 14:15:36,171 - ThreadPoolExecutor-4_2 - vulcan.core.engine_adapter.base - INFO - Executing SQL: /* VULCAN_PLAN[orders360]: 16209a087eac432983dacaef1755b306 */ COMMENT ON COLUMN "vulcan__raw"."raw__raw_products__3337559381"."category" IS 'Product category (Electronics, Clothing, Sports, Home, Food, Toys)' (base.py:2622)
2025-12-10 14:15:36,171 - ThreadPoolExecutor-4_0 - vulcan.core.engine_adapter.base - INFO - Executing SQL: /* VULCAN_PLAN[orders360]: 16209a087eac432983dacaef1755b306 */ COMMENT ON COLUMN "vulcan__raw"."raw__raw_customers__1474975870"."email" IS 'Customer email address' (base.py:2622)
2025-12-10 14:15:36,171 - ThreadPoolExecutor-4_1 - vulcan.core.engine_adapter.base - INFO - Executing SQL: /* VULCAN_PLAN[orders360]: 16209a087eac432983dacaef1755b306 */ COMMENT ON COLUMN "vulcan__raw"."raw__raw_orders__1032938324"."total_amount" IS 'Total order amount in dollars' (base.py:2622)
2025-12-10 14:15:36,171 - ThreadPoolExecutor-4_0 - vulcan.core.engine_adapter.base - INFO - Executing SQL: /* VULCAN_PLAN[orders360]: 16209a087eac432983dacaef1755b306 */ COMMENT ON COLUMN "vulcan__raw"."raw__raw_customers__1474975870"."customer_segment" IS 'Customer tier (Platinum, Gold, Silver, Bronze)' (base.py:2622)
2025-12-10 14:15:36,171 - ThreadPoolExecutor-4_2 - vulcan.core.engine_adapter.base - INFO - Executing SQL: /* VULCAN_PLAN[orders360]: 16209a087eac432983dacaef1755b306 */ COMMENT ON COLUMN "vulcan__raw"."raw__raw_products__3337559381"."price" IS 'Product selling price in dollars' (base.py:2622)
2025-12-10 14:15:36,175 - ThreadPoolExecutor-4_0 - vulcan.core.engine_adapter.base - INFO - Executing SQL: /* VULCAN_PLAN[orders360]: 16209a087eac432983dacaef1755b306 */ SELECT current_catalog (base.py:2622)
2025-12-10 14:15:36,176 - ThreadPoolExecutor-4_1 - vulcan.core.engine_adapter.base - INFO - Executing SQL: /* VULCAN_PLAN[orders360]: 16209a087eac432983dacaef1755b306 */ SELECT current_catalog (base.py:2622)
2025-12-10 14:15:36,176 - ThreadPoolExecutor-4_2 - vulcan.core.engine_adapter.base - INFO - Executing SQL: /* VULCAN_PLAN[orders360]: 16209a087eac432983dacaef1755b306 */ COMMENT ON COLUMN "vulcan__raw"."raw__raw_products__3337559381"."stock_quantity" IS 'Current inventory quantity available' (base.py:2622)
2025-12-10 14:15:36,178 - ThreadPoolExecutor-4_2 - vulcan.core.engine_adapter.base - INFO - Executing SQL: /* VULCAN_PLAN[orders360]: 16209a087eac432983dacaef1755b306 */ SELECT current_catalog (base.py:2622)
2025-12-10 14:15:36,184 - ThreadPoolExecutor-4_0 - vulcan.core.engine_adapter.base - INFO - Executing SQL: /* VULCAN_PLAN[orders360]: 16209a087eac432983dacaef1755b306 */ DELETE FROM "vulcan__raw"."raw__raw_customers__1474975870" WHERE TRUE (base.py:2622)
2025-12-10 14:15:36,186 - ThreadPoolExecutor-4_1 - vulcan.core.engine_adapter.base - INFO - Executing SQL: /* VULCAN_PLAN[orders360]: 16209a087eac432983dacaef1755b306 */ DELETE FROM "vulcan__raw"."raw__raw_orders__1032938324" WHERE TRUE (base.py:2622)
2025-12-10 14:15:36,187 - ThreadPoolExecutor-4_2 - vulcan.core.engine_adapter.base - INFO - Executing SQL: /* VULCAN_PLAN[orders360]: 16209a087eac432983dacaef1755b306 */ DELETE FROM "vulcan__raw"."raw__raw_products__3337559381" WHERE TRUE (base.py:2622)
2025-12-10 14:15:36,189 - ThreadPoolExecutor-4_0 - vulcan.core.engine_adapter.base - INFO - Executing SQL: INSERT INTO "vulcan__raw"."raw__raw_customers__1474975870" ("customer_id", "first_name", "last_name", "email", "customer_segment") SELECT CAST("customer_id" AS VARCHAR) AS "customer_id", CAST("first_name" AS VARCHAR) AS "first_name", CAST("last_name" AS VARCHAR) AS "last_name", CAST("email" AS VARCHAR) AS "email", CAST("customer_segment" AS VARCHAR) AS "customer_segment" FROM (VALUES "<REDACTED VALUES>") AS "t"("customer_id", "first_name", "last_name", "email", "customer_segment") (base.py:2622)
2025-12-10 14:15:36,190 - ThreadPoolExecutor-4_1 - vulcan.core.engine_adapter.base - INFO - Executing SQL: INSERT INTO "vulcan__raw"."raw__raw_orders__1032938324" ("order_id", "order_date", "customer_id", "product_id", "total_amount") SELECT CAST("order_id" AS VARCHAR) AS "order_id", CAST("order_date" AS DATE) AS "order_date", CAST("customer_id" AS VARCHAR) AS "customer_id", CAST("product_id" AS VARCHAR) AS "product_id", CAST("total_amount" AS DOUBLE PRECISION) AS "total_amount" FROM (VALUES "<REDACTED VALUES>") AS "t"("order_id", "order_date", "customer_id", "product_id", "total_amount") (base.py:2622)
2025-12-10 14:15:36,191 - ThreadPoolExecutor-4_2 - vulcan.core.engine_adapter.base - INFO - Executing SQL: INSERT INTO "vulcan__raw"."raw__raw_products__3337559381" ("product_id", "product_name", "category", "price", "stock_quantity") SELECT CAST("product_id" AS VARCHAR) AS "product_id", CAST("product_name" AS VARCHAR) AS "product_name", CAST("category" AS VARCHAR) AS "category", CAST("price" AS DOUBLE PRECISION) AS "price", CAST("stock_quantity" AS INT) AS "stock_quantity" FROM (VALUES "<REDACTED VALUES>") AS "t"("product_id", "product_name", "category", "price", "stock_quantity") (base.py:2622)
2025-12-10 14:15:36,201 - ThreadPoolExecutor-4_2 - vulcan.core.state_sync.db.facade - INFO - Adding interval (2025-12-10 08:40:00, 2025-12-10 08:45:00) for snapshot SnapshotId<"warehouse"."raw"."raw_products": 2525607284> (facade.py:912)
2025-12-10 14:15:36,201 - ThreadPoolExecutor-4_0 - vulcan.core.state_sync.db.facade - INFO - Adding interval (2025-12-10 08:40:00, 2025-12-10 08:45:00) for snapshot SnapshotId<"warehouse"."raw"."raw_customers": 177450048> (facade.py:912)
2025-12-10 14:15:36,201 - ThreadPoolExecutor-4_2 - vulcan.core.state_sync.db.interval - INFO - Pushing intervals for snapshot SnapshotId<"warehouse"."raw"."raw_products": 2525607284> (interval.py:215)
2025-12-10 14:15:36,201 - ThreadPoolExecutor-4_0 - vulcan.core.state_sync.db.interval - INFO - Pushing intervals for snapshot SnapshotId<"warehouse"."raw"."raw_customers": 177450048> (interval.py:215)
2025-12-10 14:15:36,205 - ThreadPoolExecutor-4_1 - vulcan.core.state_sync.db.facade - INFO - Adding interval (2025-12-10 08:40:00, 2025-12-10 08:45:00) for snapshot SnapshotId<"warehouse"."raw"."raw_orders": 574323373> (facade.py:912)
2025-12-10 14:15:36,205 - ThreadPoolExecutor-4_1 - vulcan.core.state_sync.db.interval - INFO - Pushing intervals for snapshot SnapshotId<"warehouse"."raw"."raw_orders": 574323373> (interval.py:215)
2025-12-10 14:15:36,214 - ThreadPoolExecutor-4_1 - vulcan.core.snapshot.evaluator - INFO - Evaluating snapshot SnapshotId<"warehouse"."sales"."daily_sales": 2528926922> (evaluator.py:711)
2025-12-10 14:15:36,214 - ThreadPoolExecutor-4_1 - vulcan.core.snapshot.evaluator - INFO - Inserting data for snapshot SnapshotId<"warehouse"."sales"."daily_sales": 2528926922> (evaluator.py:952)
2025-12-10 14:15:36,214 - ThreadPoolExecutor-4_3 - vulcan.core.state_sync.db.facade - INFO - Adding interval (2025-12-09 00:00:00, 2025-12-10 00:00:00) for snapshot SnapshotId<semantic-model.products: 1445163979> (facade.py:912)
2025-12-10 14:15:36,218 - ThreadPoolExecutor-4_1 - vulcan.core.snapshot.evaluator - INFO - Inserting batch (2025-12-09 00:00:00, 2025-12-10 00:00:00) into warehouse.vulcan__sales.sales__daily_sales__2671854529' (evaluator.py:984)
2025-12-10 14:15:36,218 - ThreadPoolExecutor-4_0 - vulcan.core.state_sync.db.facade - INFO - Adding interval (2025-12-09 00:00:00, 2025-12-10 00:00:00) for snapshot SnapshotId<semantic-model.customers: 164593386> (facade.py:912)
2025-12-10 14:15:36,218 - ThreadPoolExecutor-4_2 - vulcan.core.state_sync.db.facade - INFO - Adding interval (2025-12-09 00:00:00, 2025-12-10 00:00:00) for snapshot SnapshotId<semantic-model.orders: 106698390> (facade.py:912)
2025-12-10 14:15:36,218 - ThreadPoolExecutor-4_3 - vulcan.core.state_sync.db.interval - INFO - Pushing intervals for snapshot SnapshotId<semantic-model.products: 1445163979> (interval.py:215)
2025-12-10 14:15:36,220 - ThreadPoolExecutor-4_1 - vulcan.core.engine_adapter.base - INFO - Executing SQL: /* VULCAN_PLAN[orders360]: 16209a087eac432983dacaef1755b306 */ CREATE TABLE IF NOT EXISTS "vulcan__sales"."sales__daily_sales__2671854529" AS SELECT CAST("order_date" AS TIMESTAMP) AS "order_date", CAST("total_orders" AS INT) AS "total_orders", CAST("total_revenue" AS DOUBLE PRECISION) AS "total_revenue", CAST("last_order_id" AS VARCHAR) AS "last_order_id" FROM (SELECT CAST(CAST("raw_orders"."order_date" AS TIMESTAMP) AS TIMESTAMP) AS "order_date", CAST(COUNT("raw_orders"."order_id") AS INT) AS "total_orders", CAST(SUM("raw_orders"."total_amount") AS DOUBLE PRECISION) AS "total_revenue", CAST(MAX("raw_orders"."order_id") AS VARCHAR) AS "last_order_id" FROM "warehouse"."vulcan__raw"."raw__raw_orders__1032938324" AS "raw_orders" GROUP BY "raw_orders"."order_date" ORDER BY "order_date") AS "_subquery" (base.py:2622)
2025-12-10 14:15:36,220 - ThreadPoolExecutor-4_0 - vulcan.core.state_sync.db.interval - INFO - Pushing intervals for snapshot SnapshotId<semantic-model.customers: 164593386> (interval.py:215)
2025-12-10 14:15:36,220 - ThreadPoolExecutor-4_2 - vulcan.core.state_sync.db.interval - INFO - Pushing intervals for snapshot SnapshotId<semantic-model.orders: 106698390> (interval.py:215)
2025-12-10 14:15:36,226 - ThreadPoolExecutor-4_1 - vulcan.core.engine_adapter.base - INFO - Executing SQL: /* VULCAN_PLAN[orders360]: 16209a087eac432983dacaef1755b306 */ COMMENT ON TABLE "vulcan__sales"."sales__daily_sales__2671854529" IS 'Daily sales summary with order counts and revenue' (base.py:2622)
2025-12-10 14:15:36,227 - ThreadPoolExecutor-4_1 - vulcan.core.engine_adapter.base - INFO - Executing SQL: /* VULCAN_PLAN[orders360]: 16209a087eac432983dacaef1755b306 */ COMMENT ON COLUMN "vulcan__sales"."sales__daily_sales__2671854529"."order_date" IS 'Date of the sales' (base.py:2622)
2025-12-10 14:15:36,232 - ThreadPoolExecutor-4_1 - vulcan.core.engine_adapter.base - INFO - Executing SQL: /* VULCAN_PLAN[orders360]: 16209a087eac432983dacaef1755b306 */ COMMENT ON COLUMN "vulcan__sales"."sales__daily_sales__2671854529"."total_orders" IS 'Total number of orders for the day' (base.py:2622)
2025-12-10 14:15:36,232 - ThreadPoolExecutor-4_1 - vulcan.core.engine_adapter.base - INFO - Executing SQL: /* VULCAN_PLAN[orders360]: 16209a087eac432983dacaef1755b306 */ COMMENT ON COLUMN "vulcan__sales"."sales__daily_sales__2671854529"."total_revenue" IS 'Total revenue for the day' (base.py:2622)
2025-12-10 14:15:36,232 - ThreadPoolExecutor-4_1 - vulcan.core.engine_adapter.base - INFO - Executing SQL: /* VULCAN_PLAN[orders360]: 16209a087eac432983dacaef1755b306 */ COMMENT ON COLUMN "vulcan__sales"."sales__daily_sales__2671854529"."last_order_id" IS 'Last order ID processed for the day' (base.py:2622)
2025-12-10 14:15:36,234 - ThreadPoolExecutor-4_1 - vulcan.core.state_sync.db.facade - INFO - Adding interval (2025-12-09 00:00:00, 2025-12-10 00:00:00) for snapshot SnapshotId<"warehouse"."sales"."daily_sales": 2528926922> (facade.py:912)
2025-12-10 14:15:36,234 - ThreadPoolExecutor-4_1 - vulcan.core.state_sync.db.interval - INFO - Pushing intervals for snapshot SnapshotId<"warehouse"."sales"."daily_sales": 2528926922> (interval.py:215)
2025-12-10 14:15:36,239 - ThreadPoolExecutor-4_1 - vulcan.core.state_sync.db.facade - INFO - Adding interval (2025-12-09 00:00:00, 2025-12-10 00:00:00) for snapshot SnapshotId<__checks.sales.daily_sales:validity: 2114944644> (facade.py:912)
2025-12-10 14:15:36,239 - ThreadPoolExecutor-4_1 - vulcan.core.state_sync.db.interval - INFO - Pushing intervals for snapshot SnapshotId<__checks.sales.daily_sales:validity: 2114944644> (interval.py:215)
2025-12-10 14:15:36,241 - ThreadPoolExecutor-4_0 - vulcan.core.state_sync.db.facade - INFO - Adding interval (2025-12-09 00:00:00, 2025-12-10 00:00:00) for snapshot SnapshotId<semantic-model.daily_sales: 2863627947> (facade.py:912)
2025-12-10 14:15:36,241 - ThreadPoolExecutor-4_0 - vulcan.core.state_sync.db.interval - INFO - Pushing intervals for snapshot SnapshotId<semantic-model.daily_sales: 2863627947> (interval.py:215)
2025-12-10 14:15:36,250 - ThreadPoolExecutor-4_0 - vulcan.core.state_sync.db.facade - INFO - Adding interval (2025-12-09 00:00:00, 2025-12-10 00:00:00) for snapshot SnapshotId<semantic-metric.order_volume: 2447726641> (facade.py:912)
2025-12-10 14:15:36,250 - ThreadPoolExecutor-4_2 - vulcan.core.state_sync.db.facade - INFO - Adding interval (2025-12-09 00:00:00, 2025-12-10 00:00:00) for snapshot SnapshotId<semantic-metric.revenue_trends: 3320866955> (facade.py:912)
2025-12-10 14:15:36,250 - ThreadPoolExecutor-4_0 - vulcan.core.state_sync.db.interval - INFO - Pushing intervals for snapshot SnapshotId<semantic-metric.order_volume: 2447726641> (interval.py:215)
2025-12-10 14:15:36,250 - ThreadPoolExecutor-4_2 - vulcan.core.state_sync.db.interval - INFO - Pushing intervals for snapshot SnapshotId<semantic-metric.revenue_trends: 3320866955> (interval.py:215)
2025-12-10 14:15:36,258 - MainThread - vulcan.core.plan.evaluator - INFO - Evaluating plan stage EnvironmentRecordUpdateStage (evaluator.py:125)
2025-12-10 14:15:36,265 - MainThread - vulcan.core.state_sync.db.facade - INFO - Promoting environment 'prod' (facade.py:189)
2025-12-10 14:15:36,272 - MainThread - vulcan.core.plan.evaluator - INFO - Evaluating plan stage UnpauseStage (evaluator.py:125)
2025-12-10 14:15:36,276 - MainThread - vulcan.core.plan.evaluator - INFO - Evaluating plan stage VirtualLayerUpdateStage (evaluator.py:125)
2025-12-10 14:15:36,278 - ThreadPoolExecutor-5_0 - vulcan.core.snapshot.evaluator - INFO - Creating schema 'warehouse.raw' (evaluator.py:1443)
2025-12-10 14:15:36,278 - ThreadPoolExecutor-5_1 - vulcan.core.snapshot.evaluator - INFO - Creating schema 'warehouse.sales' (evaluator.py:1443)
2025-12-10 14:15:36,281 - ThreadPoolExecutor-5_0 - vulcan.core.engine_adapter.base - INFO - Executing SQL: /* VULCAN_PLAN[orders360]: 16209a087eac432983dacaef1755b306 */ CREATE SCHEMA IF NOT EXISTS "raw" (base.py:2622)
2025-12-10 14:15:36,284 - ThreadPoolExecutor-5_1 - vulcan.core.engine_adapter.base - INFO - Executing SQL: /* VULCAN_PLAN[orders360]: 16209a087eac432983dacaef1755b306 */ CREATE SCHEMA IF NOT EXISTS "sales" (base.py:2622)
2025-12-10 14:15:36,286 - ThreadPoolExecutor-6_0 - vulcan.core.snapshot.evaluator - INFO - Listing data objects in schema warehouse.raw (evaluator.py:1610)
2025-12-10 14:15:36,287 - ThreadPoolExecutor-6_1 - vulcan.core.snapshot.evaluator - INFO - Listing data objects in schema warehouse.sales (evaluator.py:1610)
2025-12-10 14:15:36,289 - ThreadPoolExecutor-6_0 - vulcan.core.engine_adapter.base - INFO - Executing SQL: /* VULCAN_PLAN[orders360]: 16209a087eac432983dacaef1755b306 */ SELECT current_catalog (base.py:2622)
2025-12-10 14:15:36,291 - ThreadPoolExecutor-6_1 - vulcan.core.engine_adapter.base - INFO - Executing SQL: /* VULCAN_PLAN[orders360]: 16209a087eac432983dacaef1755b306 */ SELECT current_catalog (base.py:2622)
2025-12-10 14:15:36,301 - ThreadPoolExecutor-7_0 - vulcan.core.snapshot.evaluator - INFO - Updating view 'warehouse.raw.raw_customers' to point at table 'warehouse.vulcan__raw.raw__raw_customers__1474975870' (evaluator.py:1980)
2025-12-10 14:15:36,302 - ThreadPoolExecutor-7_0 - vulcan.core.engine_adapter.base - INFO - Executing SQL: /* VULCAN_PLAN[orders360]: 16209a087eac432983dacaef1755b306 */ DROP VIEW IF EXISTS "raw"."raw_customers" CASCADE (base.py:2622)
2025-12-10 14:15:36,304 - ThreadPoolExecutor-7_1 - vulcan.core.snapshot.evaluator - INFO - Updating view 'warehouse.raw.raw_orders' to point at table 'warehouse.vulcan__raw.raw__raw_orders__1032938324' (evaluator.py:1980)
2025-12-10 14:15:36,304 - ThreadPoolExecutor-7_1 - vulcan.core.engine_adapter.base - INFO - Executing SQL: /* VULCAN_PLAN[orders360]: 16209a087eac432983dacaef1755b306 */ DROP VIEW IF EXISTS "raw"."raw_orders" CASCADE (base.py:2622)
2025-12-10 14:15:36,306 - ThreadPoolExecutor-7_2 - vulcan.core.snapshot.evaluator - INFO - Updating view 'warehouse.raw.raw_products' to point at table 'warehouse.vulcan__raw.raw__raw_products__3337559381' (evaluator.py:1980)
2025-12-10 14:15:36,306 - ThreadPoolExecutor-7_2 - vulcan.core.engine_adapter.base - INFO - Executing SQL: /* VULCAN_PLAN[orders360]: 16209a087eac432983dacaef1755b306 */ DROP VIEW IF EXISTS "raw"."raw_products" CASCADE (base.py:2622)
2025-12-10 14:15:36,307 - ThreadPoolExecutor-7_0 - vulcan.core.engine_adapter.base - INFO - Executing SQL: /* VULCAN_PLAN[orders360]: 16209a087eac432983dacaef1755b306 */ CREATE VIEW "raw"."raw_customers" AS SELECT * FROM "warehouse"."vulcan__raw"."raw__raw_customers__1474975870" (base.py:2622)
2025-12-10 14:15:36,307 - ThreadPoolExecutor-7_1 - vulcan.core.engine_adapter.base - INFO - Executing SQL: /* VULCAN_PLAN[orders360]: 16209a087eac432983dacaef1755b306 */ CREATE VIEW "raw"."raw_orders" AS SELECT * FROM "warehouse"."vulcan__raw"."raw__raw_orders__1032938324" (base.py:2622)
2025-12-10 14:15:36,307 - ThreadPoolExecutor-7_2 - vulcan.core.engine_adapter.base - INFO - Executing SQL: /* VULCAN_PLAN[orders360]: 16209a087eac432983dacaef1755b306 */ CREATE VIEW "raw"."raw_products" AS SELECT * FROM "warehouse"."vulcan__raw"."raw__raw_products__3337559381" (base.py:2622)
2025-12-10 14:15:36,308 - ThreadPoolExecutor-7_2 - vulcan.core.engine_adapter.base - INFO - Executing SQL: /* VULCAN_PLAN[orders360]: 16209a087eac432983dacaef1755b306 */ COMMENT ON VIEW "raw"."raw_products" IS 'Seed model loading raw product data from CSV file' (base.py:2622)
2025-12-10 14:15:36,308 - ThreadPoolExecutor-7_0 - vulcan.core.engine_adapter.base - INFO - Executing SQL: /* VULCAN_PLAN[orders360]: 16209a087eac432983dacaef1755b306 */ COMMENT ON VIEW "raw"."raw_customers" IS 'Seed model loading raw customer data from CSV file' (base.py:2622)
2025-12-10 14:15:36,308 - ThreadPoolExecutor-7_1 - vulcan.core.engine_adapter.base - INFO - Executing SQL: /* VULCAN_PLAN[orders360]: 16209a087eac432983dacaef1755b306 */ COMMENT ON VIEW "raw"."raw_orders" IS 'Seed model loading raw order data from CSV file' (base.py:2622)
2025-12-10 14:15:36,309 - ThreadPoolExecutor-7_2 - vulcan.core.engine_adapter.base - INFO - Executing SQL: /* VULCAN_PLAN[orders360]: 16209a087eac432983dacaef1755b306 */ COMMENT ON COLUMN "raw"."raw_products"."product_id" IS 'Unique identifier for each product' (base.py:2622)
2025-12-10 14:15:36,309 - ThreadPoolExecutor-7_1 - vulcan.core.engine_adapter.base - INFO - Executing SQL: /* VULCAN_PLAN[orders360]: 16209a087eac432983dacaef1755b306 */ COMMENT ON COLUMN "raw"."raw_orders"."order_id" IS 'Unique identifier for each order' (base.py:2622)
2025-12-10 14:15:36,309 - ThreadPoolExecutor-7_0 - vulcan.core.engine_adapter.base - INFO - Executing SQL: /* VULCAN_PLAN[orders360]: 16209a087eac432983dacaef1755b306 */ COMMENT ON COLUMN "raw"."raw_customers"."customer_id" IS 'Unique identifier for each customer' (base.py:2622)
2025-12-10 14:15:36,309 - ThreadPoolExecutor-7_2 - vulcan.core.engine_adapter.base - INFO - Executing SQL: /* VULCAN_PLAN[orders360]: 16209a087eac432983dacaef1755b306 */ COMMENT ON COLUMN "raw"."raw_products"."product_name" IS 'Name of the product' (base.py:2622)
2025-12-10 14:15:36,309 - ThreadPoolExecutor-7_0 - vulcan.core.engine_adapter.base - INFO - Executing SQL: /* VULCAN_PLAN[orders360]: 16209a087eac432983dacaef1755b306 */ COMMENT ON COLUMN "raw"."raw_customers"."first_name" IS 'Customer first name' (base.py:2622)
2025-12-10 14:15:36,310 - ThreadPoolExecutor-7_1 - vulcan.core.engine_adapter.base - INFO - Executing SQL: /* VULCAN_PLAN[orders360]: 16209a087eac432983dacaef1755b306 */ COMMENT ON COLUMN "raw"."raw_orders"."order_date" IS 'Date when the order was placed' (base.py:2622)
2025-12-10 14:15:36,310 - ThreadPoolExecutor-7_2 - vulcan.core.engine_adapter.base - INFO - Executing SQL: /* VULCAN_PLAN[orders360]: 16209a087eac432983dacaef1755b306 */ COMMENT ON COLUMN "raw"."raw_products"."category" IS 'Product category (Electronics, Clothing, Sports, Home, Food, Toys)' (base.py:2622)
2025-12-10 14:15:36,310 - ThreadPoolExecutor-7_0 - vulcan.core.engine_adapter.base - INFO - Executing SQL: /* VULCAN_PLAN[orders360]: 16209a087eac432983dacaef1755b306 */ COMMENT ON COLUMN "raw"."raw_customers"."last_name" IS 'Customer last name' (base.py:2622)
2025-12-10 14:15:36,310 - ThreadPoolExecutor-7_1 - vulcan.core.engine_adapter.base - INFO - Executing SQL: /* VULCAN_PLAN[orders360]: 16209a087eac432983dacaef1755b306 */ COMMENT ON COLUMN "raw"."raw_orders"."customer_id" IS 'Reference to customer who placed the order' (base.py:2622)
2025-12-10 14:15:36,310 - ThreadPoolExecutor-7_0 - vulcan.core.engine_adapter.base - INFO - Executing SQL: /* VULCAN_PLAN[orders360]: 16209a087eac432983dacaef1755b306 */ COMMENT ON COLUMN "raw"."raw_customers"."email" IS 'Customer email address' (base.py:2622)
2025-12-10 14:15:36,310 - ThreadPoolExecutor-7_2 - vulcan.core.engine_adapter.base - INFO - Executing SQL: /* VULCAN_PLAN[orders360]: 16209a087eac432983dacaef1755b306 */ COMMENT ON COLUMN "raw"."raw_products"."price" IS 'Product selling price in dollars' (base.py:2622)
2025-12-10 14:15:36,310 - ThreadPoolExecutor-7_1 - vulcan.core.engine_adapter.base - INFO - Executing SQL: /* VULCAN_PLAN[orders360]: 16209a087eac432983dacaef1755b306 */ COMMENT ON COLUMN "raw"."raw_orders"."product_id" IS 'Reference to product that was ordered' (base.py:2622)
2025-12-10 14:15:36,310 - ThreadPoolExecutor-7_0 - vulcan.core.engine_adapter.base - INFO - Executing SQL: /* VULCAN_PLAN[orders360]: 16209a087eac432983dacaef1755b306 */ COMMENT ON COLUMN "raw"."raw_customers"."customer_segment" IS 'Customer tier (Platinum, Gold, Silver, Bronze)' (base.py:2622)
2025-12-10 14:15:36,311 - ThreadPoolExecutor-7_2 - vulcan.core.engine_adapter.base - INFO - Executing SQL: /* VULCAN_PLAN[orders360]: 16209a087eac432983dacaef1755b306 */ COMMENT ON COLUMN "raw"."raw_products"."stock_quantity" IS 'Current inventory quantity available' (base.py:2622)
2025-12-10 14:15:36,311 - ThreadPoolExecutor-7_1 - vulcan.core.engine_adapter.base - INFO - Executing SQL: /* VULCAN_PLAN[orders360]: 16209a087eac432983dacaef1755b306 */ COMMENT ON COLUMN "raw"."raw_orders"."total_amount" IS 'Total order amount in dollars' (base.py:2622)
2025-12-10 14:15:36,313 - ThreadPoolExecutor-7_1 - vulcan.core.snapshot.evaluator - INFO - Updating view 'warehouse.sales.daily_sales' to point at table 'warehouse.vulcan__sales.sales__daily_sales__2671854529' (evaluator.py:1980)
2025-12-10 14:15:36,313 - ThreadPoolExecutor-7_1 - vulcan.core.engine_adapter.base - INFO - Executing SQL: /* VULCAN_PLAN[orders360]: 16209a087eac432983dacaef1755b306 */ DROP VIEW IF EXISTS "sales"."daily_sales" CASCADE (base.py:2622)
2025-12-10 14:15:36,314 - ThreadPoolExecutor-7_1 - vulcan.core.engine_adapter.base - INFO - Executing SQL: /* VULCAN_PLAN[orders360]: 16209a087eac432983dacaef1755b306 */ CREATE VIEW "sales"."daily_sales" AS SELECT * FROM "warehouse"."vulcan__sales"."sales__daily_sales__2671854529" (base.py:2622)
2025-12-10 14:15:36,315 - ThreadPoolExecutor-7_1 - vulcan.core.engine_adapter.base - INFO - Executing SQL: /* VULCAN_PLAN[orders360]: 16209a087eac432983dacaef1755b306 */ COMMENT ON VIEW "sales"."daily_sales" IS 'Daily sales summary with order counts and revenue' (base.py:2622)
2025-12-10 14:15:36,315 - ThreadPoolExecutor-7_1 - vulcan.core.engine_adapter.base - INFO - Executing SQL: /* VULCAN_PLAN[orders360]: 16209a087eac432983dacaef1755b306 */ COMMENT ON COLUMN "sales"."daily_sales"."order_date" IS 'Date of the sales' (base.py:2622)
2025-12-10 14:15:36,315 - ThreadPoolExecutor-7_1 - vulcan.core.engine_adapter.base - INFO - Executing SQL: /* VULCAN_PLAN[orders360]: 16209a087eac432983dacaef1755b306 */ COMMENT ON COLUMN "sales"."daily_sales"."total_orders" IS 'Total number of orders for the day' (base.py:2622)
2025-12-10 14:15:36,316 - ThreadPoolExecutor-7_1 - vulcan.core.engine_adapter.base - INFO - Executing SQL: /* VULCAN_PLAN[orders360]: 16209a087eac432983dacaef1755b306 */ COMMENT ON COLUMN "sales"."daily_sales"."total_revenue" IS 'Total revenue for the day' (base.py:2622)
2025-12-10 14:15:36,316 - ThreadPoolExecutor-7_1 - vulcan.core.engine_adapter.base - INFO - Executing SQL: /* VULCAN_PLAN[orders360]: 16209a087eac432983dacaef1755b306 */ COMMENT ON COLUMN "sales"."daily_sales"."last_order_id" IS 'Last order ID processed for the day' (base.py:2622)
2025-12-10 14:15:36,318 - MainThread - vulcan.core.plan.evaluator - INFO - Evaluating plan stage FinalizeEnvironmentStage (evaluator.py:125)
2025-12-10 14:15:36,319 - MainThread - vulcan.core.state_sync.db.environment - INFO - Finalizing environment 'prod' (environment.py:141)
2025-12-10 14:15:36,352 - MainThread - vulcan.core.context - INFO - 📋 Plan/Run completed - recording run execution and preparing checks (run_id=bc78b8852c7f4c68b4c7fcdcec6ac9b2, plan_id=16209a087eac432983dacaef1755b306, environment=prod) (context.py:1875)
2025-12-10 14:15:36,363 - MainThread - vulcan.core.context - INFO - Recorded run event for 4 models (context.py:1907)
2025-12-10 14:15:36,364 - MainThread - vulcan.core.context - INFO - 🔍 Initiating check execution for 4 model(s) (run_id=bc78b8852c7f4c68b4c7fcdcec6ac9b2, environment=prod) (context.py:1957)
2025-12-10 14:15:36,364 - MainThread - vulcan.core.check.executor - INFO - 🚀 Starting check execution for run_id=bc78b8852c7f4c68b4c7fcdcec6ac9b2, environment=prod, models_count=raw.raw_customers, raw.raw_orders, raw.raw_products, sales.daily_sales, timestamp=1765356335968 (executor.py:463)
2025-12-10 14:15:36,394 - MainThread - vulcan.core.check.executor - INFO - Running quality scans in 1 batch(es): {('warehouse', 'sales')} (executor.py:536)
2025-12-10 14:15:36,394 - MainThread - vulcan.core.check.executor - INFO - Running quality batch 1/1 for warehouse.sales (1 check suites, 1 profile models) (executor.py:555)
2025-12-10 14:15:36,402 - MainThread - vulcan.core.check.executor - INFO - ▶️ Executing scan for schema=warehouse.sales, check_suites=1, profile_models=1 (executor.py:583)
2025-12-10 14:15:36,421 - MainThread - soda.scan - WARNING - [14:15:36] Column 'daily_sales.order_date' was not profiled because column data type 'timestamp without time zone' is not in supported profiling data types (log.py:101)
2025-12-10 14:15:36,423 - MainThread - soda.scan - WARNING - [14:15:36] Min of total_orders on table: daily_sales must be smaller than max value. Min is 1.0, and max is 1.0 (log.py:101)
2025-12-10 14:15:36,423 - MainThread - soda.scan - ERROR - [14:15:36] Database returned no results for histograms in table: daily_sales, columns: total_orders (log.py:101)
2025-12-10 14:15:36,431 - MainThread - soda.scan - ERROR - [14:15:36] Database returned no results for histograms in table: daily_sales, columns: total_orders (log.py:101)
2025-12-10 14:15:36,433 - MainThread - vulcan.core.check.soda_statesync - INFO - Extracted 2 failed row sample(s) from scan context (soda_statesync.py:157)
2025-12-10 14:15:36,450 - MainThread - vulcan.core.state_sync.db.quality - INFO - Stored check scan e08ff5cd-d582-4a2b-9875-80bff80e436b, run bc78b8852c7f4c68b4c7fcdcec6ac9b2: 2 checks, 2 metrics, 30 profile metrics (quality.py:100)
2025-12-10 14:15:36,454 - MainThread - vulcan.core.check.executor - INFO - ✅ Batch complete: 3 columns in 1 tables (executor.py:427)
2025-12-10 14:15:36,454 - MainThread - vulcan.core.check.executor - INFO - ✅ Check execution completed for run_id=bc78b8852c7f4c68b4c7fcdcec6ac9b2: total_checks=2, total_profiles=3, batches=1 (executor.py:632)
2025-12-10 14:15:36,454 - MainThread - vulcan.core.context - INFO - ✅ Check execution finished (run_id=bc78b8852c7f4c68b4c7fcdcec6ac9b2): checks_returned=True, profiles_returned=True (context.py:1974)
2025-12-10 14:15:36,455 - MainThread - root - INFO - Shutting down the event dispatcher (dispatcher.py:231)
