2025-12-10 14:25:38,906 - MainThread - vulcan.core.config.connection - INFO - Creating new DuckDB adapter for in-memory database (connection.py:511)
2025-12-10 14:25:41,250 - MainThread - vulcan.core.plan.evaluator - INFO - Evaluating plan stage CreateSnapshotRecordsStage (evaluator.py:125)
2025-12-10 14:25:41,274 - MainThread - vulcan.core.plan.evaluator - INFO - Evaluating plan stage PhysicalLayerSchemaCreationStage (evaluator.py:125)
2025-12-10 14:25:41,275 - ThreadPoolExecutor-2_0 - vulcan.core.snapshot.evaluator - INFO - Creating schema 'warehouse.vulcan__sales' (evaluator.py:1443)
2025-12-10 14:25:41,275 - ThreadPoolExecutor-2_1 - vulcan.core.snapshot.evaluator - INFO - Creating schema 'warehouse.vulcan__raw' (evaluator.py:1443)
2025-12-10 14:25:41,281 - ThreadPoolExecutor-2_0 - vulcan.core.engine_adapter.base - INFO - Executing SQL: /* VULCAN_PLAN[orders360]: faa9e91772664f47bf803b1db77d836a */ CREATE SCHEMA IF NOT EXISTS "vulcan__sales" (base.py:2622)
2025-12-10 14:25:41,285 - ThreadPoolExecutor-2_1 - vulcan.core.engine_adapter.base - INFO - Executing SQL: /* VULCAN_PLAN[orders360]: faa9e91772664f47bf803b1db77d836a */ CREATE SCHEMA IF NOT EXISTS "vulcan__raw" (base.py:2622)
2025-12-10 14:25:41,287 - MainThread - vulcan.core.plan.evaluator - INFO - Evaluating plan stage AuditOnlyRunStage (evaluator.py:125)
2025-12-10 14:25:41,296 - ThreadPoolExecutor-3_0 - vulcan.core.snapshot.evaluator - INFO - Listing data objects in schema warehouse.vulcan__raw (evaluator.py:1610)
2025-12-10 14:25:41,296 - ThreadPoolExecutor-3_1 - vulcan.core.snapshot.evaluator - INFO - Listing data objects in schema warehouse.vulcan__sales (evaluator.py:1610)
2025-12-10 14:25:41,301 - ThreadPoolExecutor-3_0 - vulcan.core.engine_adapter.base - INFO - Executing SQL: /* VULCAN_PLAN[orders360]: faa9e91772664f47bf803b1db77d836a */ SELECT current_catalog (base.py:2622)
2025-12-10 14:25:41,305 - ThreadPoolExecutor-3_1 - vulcan.core.engine_adapter.base - INFO - Executing SQL: /* VULCAN_PLAN[orders360]: faa9e91772664f47bf803b1db77d836a */ SELECT current_catalog (base.py:2622)
2025-12-10 14:25:41,373 - ThreadPoolExecutor-4_0 - vulcan.core.snapshot.evaluator - INFO - Auditing snapshot SnapshotId<"warehouse"."raw"."raw_customers": 4133886087> (evaluator.py:603)
2025-12-10 14:25:41,374 - ThreadPoolExecutor-4_1 - vulcan.core.snapshot.evaluator - INFO - Auditing snapshot SnapshotId<"warehouse"."raw"."raw_orders": 3563304840> (evaluator.py:603)
2025-12-10 14:25:41,376 - ThreadPoolExecutor-4_2 - vulcan.core.snapshot.evaluator - INFO - Auditing snapshot SnapshotId<"warehouse"."raw"."raw_products": 2562582557> (evaluator.py:603)
2025-12-10 14:25:41,380 - ThreadPoolExecutor-4_0 - vulcan.core.engine_adapter.base - INFO - Executing SQL: /* VULCAN_PLAN[orders360]: faa9e91772664f47bf803b1db77d836a */ SELECT "attname" AS "column_name", "pg_catalog".format_type("atttypid", "atttypmod") AS "data_type" FROM "pg_catalog"."pg_attribute" JOIN "pg_catalog"."pg_class" ON "pg_class"."oid" = "attrelid" JOIN "pg_catalog"."pg_namespace" ON "pg_namespace"."oid" = "relnamespace" WHERE ("attnum" > 0 AND NOT "attisdropped" AND "relname" = 'raw__raw_customers__1474975870') AND "nspname" = 'vulcan__raw' (base.py:2622)
2025-12-10 14:25:41,384 - ThreadPoolExecutor-4_1 - vulcan.core.engine_adapter.base - INFO - Executing SQL: /* VULCAN_PLAN[orders360]: faa9e91772664f47bf803b1db77d836a */ SELECT "attname" AS "column_name", "pg_catalog".format_type("atttypid", "atttypmod") AS "data_type" FROM "pg_catalog"."pg_attribute" JOIN "pg_catalog"."pg_class" ON "pg_class"."oid" = "attrelid" JOIN "pg_catalog"."pg_namespace" ON "pg_namespace"."oid" = "relnamespace" WHERE ("attnum" > 0 AND NOT "attisdropped" AND "relname" = 'raw__raw_orders__1032938324') AND "nspname" = 'vulcan__raw' (base.py:2622)
2025-12-10 14:25:41,387 - ThreadPoolExecutor-4_2 - vulcan.core.engine_adapter.base - INFO - Executing SQL: /* VULCAN_PLAN[orders360]: faa9e91772664f47bf803b1db77d836a */ SELECT "attname" AS "column_name", "pg_catalog".format_type("atttypid", "atttypmod") AS "data_type" FROM "pg_catalog"."pg_attribute" JOIN "pg_catalog"."pg_class" ON "pg_class"."oid" = "attrelid" JOIN "pg_catalog"."pg_namespace" ON "pg_namespace"."oid" = "relnamespace" WHERE ("attnum" > 0 AND NOT "attisdropped" AND "relname" = 'raw__raw_products__3337559381') AND "nspname" = 'vulcan__raw' (base.py:2622)
2025-12-10 14:25:41,397 - ThreadPoolExecutor-4_0 - vulcan.core.engine_adapter.base - INFO - Executing SQL: /* VULCAN_PLAN[orders360]: faa9e91772664f47bf803b1db77d836a */ SELECT COUNT(*) FROM (SELECT * FROM (SELECT ROW_NUMBER() OVER (PARTITION BY "customer_id" ORDER BY "customer_id" NULLS FIRST) AS "rank_customer_id" FROM "warehouse"."vulcan__raw"."raw__raw_customers__1474975870" AS "raw__raw_customers__1474975870" WHERE TRUE) AS "_q_0" WHERE "rank_customer_id" > 1) AS "audit" (base.py:2622)
2025-12-10 14:25:41,400 - ThreadPoolExecutor-4_1 - vulcan.core.engine_adapter.base - INFO - Executing SQL: /* VULCAN_PLAN[orders360]: faa9e91772664f47bf803b1db77d836a */ SELECT COUNT(*) FROM (SELECT * FROM (SELECT ROW_NUMBER() OVER (PARTITION BY "order_id" ORDER BY "order_id" NULLS FIRST) AS "rank_order_id" FROM "warehouse"."vulcan__raw"."raw__raw_orders__1032938324" AS "raw__raw_orders__1032938324" WHERE TRUE) AS "_q_0" WHERE "rank_order_id" > 1) AS "audit" (base.py:2622)
2025-12-10 14:25:41,404 - ThreadPoolExecutor-4_2 - vulcan.core.engine_adapter.base - INFO - Executing SQL: /* VULCAN_PLAN[orders360]: faa9e91772664f47bf803b1db77d836a */ SELECT COUNT(*) FROM (SELECT * FROM (SELECT ROW_NUMBER() OVER (PARTITION BY "product_id" ORDER BY "product_id" NULLS FIRST) AS "rank_product_id" FROM "warehouse"."vulcan__raw"."raw__raw_products__3337559381" AS "raw__raw_products__3337559381" WHERE TRUE) AS "_q_0" WHERE "rank_product_id" > 1) AS "audit" (base.py:2622)
2025-12-10 14:25:41,407 - ThreadPoolExecutor-4_0 - vulcan.core.engine_adapter.base - INFO - Executing SQL: /* VULCAN_PLAN[orders360]: faa9e91772664f47bf803b1db77d836a */ SELECT "attname" AS "column_name", "pg_catalog".format_type("atttypid", "atttypmod") AS "data_type" FROM "pg_catalog"."pg_attribute" JOIN "pg_catalog"."pg_class" ON "pg_class"."oid" = "attrelid" JOIN "pg_catalog"."pg_namespace" ON "pg_namespace"."oid" = "relnamespace" WHERE ("attnum" > 0 AND NOT "attisdropped" AND "relname" = 'raw__raw_customers__1474975870') AND "nspname" = 'vulcan__raw' (base.py:2622)
2025-12-10 14:25:41,410 - ThreadPoolExecutor-4_1 - vulcan.core.engine_adapter.base - INFO - Executing SQL: /* VULCAN_PLAN[orders360]: faa9e91772664f47bf803b1db77d836a */ SELECT "attname" AS "column_name", "pg_catalog".format_type("atttypid", "atttypmod") AS "data_type" FROM "pg_catalog"."pg_attribute" JOIN "pg_catalog"."pg_class" ON "pg_class"."oid" = "attrelid" JOIN "pg_catalog"."pg_namespace" ON "pg_namespace"."oid" = "relnamespace" WHERE ("attnum" > 0 AND NOT "attisdropped" AND "relname" = 'raw__raw_orders__1032938324') AND "nspname" = 'vulcan__raw' (base.py:2622)
2025-12-10 14:25:41,415 - ThreadPoolExecutor-4_0 - vulcan.core.engine_adapter.base - INFO - Executing SQL: /* VULCAN_PLAN[orders360]: faa9e91772664f47bf803b1db77d836a */ SELECT COUNT(*) FROM (SELECT * FROM "warehouse"."vulcan__raw"."raw__raw_customers__1474975870" AS "raw__raw_customers__1474975870" WHERE ("customer_id" IS NULL OR "email" IS NULL OR "customer_segment" IS NULL) AND TRUE) AS "audit" (base.py:2622)
2025-12-10 14:25:41,417 - ThreadPoolExecutor-4_2 - vulcan.core.engine_adapter.base - INFO - Executing SQL: /* VULCAN_PLAN[orders360]: faa9e91772664f47bf803b1db77d836a */ SELECT "attname" AS "column_name", "pg_catalog".format_type("atttypid", "atttypmod") AS "data_type" FROM "pg_catalog"."pg_attribute" JOIN "pg_catalog"."pg_class" ON "pg_class"."oid" = "attrelid" JOIN "pg_catalog"."pg_namespace" ON "pg_namespace"."oid" = "relnamespace" WHERE ("attnum" > 0 AND NOT "attisdropped" AND "relname" = 'raw__raw_products__3337559381') AND "nspname" = 'vulcan__raw' (base.py:2622)
2025-12-10 14:25:41,420 - ThreadPoolExecutor-4_1 - vulcan.core.engine_adapter.base - INFO - Executing SQL: /* VULCAN_PLAN[orders360]: faa9e91772664f47bf803b1db77d836a */ SELECT COUNT(*) FROM (SELECT * FROM "warehouse"."vulcan__raw"."raw__raw_orders__1032938324" AS "raw__raw_orders__1032938324" WHERE ("order_id" IS NULL OR "order_date" IS NULL OR "customer_id" IS NULL OR "product_id" IS NULL) AND TRUE) AS "audit" (base.py:2622)
2025-12-10 14:25:41,428 - ThreadPoolExecutor-4_2 - vulcan.core.engine_adapter.base - INFO - Executing SQL: /* VULCAN_PLAN[orders360]: faa9e91772664f47bf803b1db77d836a */ SELECT COUNT(*) FROM (SELECT * FROM "warehouse"."vulcan__raw"."raw__raw_products__3337559381" AS "raw__raw_products__3337559381" WHERE ("product_id" IS NULL OR "product_name" IS NULL OR "category" IS NULL OR "price" IS NULL) AND TRUE) AS "audit" (base.py:2622)
2025-12-10 14:25:41,429 - ThreadPoolExecutor-4_1 - vulcan.core.engine_adapter.base - INFO - Executing SQL: /* VULCAN_PLAN[orders360]: faa9e91772664f47bf803b1db77d836a */ SELECT "attname" AS "column_name", "pg_catalog".format_type("atttypid", "atttypmod") AS "data_type" FROM "pg_catalog"."pg_attribute" JOIN "pg_catalog"."pg_class" ON "pg_class"."oid" = "attrelid" JOIN "pg_catalog"."pg_namespace" ON "pg_namespace"."oid" = "relnamespace" WHERE ("attnum" > 0 AND NOT "attisdropped" AND "relname" = 'raw__raw_orders__1032938324') AND "nspname" = 'vulcan__raw' (base.py:2622)
2025-12-10 14:25:41,435 - ThreadPoolExecutor-4_1 - vulcan.core.engine_adapter.base - INFO - Executing SQL: /* VULCAN_PLAN[orders360]: faa9e91772664f47bf803b1db77d836a */ SELECT COUNT(*) FROM (SELECT * FROM "warehouse"."vulcan__raw"."raw__raw_orders__1032938324" AS "raw__raw_orders__1032938324" WHERE "total_amount" < 0) AS "audit" (base.py:2622)
2025-12-10 14:25:41,442 - ThreadPoolExecutor-4_1 - vulcan.core.snapshot.evaluator - INFO - Auditing snapshot SnapshotId<"warehouse"."sales"."daily_sales": 1226329217> (evaluator.py:603)
2025-12-10 14:25:41,444 - ThreadPoolExecutor-4_1 - vulcan.core.engine_adapter.base - INFO - Executing SQL: /* VULCAN_PLAN[orders360]: faa9e91772664f47bf803b1db77d836a */ SELECT "attname" AS "column_name", "pg_catalog".format_type("atttypid", "atttypmod") AS "data_type" FROM "pg_catalog"."pg_attribute" JOIN "pg_catalog"."pg_class" ON "pg_class"."oid" = "attrelid" JOIN "pg_catalog"."pg_namespace" ON "pg_namespace"."oid" = "relnamespace" WHERE ("attnum" > 0 AND NOT "attisdropped" AND "relname" = 'sales__daily_sales__2671854529') AND "nspname" = 'vulcan__sales' (base.py:2622)
2025-12-10 14:25:41,449 - ThreadPoolExecutor-4_1 - vulcan.core.engine_adapter.base - INFO - Executing SQL: /* VULCAN_PLAN[orders360]: faa9e91772664f47bf803b1db77d836a */ SELECT COUNT(*) FROM (SELECT * FROM (SELECT ROW_NUMBER() OVER (PARTITION BY "order_date" ORDER BY "order_date" NULLS FIRST) AS "rank_order_date" FROM "warehouse"."vulcan__sales"."sales__daily_sales__2671854529" AS "sales__daily_sales__2671854529" WHERE TRUE) AS "_q_0" WHERE "rank_order_date" > 1) AS "audit" (base.py:2622)
2025-12-10 14:25:41,452 - ThreadPoolExecutor-4_1 - vulcan.core.engine_adapter.base - INFO - Executing SQL: /* VULCAN_PLAN[orders360]: faa9e91772664f47bf803b1db77d836a */ SELECT "attname" AS "column_name", "pg_catalog".format_type("atttypid", "atttypmod") AS "data_type" FROM "pg_catalog"."pg_attribute" JOIN "pg_catalog"."pg_class" ON "pg_class"."oid" = "attrelid" JOIN "pg_catalog"."pg_namespace" ON "pg_namespace"."oid" = "relnamespace" WHERE ("attnum" > 0 AND NOT "attisdropped" AND "relname" = 'sales__daily_sales__2671854529') AND "nspname" = 'vulcan__sales' (base.py:2622)
2025-12-10 14:25:41,456 - ThreadPoolExecutor-4_1 - vulcan.core.engine_adapter.base - INFO - Executing SQL: /* VULCAN_PLAN[orders360]: faa9e91772664f47bf803b1db77d836a */ SELECT COUNT(*) FROM (SELECT * FROM "warehouse"."vulcan__sales"."sales__daily_sales__2671854529" AS "sales__daily_sales__2671854529" WHERE ("order_date" IS NULL OR "total_orders" IS NULL OR "total_revenue" IS NULL) AND TRUE) AS "audit" (base.py:2622)
2025-12-10 14:25:41,459 - ThreadPoolExecutor-4_1 - vulcan.core.engine_adapter.base - INFO - Executing SQL: /* VULCAN_PLAN[orders360]: faa9e91772664f47bf803b1db77d836a */ SELECT "attname" AS "column_name", "pg_catalog".format_type("atttypid", "atttypmod") AS "data_type" FROM "pg_catalog"."pg_attribute" JOIN "pg_catalog"."pg_class" ON "pg_class"."oid" = "attrelid" JOIN "pg_catalog"."pg_namespace" ON "pg_namespace"."oid" = "relnamespace" WHERE ("attnum" > 0 AND NOT "attisdropped" AND "relname" = 'sales__daily_sales__2671854529') AND "nspname" = 'vulcan__sales' (base.py:2622)
2025-12-10 14:25:41,463 - ThreadPoolExecutor-4_1 - vulcan.core.engine_adapter.base - INFO - Executing SQL: /* VULCAN_PLAN[orders360]: faa9e91772664f47bf803b1db77d836a */ SELECT COUNT(*) FROM (SELECT * FROM "warehouse"."vulcan__sales"."sales__daily_sales__2671854529" AS "sales__daily_sales__2671854529" WHERE "total_orders" < 0) AS "audit" (base.py:2622)
2025-12-10 14:25:41,465 - ThreadPoolExecutor-4_1 - vulcan.core.engine_adapter.base - INFO - Executing SQL: /* VULCAN_PLAN[orders360]: faa9e91772664f47bf803b1db77d836a */ SELECT "attname" AS "column_name", "pg_catalog".format_type("atttypid", "atttypmod") AS "data_type" FROM "pg_catalog"."pg_attribute" JOIN "pg_catalog"."pg_class" ON "pg_class"."oid" = "attrelid" JOIN "pg_catalog"."pg_namespace" ON "pg_namespace"."oid" = "relnamespace" WHERE ("attnum" > 0 AND NOT "attisdropped" AND "relname" = 'sales__daily_sales__2671854529') AND "nspname" = 'vulcan__sales' (base.py:2622)
2025-12-10 14:25:41,468 - ThreadPoolExecutor-4_1 - vulcan.core.engine_adapter.base - INFO - Executing SQL: /* VULCAN_PLAN[orders360]: faa9e91772664f47bf803b1db77d836a */ SELECT COUNT(*) FROM (SELECT * FROM "warehouse"."vulcan__sales"."sales__daily_sales__2671854529" AS "sales__daily_sales__2671854529" WHERE "total_revenue" < 0) AS "audit" (base.py:2622)
2025-12-10 14:25:41,472 - MainThread - vulcan.core.plan.evaluator - INFO - Evaluating plan stage BackfillStage (evaluator.py:125)
2025-12-10 14:25:41,477 - ThreadPoolExecutor-5_0 - vulcan.core.state_sync.db.facade - INFO - Adding interval (2025-12-09 00:00:00, 2025-12-10 00:00:00) for snapshot SnapshotId<__checks.sales.daily_sales:validity: 771928589> (facade.py:912)
2025-12-10 14:25:41,477 - ThreadPoolExecutor-5_0 - vulcan.core.state_sync.db.interval - INFO - Pushing intervals for snapshot SnapshotId<__checks.sales.daily_sales:validity: 771928589> (interval.py:215)
2025-12-10 14:25:41,483 - MainThread - vulcan.core.plan.evaluator - INFO - Evaluating plan stage EnvironmentRecordUpdateStage (evaluator.py:125)
2025-12-10 14:25:41,486 - MainThread - vulcan.core.state_sync.db.facade - INFO - Promoting environment 'prod' (facade.py:189)
2025-12-10 14:25:41,496 - MainThread - vulcan.core.plan.evaluator - INFO - Evaluating plan stage MigrateSchemasStage (evaluator.py:125)
2025-12-10 14:25:41,497 - ThreadPoolExecutor-6_0 - vulcan.core.snapshot.evaluator - INFO - Listing data objects in schema warehouse.vulcan__sales (evaluator.py:1610)
2025-12-10 14:25:41,500 - ThreadPoolExecutor-6_0 - vulcan.core.engine_adapter.base - INFO - Executing SQL: /* VULCAN_PLAN[orders360]: faa9e91772664f47bf803b1db77d836a */ SELECT current_catalog (base.py:2622)
2025-12-10 14:25:41,512 - ThreadPoolExecutor-7_0 - vulcan.core.snapshot.evaluator - INFO - Creating table 'warehouse.vulcan__sales.sales__daily_sales__2671854529_schema_tmp' (evaluator.py:2034)
2025-12-10 14:25:41,513 - ThreadPoolExecutor-7_0 - vulcan.core.engine_adapter.base - INFO - Executing SQL: /* VULCAN_PLAN[orders360]: faa9e91772664f47bf803b1db77d836a */ CREATE TABLE IF NOT EXISTS "vulcan__sales"."sales__daily_sales__2671854529_schema_tmp" ("order_date" TIMESTAMP, "total_orders" INT, "total_revenue" DOUBLE PRECISION, "last_order_id" VARCHAR) (base.py:2622)
2025-12-10 14:25:41,516 - ThreadPoolExecutor-7_0 - vulcan.core.snapshot.evaluator - INFO - Dry running model 'sales.daily_sales' (evaluator.py:2056)
2025-12-10 14:25:41,517 - ThreadPoolExecutor-7_0 - vulcan.core.engine_adapter.base - INFO - Executing SQL: /* VULCAN_PLAN[orders360]: faa9e91772664f47bf803b1db77d836a */ SELECT CAST(CAST("raw_orders"."order_date" AS TIMESTAMP) AS TIMESTAMP) AS "order_date", CAST(COUNT("raw_orders"."order_id") AS INT) AS "total_orders", CAST(SUM("raw_orders"."total_amount") AS DOUBLE PRECISION) AS "total_revenue", CAST(MAX("raw_orders"."order_id") AS VARCHAR) AS "last_order_id" FROM "warehouse"."vulcan__raw"."raw__raw_orders__1032938324" AS "raw_orders" WHERE FALSE GROUP BY "raw_orders"."order_date" ORDER BY "order_date" LIMIT 0 (base.py:2622)
2025-12-10 14:25:41,518 - ThreadPoolExecutor-7_0 - vulcan.core.snapshot.evaluator - INFO - Migrating table schema from 'warehouse.vulcan__sales.sales__daily_sales__2671854529_schema_tmp' to 'warehouse.vulcan__sales.sales__daily_sales__2671854529' (evaluator.py:1208)
2025-12-10 14:25:41,518 - ThreadPoolExecutor-7_0 - vulcan.core.snapshot.evaluator - INFO - Altering table 'warehouse.vulcan__sales.sales__daily_sales__2671854529' (evaluator.py:2090)
2025-12-10 14:25:41,520 - ThreadPoolExecutor-7_0 - vulcan.core.engine_adapter.base - INFO - Executing SQL: /* VULCAN_PLAN[orders360]: faa9e91772664f47bf803b1db77d836a */ SELECT "attname" AS "column_name", "pg_catalog".format_type("atttypid", "atttypmod") AS "data_type" FROM "pg_catalog"."pg_attribute" JOIN "pg_catalog"."pg_class" ON "pg_class"."oid" = "attrelid" JOIN "pg_catalog"."pg_namespace" ON "pg_namespace"."oid" = "relnamespace" WHERE ("attnum" > 0 AND NOT "attisdropped" AND "relname" = 'sales__daily_sales__2671854529') AND "nspname" = 'vulcan__sales' (base.py:2622)
2025-12-10 14:25:41,523 - ThreadPoolExecutor-7_0 - vulcan.core.engine_adapter.base - INFO - Executing SQL: /* VULCAN_PLAN[orders360]: faa9e91772664f47bf803b1db77d836a */ SELECT "attname" AS "column_name", "pg_catalog".format_type("atttypid", "atttypmod") AS "data_type" FROM "pg_catalog"."pg_attribute" JOIN "pg_catalog"."pg_class" ON "pg_class"."oid" = "attrelid" JOIN "pg_catalog"."pg_namespace" ON "pg_namespace"."oid" = "relnamespace" WHERE ("attnum" > 0 AND NOT "attisdropped" AND "relname" = 'sales__daily_sales__2671854529_schema_tmp') AND "nspname" = 'vulcan__sales' (base.py:2622)
2025-12-10 14:25:41,524 - ThreadPoolExecutor-7_0 - vulcan.core.engine_adapter.base - INFO - Executing SQL: /* VULCAN_PLAN[orders360]: faa9e91772664f47bf803b1db77d836a */ DROP TABLE IF EXISTS "vulcan__sales"."sales__daily_sales__2671854529_schema_tmp" (base.py:2622)
2025-12-10 14:25:41,526 - MainThread - vulcan.core.plan.evaluator - INFO - Evaluating plan stage UnpauseStage (evaluator.py:125)
2025-12-10 14:25:41,530 - MainThread - vulcan.core.plan.evaluator - INFO - Evaluating plan stage VirtualLayerUpdateStage (evaluator.py:125)
2025-12-10 14:25:41,532 - ThreadPoolExecutor-8_0 - vulcan.core.snapshot.evaluator - INFO - Creating schema 'warehouse.raw' (evaluator.py:1443)
2025-12-10 14:25:41,532 - ThreadPoolExecutor-8_1 - vulcan.core.snapshot.evaluator - INFO - Creating schema 'warehouse.sales' (evaluator.py:1443)
2025-12-10 14:25:41,535 - ThreadPoolExecutor-8_0 - vulcan.core.engine_adapter.base - INFO - Executing SQL: /* VULCAN_PLAN[orders360]: faa9e91772664f47bf803b1db77d836a */ CREATE SCHEMA IF NOT EXISTS "raw" (base.py:2622)
2025-12-10 14:25:41,537 - ThreadPoolExecutor-8_1 - vulcan.core.engine_adapter.base - INFO - Executing SQL: /* VULCAN_PLAN[orders360]: faa9e91772664f47bf803b1db77d836a */ CREATE SCHEMA IF NOT EXISTS "sales" (base.py:2622)
2025-12-10 14:25:41,538 - ThreadPoolExecutor-9_0 - vulcan.core.snapshot.evaluator - INFO - Listing data objects in schema warehouse.sales (evaluator.py:1610)
2025-12-10 14:25:41,538 - ThreadPoolExecutor-9_1 - vulcan.core.snapshot.evaluator - INFO - Listing data objects in schema warehouse.raw (evaluator.py:1610)
2025-12-10 14:25:41,541 - ThreadPoolExecutor-9_0 - vulcan.core.engine_adapter.base - INFO - Executing SQL: /* VULCAN_PLAN[orders360]: faa9e91772664f47bf803b1db77d836a */ SELECT current_catalog (base.py:2622)
2025-12-10 14:25:41,543 - ThreadPoolExecutor-9_1 - vulcan.core.engine_adapter.base - INFO - Executing SQL: /* VULCAN_PLAN[orders360]: faa9e91772664f47bf803b1db77d836a */ SELECT current_catalog (base.py:2622)
2025-12-10 14:25:41,550 - ThreadPoolExecutor-10_0 - vulcan.core.snapshot.evaluator - INFO - Updating view 'warehouse.raw.raw_orders' to point at table 'warehouse.vulcan__raw.raw__raw_orders__1032938324' (evaluator.py:1980)
2025-12-10 14:25:41,551 - ThreadPoolExecutor-10_0 - vulcan.core.engine_adapter.base - INFO - Executing SQL: /* VULCAN_PLAN[orders360]: faa9e91772664f47bf803b1db77d836a */ DROP VIEW IF EXISTS "raw"."raw_orders" CASCADE (base.py:2622)
2025-12-10 14:25:41,552 - ThreadPoolExecutor-10_1 - vulcan.core.snapshot.evaluator - INFO - Updating view 'warehouse.raw.raw_products' to point at table 'warehouse.vulcan__raw.raw__raw_products__3337559381' (evaluator.py:1980)
2025-12-10 14:25:41,553 - ThreadPoolExecutor-10_1 - vulcan.core.engine_adapter.base - INFO - Executing SQL: /* VULCAN_PLAN[orders360]: faa9e91772664f47bf803b1db77d836a */ DROP VIEW IF EXISTS "raw"."raw_products" CASCADE (base.py:2622)
2025-12-10 14:25:41,554 - ThreadPoolExecutor-10_2 - vulcan.core.snapshot.evaluator - INFO - Updating view 'warehouse.raw.raw_customers' to point at table 'warehouse.vulcan__raw.raw__raw_customers__1474975870' (evaluator.py:1980)
2025-12-10 14:25:41,555 - ThreadPoolExecutor-10_2 - vulcan.core.engine_adapter.base - INFO - Executing SQL: /* VULCAN_PLAN[orders360]: faa9e91772664f47bf803b1db77d836a */ DROP VIEW IF EXISTS "raw"."raw_customers" CASCADE (base.py:2622)
2025-12-10 14:25:41,556 - ThreadPoolExecutor-10_0 - vulcan.core.engine_adapter.base - INFO - Executing SQL: /* VULCAN_PLAN[orders360]: faa9e91772664f47bf803b1db77d836a */ CREATE VIEW "raw"."raw_orders" AS SELECT * FROM "warehouse"."vulcan__raw"."raw__raw_orders__1032938324" (base.py:2622)
2025-12-10 14:25:41,556 - ThreadPoolExecutor-10_1 - vulcan.core.engine_adapter.base - INFO - Executing SQL: /* VULCAN_PLAN[orders360]: faa9e91772664f47bf803b1db77d836a */ CREATE VIEW "raw"."raw_products" AS SELECT * FROM "warehouse"."vulcan__raw"."raw__raw_products__3337559381" (base.py:2622)
2025-12-10 14:25:41,557 - ThreadPoolExecutor-10_2 - vulcan.core.engine_adapter.base - INFO - Executing SQL: /* VULCAN_PLAN[orders360]: faa9e91772664f47bf803b1db77d836a */ CREATE VIEW "raw"."raw_customers" AS SELECT * FROM "warehouse"."vulcan__raw"."raw__raw_customers__1474975870" (base.py:2622)
2025-12-10 14:25:41,557 - ThreadPoolExecutor-10_0 - vulcan.core.engine_adapter.base - INFO - Executing SQL: /* VULCAN_PLAN[orders360]: faa9e91772664f47bf803b1db77d836a */ COMMENT ON VIEW "raw"."raw_orders" IS 'Seed model loading raw order data from CSV file' (base.py:2622)
2025-12-10 14:25:41,557 - ThreadPoolExecutor-10_0 - vulcan.core.engine_adapter.base - INFO - Executing SQL: /* VULCAN_PLAN[orders360]: faa9e91772664f47bf803b1db77d836a */ COMMENT ON COLUMN "raw"."raw_orders"."order_id" IS 'Unique identifier for each order' (base.py:2622)
2025-12-10 14:25:41,557 - ThreadPoolExecutor-10_2 - vulcan.core.engine_adapter.base - INFO - Executing SQL: /* VULCAN_PLAN[orders360]: faa9e91772664f47bf803b1db77d836a */ COMMENT ON VIEW "raw"."raw_customers" IS 'Seed model loading raw customer data from CSV file' (base.py:2622)
2025-12-10 14:25:41,558 - ThreadPoolExecutor-10_1 - vulcan.core.engine_adapter.base - INFO - Executing SQL: /* VULCAN_PLAN[orders360]: faa9e91772664f47bf803b1db77d836a */ COMMENT ON VIEW "raw"."raw_products" IS 'Seed model loading raw product data from CSV file' (base.py:2622)
2025-12-10 14:25:41,558 - ThreadPoolExecutor-10_0 - vulcan.core.engine_adapter.base - INFO - Executing SQL: /* VULCAN_PLAN[orders360]: faa9e91772664f47bf803b1db77d836a */ COMMENT ON COLUMN "raw"."raw_orders"."order_date" IS 'Date when the order was placed' (base.py:2622)
2025-12-10 14:25:41,558 - ThreadPoolExecutor-10_2 - vulcan.core.engine_adapter.base - INFO - Executing SQL: /* VULCAN_PLAN[orders360]: faa9e91772664f47bf803b1db77d836a */ COMMENT ON COLUMN "raw"."raw_customers"."customer_id" IS 'Unique identifier for each customer' (base.py:2622)
2025-12-10 14:25:41,558 - ThreadPoolExecutor-10_1 - vulcan.core.engine_adapter.base - INFO - Executing SQL: /* VULCAN_PLAN[orders360]: faa9e91772664f47bf803b1db77d836a */ COMMENT ON COLUMN "raw"."raw_products"."product_id" IS 'Unique identifier for each product' (base.py:2622)
2025-12-10 14:25:41,558 - ThreadPoolExecutor-10_0 - vulcan.core.engine_adapter.base - INFO - Executing SQL: /* VULCAN_PLAN[orders360]: faa9e91772664f47bf803b1db77d836a */ COMMENT ON COLUMN "raw"."raw_orders"."customer_id" IS 'Reference to customer who placed the order' (base.py:2622)
2025-12-10 14:25:41,559 - ThreadPoolExecutor-10_2 - vulcan.core.engine_adapter.base - INFO - Executing SQL: /* VULCAN_PLAN[orders360]: faa9e91772664f47bf803b1db77d836a */ COMMENT ON COLUMN "raw"."raw_customers"."first_name" IS 'Customer first name' (base.py:2622)
2025-12-10 14:25:41,559 - ThreadPoolExecutor-10_0 - vulcan.core.engine_adapter.base - INFO - Executing SQL: /* VULCAN_PLAN[orders360]: faa9e91772664f47bf803b1db77d836a */ COMMENT ON COLUMN "raw"."raw_orders"."product_id" IS 'Reference to product that was ordered' (base.py:2622)
2025-12-10 14:25:41,559 - ThreadPoolExecutor-10_1 - vulcan.core.engine_adapter.base - INFO - Executing SQL: /* VULCAN_PLAN[orders360]: faa9e91772664f47bf803b1db77d836a */ COMMENT ON COLUMN "raw"."raw_products"."product_name" IS 'Name of the product' (base.py:2622)
2025-12-10 14:25:41,559 - ThreadPoolExecutor-10_2 - vulcan.core.engine_adapter.base - INFO - Executing SQL: /* VULCAN_PLAN[orders360]: faa9e91772664f47bf803b1db77d836a */ COMMENT ON COLUMN "raw"."raw_customers"."last_name" IS 'Customer last name' (base.py:2622)
2025-12-10 14:25:41,559 - ThreadPoolExecutor-10_1 - vulcan.core.engine_adapter.base - INFO - Executing SQL: /* VULCAN_PLAN[orders360]: faa9e91772664f47bf803b1db77d836a */ COMMENT ON COLUMN "raw"."raw_products"."category" IS 'Product category (Electronics, Clothing, Sports, Home, Food, Toys)' (base.py:2622)
2025-12-10 14:25:41,559 - ThreadPoolExecutor-10_0 - vulcan.core.engine_adapter.base - INFO - Executing SQL: /* VULCAN_PLAN[orders360]: faa9e91772664f47bf803b1db77d836a */ COMMENT ON COLUMN "raw"."raw_orders"."total_amount" IS 'Total order amount in dollars' (base.py:2622)
2025-12-10 14:25:41,559 - ThreadPoolExecutor-10_2 - vulcan.core.engine_adapter.base - INFO - Executing SQL: /* VULCAN_PLAN[orders360]: faa9e91772664f47bf803b1db77d836a */ COMMENT ON COLUMN "raw"."raw_customers"."email" IS 'Customer email address' (base.py:2622)
2025-12-10 14:25:41,559 - ThreadPoolExecutor-10_1 - vulcan.core.engine_adapter.base - INFO - Executing SQL: /* VULCAN_PLAN[orders360]: faa9e91772664f47bf803b1db77d836a */ COMMENT ON COLUMN "raw"."raw_products"."price" IS 'Product selling price in dollars' (base.py:2622)
2025-12-10 14:25:41,560 - ThreadPoolExecutor-10_2 - vulcan.core.engine_adapter.base - INFO - Executing SQL: /* VULCAN_PLAN[orders360]: faa9e91772664f47bf803b1db77d836a */ COMMENT ON COLUMN "raw"."raw_customers"."customer_segment" IS 'Customer tier (Platinum, Gold, Silver, Bronze)' (base.py:2622)
2025-12-10 14:25:41,560 - ThreadPoolExecutor-10_1 - vulcan.core.engine_adapter.base - INFO - Executing SQL: /* VULCAN_PLAN[orders360]: faa9e91772664f47bf803b1db77d836a */ COMMENT ON COLUMN "raw"."raw_products"."stock_quantity" IS 'Current inventory quantity available' (base.py:2622)
2025-12-10 14:25:41,564 - ThreadPoolExecutor-10_3 - vulcan.core.snapshot.evaluator - INFO - Updating view 'warehouse.sales.daily_sales' to point at table 'warehouse.vulcan__sales.sales__daily_sales__2671854529' (evaluator.py:1980)
2025-12-10 14:25:41,565 - ThreadPoolExecutor-10_3 - vulcan.core.engine_adapter.base - INFO - Executing SQL: /* VULCAN_PLAN[orders360]: faa9e91772664f47bf803b1db77d836a */ DROP VIEW IF EXISTS "sales"."daily_sales" CASCADE (base.py:2622)
2025-12-10 14:25:41,566 - ThreadPoolExecutor-10_3 - vulcan.core.engine_adapter.base - INFO - Executing SQL: /* VULCAN_PLAN[orders360]: faa9e91772664f47bf803b1db77d836a */ CREATE VIEW "sales"."daily_sales" AS SELECT * FROM "warehouse"."vulcan__sales"."sales__daily_sales__2671854529" (base.py:2622)
2025-12-10 14:25:41,567 - ThreadPoolExecutor-10_3 - vulcan.core.engine_adapter.base - INFO - Executing SQL: /* VULCAN_PLAN[orders360]: faa9e91772664f47bf803b1db77d836a */ COMMENT ON VIEW "sales"."daily_sales" IS 'Daily sales summary with order counts and revenue' (base.py:2622)
2025-12-10 14:25:41,567 - ThreadPoolExecutor-10_3 - vulcan.core.engine_adapter.base - INFO - Executing SQL: /* VULCAN_PLAN[orders360]: faa9e91772664f47bf803b1db77d836a */ COMMENT ON COLUMN "sales"."daily_sales"."order_date" IS 'Date of the sales' (base.py:2622)
2025-12-10 14:25:41,568 - ThreadPoolExecutor-10_3 - vulcan.core.engine_adapter.base - INFO - Executing SQL: /* VULCAN_PLAN[orders360]: faa9e91772664f47bf803b1db77d836a */ COMMENT ON COLUMN "sales"."daily_sales"."total_orders" IS 'Total number of orders for the day' (base.py:2622)
2025-12-10 14:25:41,568 - ThreadPoolExecutor-10_3 - vulcan.core.engine_adapter.base - INFO - Executing SQL: /* VULCAN_PLAN[orders360]: faa9e91772664f47bf803b1db77d836a */ COMMENT ON COLUMN "sales"."daily_sales"."total_revenue" IS 'Total revenue for the day' (base.py:2622)
2025-12-10 14:25:41,568 - ThreadPoolExecutor-10_3 - vulcan.core.engine_adapter.base - INFO - Executing SQL: /* VULCAN_PLAN[orders360]: faa9e91772664f47bf803b1db77d836a */ COMMENT ON COLUMN "sales"."daily_sales"."last_order_id" IS 'Last order ID processed for the day' (base.py:2622)
2025-12-10 14:25:41,572 - MainThread - vulcan.core.plan.evaluator - INFO - Evaluating plan stage FinalizeEnvironmentStage (evaluator.py:125)
2025-12-10 14:25:41,573 - MainThread - vulcan.core.state_sync.db.environment - INFO - Finalizing environment 'prod' (environment.py:141)
2025-12-10 14:25:41,603 - MainThread - vulcan.core.context - INFO - 📋 Plan/Run completed - recording run execution and preparing checks (run_id=e055dc20ee0543c1ae8c20dcb956966c, plan_id=faa9e91772664f47bf803b1db77d836a, environment=prod) (context.py:1875)
2025-12-10 14:25:41,610 - MainThread - vulcan.core.context - INFO - Recorded run event for 4 models (context.py:1907)
2025-12-10 14:25:41,611 - MainThread - vulcan.core.context - INFO - 🔍 Initiating check execution for 4 model(s) (run_id=e055dc20ee0543c1ae8c20dcb956966c, environment=prod) (context.py:1957)
2025-12-10 14:25:41,611 - MainThread - vulcan.core.check.executor - INFO - 🚀 Starting check execution for run_id=e055dc20ee0543c1ae8c20dcb956966c, environment=prod, models_count=raw.raw_customers, raw.raw_orders, raw.raw_products, sales.daily_sales, timestamp=1765356941198 (executor.py:463)
2025-12-10 14:25:41,636 - MainThread - vulcan.core.check.executor - INFO - Running quality scans in 1 batch(es): {('warehouse', 'sales')} (executor.py:536)
2025-12-10 14:25:41,636 - MainThread - vulcan.core.check.executor - INFO - Running quality batch 1/1 for warehouse.sales (4 check suites, 0 profile models) (executor.py:555)
2025-12-10 14:25:41,646 - MainThread - vulcan.core.check.executor - INFO - ▶️ Executing scan for schema=warehouse.sales, check_suites=4, profile_models=0 (executor.py:583)
2025-12-10 14:25:41,864 - MainThread - prophet.plot - ERROR - Importing plotly failed. Interactive plots will not work. (plot.py:40)
2025-12-10 14:25:41,869 - MainThread - soda.scan - WARNING - [14:25:41] Anomaly Detection Insufficient Training Data Warning: The model requires a minimum of 5 historical measurements for accurate predictions, but currently has only 1 check results available. (log.py:101)
2025-12-10 14:25:41,872 - MainThread - vulcan.core.check.soda_statesync - INFO - Extracted 1 failed row sample(s) from scan context (soda_statesync.py:157)
2025-12-10 14:25:41,886 - MainThread - vulcan.core.state_sync.db.quality - INFO - Stored check scan f8ba4588-16dc-4f1a-be1b-ffdd15e31ec5, run e055dc20ee0543c1ae8c20dcb956966c: 4 checks, 3 metrics, 0 profile metrics (quality.py:100)
2025-12-10 14:25:41,890 - MainThread - vulcan.core.check.executor - INFO - ✅ Check execution completed for run_id=e055dc20ee0543c1ae8c20dcb956966c: total_checks=5, total_profiles=0, batches=1 (executor.py:632)
2025-12-10 14:25:41,890 - MainThread - vulcan.core.context - INFO - ✅ Check execution finished (run_id=e055dc20ee0543c1ae8c20dcb956966c): checks_returned=True, profiles_returned=False (context.py:1974)
2025-12-10 14:25:41,892 - MainThread - root - INFO - Shutting down the event dispatcher (dispatcher.py:231)
