2025-12-10 14:17:53,224 - MainThread - vulcan.core.state_sync.db.migrator - INFO - Applying migration <module 'vulcan.migrations.v0000_baseline' from '/Users/shreyasikarwar/Desktop/DataOs-Research/Vulcan/vulcan-exp-dev/vulcan/migrations/v0000_baseline.py'> (migrator.py:206)
2025-12-10 14:17:53,249 - MainThread - vulcan.core.state_sync.db.migrator - INFO - Applying migration <module 'vulcan.migrations.v0001_activity_tables' from '/Users/shreyasikarwar/Desktop/DataOs-Research/Vulcan/vulcan-exp-dev/vulcan/migrations/v0001_activity_tables.py'> (migrator.py:206)
2025-12-10 14:17:53,286 - MainThread - vulcan.core.state_sync.db.migrator - INFO - Applying migration <module 'vulcan.migrations.v0002_add_check_tables' from '/Users/shreyasikarwar/Desktop/DataOs-Research/Vulcan/vulcan-exp-dev/vulcan/migrations/v0002_add_check_tables.py'> (migrator.py:206)
2025-12-10 14:17:53,344 - MainThread - vulcan.core.state_sync.db.migrator - INFO - Applying migration <module 'vulcan.migrations.v0003_add_query_service_tables' from '/Users/shreyasikarwar/Desktop/DataOs-Research/Vulcan/vulcan-exp-dev/vulcan/migrations/v0003_add_query_service_tables.py'> (migrator.py:206)
2025-12-10 14:17:53,370 - MainThread - vulcan.core.state_sync.db.migrator - INFO - Applying migration <module 'vulcan.migrations.v0061_mysql_fix_blob_text_type' from '/Users/shreyasikarwar/Desktop/DataOs-Research/Vulcan/vulcan-exp-dev/vulcan/migrations/v0061_mysql_fix_blob_text_type.py'> (migrator.py:206)
2025-12-10 14:17:53,370 - MainThread - vulcan.core.state_sync.db.migrator - INFO - Applying migration <module 'vulcan.migrations.v0062_add_model_gateway' from '/Users/shreyasikarwar/Desktop/DataOs-Research/Vulcan/vulcan-exp-dev/vulcan/migrations/v0062_add_model_gateway.py'> (migrator.py:206)
2025-12-10 14:17:53,370 - MainThread - vulcan.core.state_sync.db.migrator - INFO - Applying migration <module 'vulcan.migrations.v0063_change_signals' from '/Users/shreyasikarwar/Desktop/DataOs-Research/Vulcan/vulcan-exp-dev/vulcan/migrations/v0063_change_signals.py'> (migrator.py:206)
2025-12-10 14:17:53,370 - MainThread - vulcan.core.state_sync.db.migrator - INFO - Applying migration <module 'vulcan.migrations.v0064_join_when_matched_strings' from '/Users/shreyasikarwar/Desktop/DataOs-Research/Vulcan/vulcan-exp-dev/vulcan/migrations/v0064_join_when_matched_strings.py'> (migrator.py:206)
2025-12-10 14:17:53,370 - MainThread - vulcan.core.state_sync.db.migrator - INFO - Applying migration <module 'vulcan.migrations.v0065_add_model_optimize' from '/Users/shreyasikarwar/Desktop/DataOs-Research/Vulcan/vulcan-exp-dev/vulcan/migrations/v0065_add_model_optimize.py'> (migrator.py:206)
2025-12-10 14:17:53,370 - MainThread - vulcan.core.state_sync.db.migrator - INFO - Applying migration <module 'vulcan.migrations.v0066_add_auto_restatements' from '/Users/shreyasikarwar/Desktop/DataOs-Research/Vulcan/vulcan-exp-dev/vulcan/migrations/v0066_add_auto_restatements.py'> (migrator.py:206)
2025-12-10 14:17:53,373 - MainThread - vulcan.core.state_sync.db.migrator - INFO - Applying migration <module 'vulcan.migrations.v0067_add_tsql_date_full_precision' from '/Users/shreyasikarwar/Desktop/DataOs-Research/Vulcan/vulcan-exp-dev/vulcan/migrations/v0067_add_tsql_date_full_precision.py'> (migrator.py:206)
2025-12-10 14:17:53,373 - MainThread - vulcan.core.state_sync.db.migrator - INFO - Applying migration <module 'vulcan.migrations.v0068_include_unrendered_query_in_metadata_hash' from '/Users/shreyasikarwar/Desktop/DataOs-Research/Vulcan/vulcan-exp-dev/vulcan/migrations/v0068_include_unrendered_query_in_metadata_hash.py'> (migrator.py:206)
2025-12-10 14:17:53,373 - MainThread - vulcan.core.state_sync.db.migrator - INFO - Applying migration <module 'vulcan.migrations.v0069_update_dev_table_suffix' from '/Users/shreyasikarwar/Desktop/DataOs-Research/Vulcan/vulcan-exp-dev/vulcan/migrations/v0069_update_dev_table_suffix.py'> (migrator.py:206)
2025-12-10 14:17:53,373 - MainThread - vulcan.core.state_sync.db.migrator - INFO - Applying migration <module 'vulcan.migrations.v0070_include_grains_in_metadata_hash' from '/Users/shreyasikarwar/Desktop/DataOs-Research/Vulcan/vulcan-exp-dev/vulcan/migrations/v0070_include_grains_in_metadata_hash.py'> (migrator.py:206)
2025-12-10 14:17:53,373 - MainThread - vulcan.core.state_sync.db.migrator - INFO - Applying migration <module 'vulcan.migrations.v0071_add_dev_version_to_intervals' from '/Users/shreyasikarwar/Desktop/DataOs-Research/Vulcan/vulcan-exp-dev/vulcan/migrations/v0071_add_dev_version_to_intervals.py'> (migrator.py:206)
2025-12-10 14:17:53,373 - MainThread - vulcan.core.state_sync.db.migrator - INFO - Applying migration <module 'vulcan.migrations.v0072_add_environment_statements' from '/Users/shreyasikarwar/Desktop/DataOs-Research/Vulcan/vulcan-exp-dev/vulcan/migrations/v0072_add_environment_statements.py'> (migrator.py:206)
2025-12-10 14:17:53,375 - MainThread - vulcan.core.state_sync.db.migrator - INFO - Applying migration <module 'vulcan.migrations.v0073_remove_symbolic_disable_restatement' from '/Users/shreyasikarwar/Desktop/DataOs-Research/Vulcan/vulcan-exp-dev/vulcan/migrations/v0073_remove_symbolic_disable_restatement.py'> (migrator.py:206)
2025-12-10 14:17:53,375 - MainThread - vulcan.core.state_sync.db.migrator - INFO - Applying migration <module 'vulcan.migrations.v0074_add_partition_by_time_column_property' from '/Users/shreyasikarwar/Desktop/DataOs-Research/Vulcan/vulcan-exp-dev/vulcan/migrations/v0074_add_partition_by_time_column_property.py'> (migrator.py:206)
2025-12-10 14:17:53,375 - MainThread - vulcan.core.state_sync.db.migrator - INFO - Applying migration <module 'vulcan.migrations.v0075_remove_validate_query' from '/Users/shreyasikarwar/Desktop/DataOs-Research/Vulcan/vulcan-exp-dev/vulcan/migrations/v0075_remove_validate_query.py'> (migrator.py:206)
2025-12-10 14:17:53,375 - MainThread - vulcan.core.state_sync.db.migrator - INFO - Applying migration <module 'vulcan.migrations.v0076_add_cron_tz' from '/Users/shreyasikarwar/Desktop/DataOs-Research/Vulcan/vulcan-exp-dev/vulcan/migrations/v0076_add_cron_tz.py'> (migrator.py:206)
2025-12-10 14:17:53,375 - MainThread - vulcan.core.state_sync.db.migrator - INFO - Applying migration <module 'vulcan.migrations.v0077_fix_column_type_hash_calculation' from '/Users/shreyasikarwar/Desktop/DataOs-Research/Vulcan/vulcan-exp-dev/vulcan/migrations/v0077_fix_column_type_hash_calculation.py'> (migrator.py:206)
2025-12-10 14:17:53,375 - MainThread - vulcan.core.state_sync.db.migrator - INFO - Applying migration <module 'vulcan.migrations.v0078_warn_if_non_migratable_python_env' from '/Users/shreyasikarwar/Desktop/DataOs-Research/Vulcan/vulcan-exp-dev/vulcan/migrations/v0078_warn_if_non_migratable_python_env.py'> (migrator.py:206)
2025-12-10 14:17:53,375 - MainThread - vulcan.core.state_sync.db.migrator - INFO - Applying migration <module 'vulcan.migrations.v0079_add_gateway_managed_property' from '/Users/shreyasikarwar/Desktop/DataOs-Research/Vulcan/vulcan-exp-dev/vulcan/migrations/v0079_add_gateway_managed_property.py'> (migrator.py:206)
2025-12-10 14:17:53,376 - MainThread - vulcan.core.state_sync.db.migrator - INFO - Applying migration <module 'vulcan.migrations.v0080_add_batch_size_to_scd_type_2_models' from '/Users/shreyasikarwar/Desktop/DataOs-Research/Vulcan/vulcan-exp-dev/vulcan/migrations/v0080_add_batch_size_to_scd_type_2_models.py'> (migrator.py:206)
2025-12-10 14:17:53,376 - MainThread - vulcan.core.state_sync.db.migrator - INFO - Applying migration <module 'vulcan.migrations.v0081_update_partitioned_by' from '/Users/shreyasikarwar/Desktop/DataOs-Research/Vulcan/vulcan-exp-dev/vulcan/migrations/v0081_update_partitioned_by.py'> (migrator.py:206)
2025-12-10 14:17:53,376 - MainThread - vulcan.core.state_sync.db.migrator - INFO - Applying migration <module 'vulcan.migrations.v0082_warn_if_incorrectly_duplicated_statements' from '/Users/shreyasikarwar/Desktop/DataOs-Research/Vulcan/vulcan-exp-dev/vulcan/migrations/v0082_warn_if_incorrectly_duplicated_statements.py'> (migrator.py:206)
2025-12-10 14:17:53,376 - MainThread - vulcan.core.state_sync.db.migrator - INFO - Applying migration <module 'vulcan.migrations.v0083_use_sql_for_scd_time_data_type_data_hash' from '/Users/shreyasikarwar/Desktop/DataOs-Research/Vulcan/vulcan-exp-dev/vulcan/migrations/v0083_use_sql_for_scd_time_data_type_data_hash.py'> (migrator.py:206)
2025-12-10 14:17:53,376 - MainThread - vulcan.core.state_sync.db.migrator - INFO - Applying migration <module 'vulcan.migrations.v0084_normalize_quote_when_matched_and_merge_filter' from '/Users/shreyasikarwar/Desktop/DataOs-Research/Vulcan/vulcan-exp-dev/vulcan/migrations/v0084_normalize_quote_when_matched_and_merge_filter.py'> (migrator.py:206)
2025-12-10 14:17:53,376 - MainThread - vulcan.core.state_sync.db.migrator - INFO - Applying migration <module 'vulcan.migrations.v0085_deterministic_repr' from '/Users/shreyasikarwar/Desktop/DataOs-Research/Vulcan/vulcan-exp-dev/vulcan/migrations/v0085_deterministic_repr.py'> (migrator.py:206)
2025-12-10 14:17:53,376 - MainThread - vulcan.core.state_sync.db.migrator - INFO - Applying migration <module 'vulcan.migrations.v0086_check_deterministic_bug' from '/Users/shreyasikarwar/Desktop/DataOs-Research/Vulcan/vulcan-exp-dev/vulcan/migrations/v0086_check_deterministic_bug.py'> (migrator.py:206)
2025-12-10 14:17:53,376 - MainThread - vulcan.core.state_sync.db.migrator - INFO - Applying migration <module 'vulcan.migrations.v0087_normalize_blueprint_variables' from '/Users/shreyasikarwar/Desktop/DataOs-Research/Vulcan/vulcan-exp-dev/vulcan/migrations/v0087_normalize_blueprint_variables.py'> (migrator.py:206)
2025-12-10 14:17:53,376 - MainThread - vulcan.core.state_sync.db.migrator - INFO - Applying migration <module 'vulcan.migrations.v0088_warn_about_variable_python_env_diffs' from '/Users/shreyasikarwar/Desktop/DataOs-Research/Vulcan/vulcan-exp-dev/vulcan/migrations/v0088_warn_about_variable_python_env_diffs.py'> (migrator.py:206)
2025-12-10 14:17:53,376 - MainThread - vulcan.core.state_sync.db.migrator - INFO - Applying migration <module 'vulcan.migrations.v0089_add_virtual_environment_mode' from '/Users/shreyasikarwar/Desktop/DataOs-Research/Vulcan/vulcan-exp-dev/vulcan/migrations/v0089_add_virtual_environment_mode.py'> (migrator.py:206)
2025-12-10 14:17:53,376 - MainThread - vulcan.core.state_sync.db.migrator - INFO - Applying migration <module 'vulcan.migrations.v0090_add_forward_only_column' from '/Users/shreyasikarwar/Desktop/DataOs-Research/Vulcan/vulcan-exp-dev/vulcan/migrations/v0090_add_forward_only_column.py'> (migrator.py:206)
2025-12-10 14:17:53,377 - MainThread - vulcan.core.state_sync.db.migrator - INFO - Applying migration <module 'vulcan.migrations.v0091_on_additive_change' from '/Users/shreyasikarwar/Desktop/DataOs-Research/Vulcan/vulcan-exp-dev/vulcan/migrations/v0091_on_additive_change.py'> (migrator.py:206)
2025-12-10 14:17:53,377 - MainThread - vulcan.core.state_sync.db.migrator - INFO - Applying migration <module 'vulcan.migrations.v0092_warn_about_dbt_data_type_diff' from '/Users/shreyasikarwar/Desktop/DataOs-Research/Vulcan/vulcan-exp-dev/vulcan/migrations/v0092_warn_about_dbt_data_type_diff.py'> (migrator.py:206)
2025-12-10 14:17:53,377 - MainThread - vulcan.core.state_sync.db.migrator - INFO - Applying migration <module 'vulcan.migrations.v0093_use_raw_sql_in_fingerprint' from '/Users/shreyasikarwar/Desktop/DataOs-Research/Vulcan/vulcan-exp-dev/vulcan/migrations/v0093_use_raw_sql_in_fingerprint.py'> (migrator.py:206)
2025-12-10 14:17:53,377 - MainThread - vulcan.core.state_sync.db.migrator - INFO - Applying migration <module 'vulcan.migrations.v0094_add_dev_version_and_fingerprint_columns' from '/Users/shreyasikarwar/Desktop/DataOs-Research/Vulcan/vulcan-exp-dev/vulcan/migrations/v0094_add_dev_version_and_fingerprint_columns.py'> (migrator.py:206)
2025-12-10 14:17:53,377 - MainThread - vulcan.core.state_sync.db.migrator - INFO - Applying migration <module 'vulcan.migrations.v0095_warn_about_dbt_raw_sql_diff' from '/Users/shreyasikarwar/Desktop/DataOs-Research/Vulcan/vulcan-exp-dev/vulcan/migrations/v0095_warn_about_dbt_raw_sql_diff.py'> (migrator.py:206)
2025-12-10 14:17:53,377 - MainThread - vulcan.core.state_sync.db.migrator - INFO - Applying migration <module 'vulcan.migrations.v0096_remove_plan_dags_table' from '/Users/shreyasikarwar/Desktop/DataOs-Research/Vulcan/vulcan-exp-dev/vulcan/migrations/v0096_remove_plan_dags_table.py'> (migrator.py:206)
2025-12-10 14:17:53,378 - MainThread - vulcan.core.state_sync.db.migrator - INFO - Applying migration <module 'vulcan.migrations.v0097_add_dbt_name_in_node' from '/Users/shreyasikarwar/Desktop/DataOs-Research/Vulcan/vulcan-exp-dev/vulcan/migrations/v0097_add_dbt_name_in_node.py'> (migrator.py:206)
2025-12-10 14:17:53,378 - MainThread - vulcan.core.state_sync.db.migrator - INFO - Applying migration <module 'vulcan.migrations.v0098_add_dbt_node_info_in_node' from '/Users/shreyasikarwar/Desktop/DataOs-Research/Vulcan/vulcan-exp-dev/vulcan/migrations/v0098_add_dbt_node_info_in_node.py'> (migrator.py:206)
2025-12-10 14:17:53,378 - MainThread - vulcan.core.state_sync.db.migrator - INFO - Applying migration <module 'vulcan.migrations.v0099_add_last_altered_to_intervals' from '/Users/shreyasikarwar/Desktop/DataOs-Research/Vulcan/vulcan-exp-dev/vulcan/migrations/v0099_add_last_altered_to_intervals.py'> (migrator.py:206)
2025-12-10 14:17:53,378 - MainThread - vulcan.core.state_sync.db.migrator - INFO - Applying migration <module 'vulcan.migrations.v0100_add_grants_and_grants_target_layer' from '/Users/shreyasikarwar/Desktop/DataOs-Research/Vulcan/vulcan-exp-dev/vulcan/migrations/v0100_add_grants_and_grants_target_layer.py'> (migrator.py:206)
2025-12-10 14:17:53,379 - MainThread - vulcan.core.state_sync.db.migrator - INFO - Fetching environments (migrator.py:228)
2025-12-10 14:17:53,380 - MainThread - vulcan.core.state_sync.db.migrator - INFO - Migrating snapshot rows... (migrator.py:245)
2025-12-10 14:17:53,380 - MainThread - vulcan.core.state_sync.db.migrator - INFO - No changes to snapshots detected (migrator.py:238)
2025-12-10 14:17:53,610 - MainThread - vulcan.core.config.connection - INFO - Creating new DuckDB adapter for in-memory database (connection.py:511)
2025-12-10 14:17:55,365 - MainThread - vulcan.core.plan.evaluator - INFO - Evaluating plan stage CreateSnapshotRecordsStage (evaluator.py:125)
2025-12-10 14:17:55,387 - MainThread - vulcan.core.plan.evaluator - INFO - Evaluating plan stage PhysicalLayerSchemaCreationStage (evaluator.py:125)
2025-12-10 14:17:55,388 - ThreadPoolExecutor-2_0 - vulcan.core.snapshot.evaluator - INFO - Creating schema 'warehouse.vulcan__sales' (evaluator.py:1443)
2025-12-10 14:17:55,389 - ThreadPoolExecutor-2_1 - vulcan.core.snapshot.evaluator - INFO - Creating schema 'warehouse.vulcan__raw' (evaluator.py:1443)
2025-12-10 14:17:55,394 - ThreadPoolExecutor-2_0 - vulcan.core.engine_adapter.base - INFO - Executing SQL: /* VULCAN_PLAN[orders360]: 9d697cc1f95741da804db27e77f24278 */ CREATE SCHEMA IF NOT EXISTS "vulcan__sales" (base.py:2622)
2025-12-10 14:17:55,398 - ThreadPoolExecutor-2_1 - vulcan.core.engine_adapter.base - INFO - Executing SQL: /* VULCAN_PLAN[orders360]: 9d697cc1f95741da804db27e77f24278 */ CREATE SCHEMA IF NOT EXISTS "vulcan__raw" (base.py:2622)
2025-12-10 14:17:55,401 - MainThread - vulcan.core.plan.evaluator - INFO - Evaluating plan stage BackfillStage (evaluator.py:125)
2025-12-10 14:17:55,404 - ThreadPoolExecutor-3_0 - vulcan.core.snapshot.evaluator - INFO - Listing data objects in schema warehouse.vulcan__sales (evaluator.py:1610)
2025-12-10 14:17:55,404 - ThreadPoolExecutor-3_1 - vulcan.core.snapshot.evaluator - INFO - Listing data objects in schema warehouse.vulcan__raw (evaluator.py:1610)
2025-12-10 14:17:55,408 - ThreadPoolExecutor-3_0 - vulcan.core.engine_adapter.base - INFO - Executing SQL: /* VULCAN_PLAN[orders360]: 9d697cc1f95741da804db27e77f24278 */ SELECT current_catalog (base.py:2622)
2025-12-10 14:17:55,412 - ThreadPoolExecutor-3_1 - vulcan.core.engine_adapter.base - INFO - Executing SQL: /* VULCAN_PLAN[orders360]: 9d697cc1f95741da804db27e77f24278 */ SELECT current_catalog (base.py:2622)
2025-12-10 14:17:55,485 - ThreadPoolExecutor-4_0 - vulcan.core.snapshot.evaluator - INFO - Evaluating snapshot SnapshotId<"warehouse"."raw"."raw_customers": 177450048> (evaluator.py:711)
2025-12-10 14:17:55,486 - ThreadPoolExecutor-4_1 - vulcan.core.snapshot.evaluator - INFO - Evaluating snapshot SnapshotId<"warehouse"."raw"."raw_orders": 574323373> (evaluator.py:711)
2025-12-10 14:17:55,486 - ThreadPoolExecutor-4_2 - vulcan.core.snapshot.evaluator - INFO - Evaluating snapshot SnapshotId<"warehouse"."raw"."raw_products": 2525607284> (evaluator.py:711)
2025-12-10 14:17:55,497 - ThreadPoolExecutor-4_0 - vulcan.core.snapshot.evaluator - INFO - Creating table 'warehouse.vulcan__raw.raw__raw_customers__1474975870' (evaluator.py:2034)
2025-12-10 14:17:55,497 - ThreadPoolExecutor-4_1 - vulcan.core.snapshot.evaluator - INFO - Creating table 'warehouse.vulcan__raw.raw__raw_orders__1032938324' (evaluator.py:2034)
2025-12-10 14:17:55,498 - ThreadPoolExecutor-4_0 - vulcan.core.engine_adapter.base - INFO - Executing SQL: /* VULCAN_PLAN[orders360]: 9d697cc1f95741da804db27e77f24278 */ CREATE TABLE IF NOT EXISTS "vulcan__raw"."raw__raw_customers__1474975870" ("customer_id" VARCHAR, "first_name" VARCHAR, "last_name" VARCHAR, "email" VARCHAR, "customer_segment" VARCHAR) (base.py:2622)
2025-12-10 14:17:55,498 - ThreadPoolExecutor-4_2 - vulcan.core.snapshot.evaluator - INFO - Creating table 'warehouse.vulcan__raw.raw__raw_products__3337559381' (evaluator.py:2034)
2025-12-10 14:17:55,498 - ThreadPoolExecutor-4_1 - vulcan.core.engine_adapter.base - INFO - Executing SQL: /* VULCAN_PLAN[orders360]: 9d697cc1f95741da804db27e77f24278 */ CREATE TABLE IF NOT EXISTS "vulcan__raw"."raw__raw_orders__1032938324" ("order_id" VARCHAR, "order_date" DATE, "customer_id" VARCHAR, "product_id" VARCHAR, "total_amount" DOUBLE PRECISION) (base.py:2622)
2025-12-10 14:17:55,499 - ThreadPoolExecutor-4_2 - vulcan.core.engine_adapter.base - INFO - Executing SQL: /* VULCAN_PLAN[orders360]: 9d697cc1f95741da804db27e77f24278 */ CREATE TABLE IF NOT EXISTS "vulcan__raw"."raw__raw_products__3337559381" ("product_id" VARCHAR, "product_name" VARCHAR, "category" VARCHAR, "price" DOUBLE PRECISION, "stock_quantity" INT) (base.py:2622)
2025-12-10 14:17:55,504 - ThreadPoolExecutor-4_2 - vulcan.core.engine_adapter.base - INFO - Executing SQL: /* VULCAN_PLAN[orders360]: 9d697cc1f95741da804db27e77f24278 */ COMMENT ON TABLE "vulcan__raw"."raw__raw_products__3337559381" IS 'Seed model loading raw product data from CSV file' (base.py:2622)
2025-12-10 14:17:55,504 - ThreadPoolExecutor-4_1 - vulcan.core.engine_adapter.base - INFO - Executing SQL: /* VULCAN_PLAN[orders360]: 9d697cc1f95741da804db27e77f24278 */ COMMENT ON TABLE "vulcan__raw"."raw__raw_orders__1032938324" IS 'Seed model loading raw order data from CSV file' (base.py:2622)
2025-12-10 14:17:55,505 - ThreadPoolExecutor-4_0 - vulcan.core.engine_adapter.base - INFO - Executing SQL: /* VULCAN_PLAN[orders360]: 9d697cc1f95741da804db27e77f24278 */ COMMENT ON TABLE "vulcan__raw"."raw__raw_customers__1474975870" IS 'Seed model loading raw customer data from CSV file' (base.py:2622)
2025-12-10 14:17:55,505 - ThreadPoolExecutor-4_2 - vulcan.core.engine_adapter.base - INFO - Executing SQL: /* VULCAN_PLAN[orders360]: 9d697cc1f95741da804db27e77f24278 */ COMMENT ON COLUMN "vulcan__raw"."raw__raw_products__3337559381"."product_id" IS 'Unique identifier for each product' (base.py:2622)
2025-12-10 14:17:55,506 - ThreadPoolExecutor-4_1 - vulcan.core.engine_adapter.base - INFO - Executing SQL: /* VULCAN_PLAN[orders360]: 9d697cc1f95741da804db27e77f24278 */ COMMENT ON COLUMN "vulcan__raw"."raw__raw_orders__1032938324"."order_id" IS 'Unique identifier for each order' (base.py:2622)
2025-12-10 14:17:55,507 - ThreadPoolExecutor-4_2 - vulcan.core.engine_adapter.base - INFO - Executing SQL: /* VULCAN_PLAN[orders360]: 9d697cc1f95741da804db27e77f24278 */ COMMENT ON COLUMN "vulcan__raw"."raw__raw_products__3337559381"."product_name" IS 'Name of the product' (base.py:2622)
2025-12-10 14:17:55,507 - ThreadPoolExecutor-4_0 - vulcan.core.engine_adapter.base - INFO - Executing SQL: /* VULCAN_PLAN[orders360]: 9d697cc1f95741da804db27e77f24278 */ COMMENT ON COLUMN "vulcan__raw"."raw__raw_customers__1474975870"."customer_id" IS 'Unique identifier for each customer' (base.py:2622)
2025-12-10 14:17:55,507 - ThreadPoolExecutor-4_1 - vulcan.core.engine_adapter.base - INFO - Executing SQL: /* VULCAN_PLAN[orders360]: 9d697cc1f95741da804db27e77f24278 */ COMMENT ON COLUMN "vulcan__raw"."raw__raw_orders__1032938324"."order_date" IS 'Date when the order was placed' (base.py:2622)
2025-12-10 14:17:55,507 - ThreadPoolExecutor-4_2 - vulcan.core.engine_adapter.base - INFO - Executing SQL: /* VULCAN_PLAN[orders360]: 9d697cc1f95741da804db27e77f24278 */ COMMENT ON COLUMN "vulcan__raw"."raw__raw_products__3337559381"."category" IS 'Product category (Electronics, Clothing, Sports, Home, Food, Toys)' (base.py:2622)
2025-12-10 14:17:55,507 - ThreadPoolExecutor-4_0 - vulcan.core.engine_adapter.base - INFO - Executing SQL: /* VULCAN_PLAN[orders360]: 9d697cc1f95741da804db27e77f24278 */ COMMENT ON COLUMN "vulcan__raw"."raw__raw_customers__1474975870"."first_name" IS 'Customer first name' (base.py:2622)
2025-12-10 14:17:55,507 - ThreadPoolExecutor-4_1 - vulcan.core.engine_adapter.base - INFO - Executing SQL: /* VULCAN_PLAN[orders360]: 9d697cc1f95741da804db27e77f24278 */ COMMENT ON COLUMN "vulcan__raw"."raw__raw_orders__1032938324"."customer_id" IS 'Reference to customer who placed the order' (base.py:2622)
2025-12-10 14:17:55,508 - ThreadPoolExecutor-4_2 - vulcan.core.engine_adapter.base - INFO - Executing SQL: /* VULCAN_PLAN[orders360]: 9d697cc1f95741da804db27e77f24278 */ COMMENT ON COLUMN "vulcan__raw"."raw__raw_products__3337559381"."price" IS 'Product selling price in dollars' (base.py:2622)
2025-12-10 14:17:55,508 - ThreadPoolExecutor-4_0 - vulcan.core.engine_adapter.base - INFO - Executing SQL: /* VULCAN_PLAN[orders360]: 9d697cc1f95741da804db27e77f24278 */ COMMENT ON COLUMN "vulcan__raw"."raw__raw_customers__1474975870"."last_name" IS 'Customer last name' (base.py:2622)
2025-12-10 14:17:55,508 - ThreadPoolExecutor-4_1 - vulcan.core.engine_adapter.base - INFO - Executing SQL: /* VULCAN_PLAN[orders360]: 9d697cc1f95741da804db27e77f24278 */ COMMENT ON COLUMN "vulcan__raw"."raw__raw_orders__1032938324"."product_id" IS 'Reference to product that was ordered' (base.py:2622)
2025-12-10 14:17:55,508 - ThreadPoolExecutor-4_2 - vulcan.core.engine_adapter.base - INFO - Executing SQL: /* VULCAN_PLAN[orders360]: 9d697cc1f95741da804db27e77f24278 */ COMMENT ON COLUMN "vulcan__raw"."raw__raw_products__3337559381"."stock_quantity" IS 'Current inventory quantity available' (base.py:2622)
2025-12-10 14:17:55,508 - ThreadPoolExecutor-4_1 - vulcan.core.engine_adapter.base - INFO - Executing SQL: /* VULCAN_PLAN[orders360]: 9d697cc1f95741da804db27e77f24278 */ COMMENT ON COLUMN "vulcan__raw"."raw__raw_orders__1032938324"."total_amount" IS 'Total order amount in dollars' (base.py:2622)
2025-12-10 14:17:55,509 - ThreadPoolExecutor-4_0 - vulcan.core.engine_adapter.base - INFO - Executing SQL: /* VULCAN_PLAN[orders360]: 9d697cc1f95741da804db27e77f24278 */ COMMENT ON COLUMN "vulcan__raw"."raw__raw_customers__1474975870"."email" IS 'Customer email address' (base.py:2622)
2025-12-10 14:17:55,510 - ThreadPoolExecutor-4_2 - vulcan.core.engine_adapter.base - INFO - Executing SQL: /* VULCAN_PLAN[orders360]: 9d697cc1f95741da804db27e77f24278 */ SELECT current_catalog (base.py:2622)
2025-12-10 14:17:55,511 - ThreadPoolExecutor-4_0 - vulcan.core.engine_adapter.base - INFO - Executing SQL: /* VULCAN_PLAN[orders360]: 9d697cc1f95741da804db27e77f24278 */ COMMENT ON COLUMN "vulcan__raw"."raw__raw_customers__1474975870"."customer_segment" IS 'Customer tier (Platinum, Gold, Silver, Bronze)' (base.py:2622)
2025-12-10 14:17:55,512 - ThreadPoolExecutor-4_1 - vulcan.core.engine_adapter.base - INFO - Executing SQL: /* VULCAN_PLAN[orders360]: 9d697cc1f95741da804db27e77f24278 */ SELECT current_catalog (base.py:2622)
2025-12-10 14:17:55,514 - ThreadPoolExecutor-4_0 - vulcan.core.engine_adapter.base - INFO - Executing SQL: /* VULCAN_PLAN[orders360]: 9d697cc1f95741da804db27e77f24278 */ SELECT current_catalog (base.py:2622)
2025-12-10 14:17:55,520 - ThreadPoolExecutor-4_1 - vulcan.core.engine_adapter.base - INFO - Executing SQL: /* VULCAN_PLAN[orders360]: 9d697cc1f95741da804db27e77f24278 */ DELETE FROM "vulcan__raw"."raw__raw_orders__1032938324" WHERE TRUE (base.py:2622)
2025-12-10 14:17:55,522 - ThreadPoolExecutor-4_2 - vulcan.core.engine_adapter.base - INFO - Executing SQL: /* VULCAN_PLAN[orders360]: 9d697cc1f95741da804db27e77f24278 */ DELETE FROM "vulcan__raw"."raw__raw_products__3337559381" WHERE TRUE (base.py:2622)
2025-12-10 14:17:55,523 - ThreadPoolExecutor-4_0 - vulcan.core.engine_adapter.base - INFO - Executing SQL: /* VULCAN_PLAN[orders360]: 9d697cc1f95741da804db27e77f24278 */ DELETE FROM "vulcan__raw"."raw__raw_customers__1474975870" WHERE TRUE (base.py:2622)
2025-12-10 14:17:55,525 - ThreadPoolExecutor-4_0 - vulcan.core.engine_adapter.base - INFO - Executing SQL: INSERT INTO "vulcan__raw"."raw__raw_customers__1474975870" ("customer_id", "first_name", "last_name", "email", "customer_segment") SELECT CAST("customer_id" AS VARCHAR) AS "customer_id", CAST("first_name" AS VARCHAR) AS "first_name", CAST("last_name" AS VARCHAR) AS "last_name", CAST("email" AS VARCHAR) AS "email", CAST("customer_segment" AS VARCHAR) AS "customer_segment" FROM (VALUES "<REDACTED VALUES>") AS "t"("customer_id", "first_name", "last_name", "email", "customer_segment") (base.py:2622)
2025-12-10 14:17:55,526 - ThreadPoolExecutor-4_1 - vulcan.core.engine_adapter.base - INFO - Executing SQL: INSERT INTO "vulcan__raw"."raw__raw_orders__1032938324" ("order_id", "order_date", "customer_id", "product_id", "total_amount") SELECT CAST("order_id" AS VARCHAR) AS "order_id", CAST("order_date" AS DATE) AS "order_date", CAST("customer_id" AS VARCHAR) AS "customer_id", CAST("product_id" AS VARCHAR) AS "product_id", CAST("total_amount" AS DOUBLE PRECISION) AS "total_amount" FROM (VALUES "<REDACTED VALUES>") AS "t"("order_id", "order_date", "customer_id", "product_id", "total_amount") (base.py:2622)
2025-12-10 14:17:55,527 - ThreadPoolExecutor-4_2 - vulcan.core.engine_adapter.base - INFO - Executing SQL: INSERT INTO "vulcan__raw"."raw__raw_products__3337559381" ("product_id", "product_name", "category", "price", "stock_quantity") SELECT CAST("product_id" AS VARCHAR) AS "product_id", CAST("product_name" AS VARCHAR) AS "product_name", CAST("category" AS VARCHAR) AS "category", CAST("price" AS DOUBLE PRECISION) AS "price", CAST("stock_quantity" AS INT) AS "stock_quantity" FROM (VALUES "<REDACTED VALUES>") AS "t"("product_id", "product_name", "category", "price", "stock_quantity") (base.py:2622)
2025-12-10 14:17:55,541 - ThreadPoolExecutor-4_0 - vulcan.core.state_sync.db.facade - INFO - Adding interval (2025-12-10 08:40:00, 2025-12-10 08:45:00) for snapshot SnapshotId<"warehouse"."raw"."raw_customers": 177450048> (facade.py:912)
2025-12-10 14:17:55,541 - ThreadPoolExecutor-4_1 - vulcan.core.state_sync.db.facade - INFO - Adding interval (2025-12-10 08:40:00, 2025-12-10 08:45:00) for snapshot SnapshotId<"warehouse"."raw"."raw_orders": 574323373> (facade.py:912)
2025-12-10 14:17:55,541 - ThreadPoolExecutor-4_0 - vulcan.core.state_sync.db.interval - INFO - Pushing intervals for snapshot SnapshotId<"warehouse"."raw"."raw_customers": 177450048> (interval.py:215)
2025-12-10 14:17:55,541 - ThreadPoolExecutor-4_1 - vulcan.core.state_sync.db.interval - INFO - Pushing intervals for snapshot SnapshotId<"warehouse"."raw"."raw_orders": 574323373> (interval.py:215)
2025-12-10 14:17:55,541 - ThreadPoolExecutor-4_2 - vulcan.core.state_sync.db.facade - INFO - Adding interval (2025-12-10 08:40:00, 2025-12-10 08:45:00) for snapshot SnapshotId<"warehouse"."raw"."raw_products": 2525607284> (facade.py:912)
2025-12-10 14:17:55,545 - ThreadPoolExecutor-4_2 - vulcan.core.state_sync.db.interval - INFO - Pushing intervals for snapshot SnapshotId<"warehouse"."raw"."raw_products": 2525607284> (interval.py:215)
2025-12-10 14:17:55,549 - ThreadPoolExecutor-4_3 - vulcan.core.snapshot.evaluator - INFO - Evaluating snapshot SnapshotId<"warehouse"."sales"."daily_sales": 1096770569> (evaluator.py:711)
2025-12-10 14:17:55,553 - ThreadPoolExecutor-4_1 - vulcan.core.state_sync.db.facade - INFO - Adding interval (2025-12-09 00:00:00, 2025-12-10 00:00:00) for snapshot SnapshotId<semantic-model.orders: 106698390> (facade.py:912)
2025-12-10 14:17:55,553 - ThreadPoolExecutor-4_1 - vulcan.core.state_sync.db.interval - INFO - Pushing intervals for snapshot SnapshotId<semantic-model.orders: 106698390> (interval.py:215)
2025-12-10 14:17:55,554 - ThreadPoolExecutor-4_0 - vulcan.core.state_sync.db.facade - INFO - Adding interval (2025-12-09 00:00:00, 2025-12-10 00:00:00) for snapshot SnapshotId<semantic-model.customers: 164593386> (facade.py:912)
2025-12-10 14:17:55,554 - ThreadPoolExecutor-4_2 - vulcan.core.state_sync.db.facade - INFO - Adding interval (2025-12-09 00:00:00, 2025-12-10 00:00:00) for snapshot SnapshotId<semantic-model.products: 1445163979> (facade.py:912)
2025-12-10 14:17:55,554 - ThreadPoolExecutor-4_3 - vulcan.core.snapshot.evaluator - INFO - Inserting data for snapshot SnapshotId<"warehouse"."sales"."daily_sales": 1096770569> (evaluator.py:952)
2025-12-10 14:17:55,556 - ThreadPoolExecutor-4_0 - vulcan.core.state_sync.db.interval - INFO - Pushing intervals for snapshot SnapshotId<semantic-model.customers: 164593386> (interval.py:215)
2025-12-10 14:17:55,556 - ThreadPoolExecutor-4_2 - vulcan.core.state_sync.db.interval - INFO - Pushing intervals for snapshot SnapshotId<semantic-model.products: 1445163979> (interval.py:215)
2025-12-10 14:17:55,560 - ThreadPoolExecutor-4_3 - vulcan.core.snapshot.evaluator - INFO - Inserting batch (2025-12-09 00:00:00, 2025-12-10 00:00:00) into warehouse.vulcan__sales.sales__daily_sales__2671854529' (evaluator.py:984)
2025-12-10 14:17:55,566 - ThreadPoolExecutor-4_3 - vulcan.core.engine_adapter.base - INFO - Executing SQL: /* VULCAN_PLAN[orders360]: 9d697cc1f95741da804db27e77f24278 */ CREATE TABLE IF NOT EXISTS "vulcan__sales"."sales__daily_sales__2671854529" AS SELECT CAST("order_date" AS TIMESTAMP) AS "order_date", CAST("total_orders" AS INT) AS "total_orders", CAST("total_revenue" AS DOUBLE PRECISION) AS "total_revenue", CAST("last_order_id" AS VARCHAR) AS "last_order_id" FROM (SELECT CAST(CAST("raw_orders"."order_date" AS TIMESTAMP) AS TIMESTAMP) AS "order_date", CAST(COUNT("raw_orders"."order_id") AS INT) AS "total_orders", CAST(SUM("raw_orders"."total_amount") AS DOUBLE PRECISION) AS "total_revenue", CAST(MAX("raw_orders"."order_id") AS VARCHAR) AS "last_order_id" FROM "warehouse"."vulcan__raw"."raw__raw_orders__1032938324" AS "raw_orders" GROUP BY "raw_orders"."order_date" ORDER BY "order_date") AS "_subquery" (base.py:2622)
2025-12-10 14:17:55,570 - ThreadPoolExecutor-4_3 - vulcan.core.engine_adapter.base - INFO - Executing SQL: /* VULCAN_PLAN[orders360]: 9d697cc1f95741da804db27e77f24278 */ COMMENT ON TABLE "vulcan__sales"."sales__daily_sales__2671854529" IS 'Daily sales summary with order counts and revenue' (base.py:2622)
2025-12-10 14:17:55,570 - ThreadPoolExecutor-4_3 - vulcan.core.engine_adapter.base - INFO - Executing SQL: /* VULCAN_PLAN[orders360]: 9d697cc1f95741da804db27e77f24278 */ COMMENT ON COLUMN "vulcan__sales"."sales__daily_sales__2671854529"."order_date" IS 'Date of the sales' (base.py:2622)
2025-12-10 14:17:55,571 - ThreadPoolExecutor-4_3 - vulcan.core.engine_adapter.base - INFO - Executing SQL: /* VULCAN_PLAN[orders360]: 9d697cc1f95741da804db27e77f24278 */ COMMENT ON COLUMN "vulcan__sales"."sales__daily_sales__2671854529"."total_orders" IS 'Total number of orders for the day' (base.py:2622)
2025-12-10 14:17:55,571 - ThreadPoolExecutor-4_3 - vulcan.core.engine_adapter.base - INFO - Executing SQL: /* VULCAN_PLAN[orders360]: 9d697cc1f95741da804db27e77f24278 */ COMMENT ON COLUMN "vulcan__sales"."sales__daily_sales__2671854529"."total_revenue" IS 'Total revenue for the day' (base.py:2622)
2025-12-10 14:17:55,571 - ThreadPoolExecutor-4_3 - vulcan.core.engine_adapter.base - INFO - Executing SQL: /* VULCAN_PLAN[orders360]: 9d697cc1f95741da804db27e77f24278 */ COMMENT ON COLUMN "vulcan__sales"."sales__daily_sales__2671854529"."last_order_id" IS 'Last order ID processed for the day' (base.py:2622)
2025-12-10 14:17:55,575 - ThreadPoolExecutor-4_3 - vulcan.core.state_sync.db.facade - INFO - Adding interval (2025-12-09 00:00:00, 2025-12-10 00:00:00) for snapshot SnapshotId<"warehouse"."sales"."daily_sales": 1096770569> (facade.py:912)
2025-12-10 14:17:55,576 - ThreadPoolExecutor-4_3 - vulcan.core.state_sync.db.interval - INFO - Pushing intervals for snapshot SnapshotId<"warehouse"."sales"."daily_sales": 1096770569> (interval.py:215)
2025-12-10 14:17:55,581 - ThreadPoolExecutor-4_3 - vulcan.core.state_sync.db.facade - INFO - Adding interval (2025-12-09 00:00:00, 2025-12-10 00:00:00) for snapshot SnapshotId<__checks.sales.daily_sales:validity: 4170612815> (facade.py:912)
2025-12-10 14:17:55,581 - ThreadPoolExecutor-4_3 - vulcan.core.state_sync.db.interval - INFO - Pushing intervals for snapshot SnapshotId<__checks.sales.daily_sales:validity: 4170612815> (interval.py:215)
2025-12-10 14:17:55,583 - ThreadPoolExecutor-4_1 - vulcan.core.state_sync.db.facade - INFO - Adding interval (2025-12-09 00:00:00, 2025-12-10 00:00:00) for snapshot SnapshotId<semantic-model.daily_sales: 3819326764> (facade.py:912)
2025-12-10 14:17:55,583 - ThreadPoolExecutor-4_1 - vulcan.core.state_sync.db.interval - INFO - Pushing intervals for snapshot SnapshotId<semantic-model.daily_sales: 3819326764> (interval.py:215)
2025-12-10 14:17:55,589 - ThreadPoolExecutor-4_1 - vulcan.core.state_sync.db.facade - INFO - Adding interval (2025-12-09 00:00:00, 2025-12-10 00:00:00) for snapshot SnapshotId<semantic-metric.order_volume: 2379893309> (facade.py:912)
2025-12-10 14:17:55,589 - ThreadPoolExecutor-4_1 - vulcan.core.state_sync.db.interval - INFO - Pushing intervals for snapshot SnapshotId<semantic-metric.order_volume: 2379893309> (interval.py:215)
2025-12-10 14:17:55,591 - ThreadPoolExecutor-4_2 - vulcan.core.state_sync.db.facade - INFO - Adding interval (2025-12-09 00:00:00, 2025-12-10 00:00:00) for snapshot SnapshotId<semantic-metric.revenue_trends: 1186847179> (facade.py:912)
2025-12-10 14:17:55,591 - ThreadPoolExecutor-4_2 - vulcan.core.state_sync.db.interval - INFO - Pushing intervals for snapshot SnapshotId<semantic-metric.revenue_trends: 1186847179> (interval.py:215)
2025-12-10 14:17:55,598 - MainThread - vulcan.core.plan.evaluator - INFO - Evaluating plan stage EnvironmentRecordUpdateStage (evaluator.py:125)
2025-12-10 14:17:55,602 - MainThread - vulcan.core.state_sync.db.facade - INFO - Promoting environment 'prod' (facade.py:189)
2025-12-10 14:17:55,610 - MainThread - vulcan.core.plan.evaluator - INFO - Evaluating plan stage UnpauseStage (evaluator.py:125)
2025-12-10 14:17:55,614 - MainThread - vulcan.core.plan.evaluator - INFO - Evaluating plan stage VirtualLayerUpdateStage (evaluator.py:125)
2025-12-10 14:17:55,616 - ThreadPoolExecutor-5_0 - vulcan.core.snapshot.evaluator - INFO - Creating schema 'warehouse.sales' (evaluator.py:1443)
2025-12-10 14:17:55,616 - ThreadPoolExecutor-5_1 - vulcan.core.snapshot.evaluator - INFO - Creating schema 'warehouse.raw' (evaluator.py:1443)
2025-12-10 14:17:55,619 - ThreadPoolExecutor-5_0 - vulcan.core.engine_adapter.base - INFO - Executing SQL: /* VULCAN_PLAN[orders360]: 9d697cc1f95741da804db27e77f24278 */ CREATE SCHEMA IF NOT EXISTS "sales" (base.py:2622)
2025-12-10 14:17:55,622 - ThreadPoolExecutor-5_1 - vulcan.core.engine_adapter.base - INFO - Executing SQL: /* VULCAN_PLAN[orders360]: 9d697cc1f95741da804db27e77f24278 */ CREATE SCHEMA IF NOT EXISTS "raw" (base.py:2622)
2025-12-10 14:17:55,624 - ThreadPoolExecutor-6_0 - vulcan.core.snapshot.evaluator - INFO - Listing data objects in schema warehouse.raw (evaluator.py:1610)
2025-12-10 14:17:55,624 - ThreadPoolExecutor-6_1 - vulcan.core.snapshot.evaluator - INFO - Listing data objects in schema warehouse.sales (evaluator.py:1610)
2025-12-10 14:17:55,627 - ThreadPoolExecutor-6_0 - vulcan.core.engine_adapter.base - INFO - Executing SQL: /* VULCAN_PLAN[orders360]: 9d697cc1f95741da804db27e77f24278 */ SELECT current_catalog (base.py:2622)
2025-12-10 14:17:55,629 - ThreadPoolExecutor-6_1 - vulcan.core.engine_adapter.base - INFO - Executing SQL: /* VULCAN_PLAN[orders360]: 9d697cc1f95741da804db27e77f24278 */ SELECT current_catalog (base.py:2622)
2025-12-10 14:17:55,638 - ThreadPoolExecutor-7_0 - vulcan.core.snapshot.evaluator - INFO - Updating view 'warehouse.raw.raw_customers' to point at table 'warehouse.vulcan__raw.raw__raw_customers__1474975870' (evaluator.py:1980)
2025-12-10 14:17:55,639 - ThreadPoolExecutor-7_0 - vulcan.core.engine_adapter.base - INFO - Executing SQL: /* VULCAN_PLAN[orders360]: 9d697cc1f95741da804db27e77f24278 */ DROP VIEW IF EXISTS "raw"."raw_customers" CASCADE (base.py:2622)
2025-12-10 14:17:55,640 - ThreadPoolExecutor-7_1 - vulcan.core.snapshot.evaluator - INFO - Updating view 'warehouse.raw.raw_products' to point at table 'warehouse.vulcan__raw.raw__raw_products__3337559381' (evaluator.py:1980)
2025-12-10 14:17:55,641 - ThreadPoolExecutor-7_1 - vulcan.core.engine_adapter.base - INFO - Executing SQL: /* VULCAN_PLAN[orders360]: 9d697cc1f95741da804db27e77f24278 */ DROP VIEW IF EXISTS "raw"."raw_products" CASCADE (base.py:2622)
2025-12-10 14:17:55,642 - ThreadPoolExecutor-7_2 - vulcan.core.snapshot.evaluator - INFO - Updating view 'warehouse.raw.raw_orders' to point at table 'warehouse.vulcan__raw.raw__raw_orders__1032938324' (evaluator.py:1980)
2025-12-10 14:17:55,643 - ThreadPoolExecutor-7_2 - vulcan.core.engine_adapter.base - INFO - Executing SQL: /* VULCAN_PLAN[orders360]: 9d697cc1f95741da804db27e77f24278 */ DROP VIEW IF EXISTS "raw"."raw_orders" CASCADE (base.py:2622)
2025-12-10 14:17:55,643 - ThreadPoolExecutor-7_0 - vulcan.core.engine_adapter.base - INFO - Executing SQL: /* VULCAN_PLAN[orders360]: 9d697cc1f95741da804db27e77f24278 */ CREATE VIEW "raw"."raw_customers" AS SELECT * FROM "warehouse"."vulcan__raw"."raw__raw_customers__1474975870" (base.py:2622)
2025-12-10 14:17:55,644 - ThreadPoolExecutor-7_1 - vulcan.core.engine_adapter.base - INFO - Executing SQL: /* VULCAN_PLAN[orders360]: 9d697cc1f95741da804db27e77f24278 */ CREATE VIEW "raw"."raw_products" AS SELECT * FROM "warehouse"."vulcan__raw"."raw__raw_products__3337559381" (base.py:2622)
2025-12-10 14:17:55,644 - ThreadPoolExecutor-7_2 - vulcan.core.engine_adapter.base - INFO - Executing SQL: /* VULCAN_PLAN[orders360]: 9d697cc1f95741da804db27e77f24278 */ CREATE VIEW "raw"."raw_orders" AS SELECT * FROM "warehouse"."vulcan__raw"."raw__raw_orders__1032938324" (base.py:2622)
2025-12-10 14:17:55,644 - ThreadPoolExecutor-7_0 - vulcan.core.engine_adapter.base - INFO - Executing SQL: /* VULCAN_PLAN[orders360]: 9d697cc1f95741da804db27e77f24278 */ COMMENT ON VIEW "raw"."raw_customers" IS 'Seed model loading raw customer data from CSV file' (base.py:2622)
2025-12-10 14:17:55,644 - ThreadPoolExecutor-7_1 - vulcan.core.engine_adapter.base - INFO - Executing SQL: /* VULCAN_PLAN[orders360]: 9d697cc1f95741da804db27e77f24278 */ COMMENT ON VIEW "raw"."raw_products" IS 'Seed model loading raw product data from CSV file' (base.py:2622)
2025-12-10 14:17:55,645 - ThreadPoolExecutor-7_0 - vulcan.core.engine_adapter.base - INFO - Executing SQL: /* VULCAN_PLAN[orders360]: 9d697cc1f95741da804db27e77f24278 */ COMMENT ON COLUMN "raw"."raw_customers"."customer_id" IS 'Unique identifier for each customer' (base.py:2622)
2025-12-10 14:17:55,645 - ThreadPoolExecutor-7_2 - vulcan.core.engine_adapter.base - INFO - Executing SQL: /* VULCAN_PLAN[orders360]: 9d697cc1f95741da804db27e77f24278 */ COMMENT ON VIEW "raw"."raw_orders" IS 'Seed model loading raw order data from CSV file' (base.py:2622)
2025-12-10 14:17:55,645 - ThreadPoolExecutor-7_1 - vulcan.core.engine_adapter.base - INFO - Executing SQL: /* VULCAN_PLAN[orders360]: 9d697cc1f95741da804db27e77f24278 */ COMMENT ON COLUMN "raw"."raw_products"."product_id" IS 'Unique identifier for each product' (base.py:2622)
2025-12-10 14:17:55,645 - ThreadPoolExecutor-7_0 - vulcan.core.engine_adapter.base - INFO - Executing SQL: /* VULCAN_PLAN[orders360]: 9d697cc1f95741da804db27e77f24278 */ COMMENT ON COLUMN "raw"."raw_customers"."first_name" IS 'Customer first name' (base.py:2622)
2025-12-10 14:17:55,645 - ThreadPoolExecutor-7_2 - vulcan.core.engine_adapter.base - INFO - Executing SQL: /* VULCAN_PLAN[orders360]: 9d697cc1f95741da804db27e77f24278 */ COMMENT ON COLUMN "raw"."raw_orders"."order_id" IS 'Unique identifier for each order' (base.py:2622)
2025-12-10 14:17:55,646 - ThreadPoolExecutor-7_2 - vulcan.core.engine_adapter.base - INFO - Executing SQL: /* VULCAN_PLAN[orders360]: 9d697cc1f95741da804db27e77f24278 */ COMMENT ON COLUMN "raw"."raw_orders"."order_date" IS 'Date when the order was placed' (base.py:2622)
2025-12-10 14:17:55,646 - ThreadPoolExecutor-7_1 - vulcan.core.engine_adapter.base - INFO - Executing SQL: /* VULCAN_PLAN[orders360]: 9d697cc1f95741da804db27e77f24278 */ COMMENT ON COLUMN "raw"."raw_products"."product_name" IS 'Name of the product' (base.py:2622)
2025-12-10 14:17:55,647 - ThreadPoolExecutor-7_0 - vulcan.core.engine_adapter.base - INFO - Executing SQL: /* VULCAN_PLAN[orders360]: 9d697cc1f95741da804db27e77f24278 */ COMMENT ON COLUMN "raw"."raw_customers"."last_name" IS 'Customer last name' (base.py:2622)
2025-12-10 14:17:55,647 - ThreadPoolExecutor-7_2 - vulcan.core.engine_adapter.base - INFO - Executing SQL: /* VULCAN_PLAN[orders360]: 9d697cc1f95741da804db27e77f24278 */ COMMENT ON COLUMN "raw"."raw_orders"."customer_id" IS 'Reference to customer who placed the order' (base.py:2622)
2025-12-10 14:17:55,647 - ThreadPoolExecutor-7_1 - vulcan.core.engine_adapter.base - INFO - Executing SQL: /* VULCAN_PLAN[orders360]: 9d697cc1f95741da804db27e77f24278 */ COMMENT ON COLUMN "raw"."raw_products"."category" IS 'Product category (Electronics, Clothing, Sports, Home, Food, Toys)' (base.py:2622)
2025-12-10 14:17:55,647 - ThreadPoolExecutor-7_0 - vulcan.core.engine_adapter.base - INFO - Executing SQL: /* VULCAN_PLAN[orders360]: 9d697cc1f95741da804db27e77f24278 */ COMMENT ON COLUMN "raw"."raw_customers"."email" IS 'Customer email address' (base.py:2622)
2025-12-10 14:17:55,647 - ThreadPoolExecutor-7_1 - vulcan.core.engine_adapter.base - INFO - Executing SQL: /* VULCAN_PLAN[orders360]: 9d697cc1f95741da804db27e77f24278 */ COMMENT ON COLUMN "raw"."raw_products"."price" IS 'Product selling price in dollars' (base.py:2622)
2025-12-10 14:17:55,647 - ThreadPoolExecutor-7_2 - vulcan.core.engine_adapter.base - INFO - Executing SQL: /* VULCAN_PLAN[orders360]: 9d697cc1f95741da804db27e77f24278 */ COMMENT ON COLUMN "raw"."raw_orders"."product_id" IS 'Reference to product that was ordered' (base.py:2622)
2025-12-10 14:17:55,647 - ThreadPoolExecutor-7_0 - vulcan.core.engine_adapter.base - INFO - Executing SQL: /* VULCAN_PLAN[orders360]: 9d697cc1f95741da804db27e77f24278 */ COMMENT ON COLUMN "raw"."raw_customers"."customer_segment" IS 'Customer tier (Platinum, Gold, Silver, Bronze)' (base.py:2622)
2025-12-10 14:17:55,648 - ThreadPoolExecutor-7_2 - vulcan.core.engine_adapter.base - INFO - Executing SQL: /* VULCAN_PLAN[orders360]: 9d697cc1f95741da804db27e77f24278 */ COMMENT ON COLUMN "raw"."raw_orders"."total_amount" IS 'Total order amount in dollars' (base.py:2622)
2025-12-10 14:17:55,648 - ThreadPoolExecutor-7_1 - vulcan.core.engine_adapter.base - INFO - Executing SQL: /* VULCAN_PLAN[orders360]: 9d697cc1f95741da804db27e77f24278 */ COMMENT ON COLUMN "raw"."raw_products"."stock_quantity" IS 'Current inventory quantity available' (base.py:2622)
2025-12-10 14:17:55,650 - ThreadPoolExecutor-7_2 - vulcan.core.snapshot.evaluator - INFO - Updating view 'warehouse.sales.daily_sales' to point at table 'warehouse.vulcan__sales.sales__daily_sales__2671854529' (evaluator.py:1980)
2025-12-10 14:17:55,651 - ThreadPoolExecutor-7_2 - vulcan.core.engine_adapter.base - INFO - Executing SQL: /* VULCAN_PLAN[orders360]: 9d697cc1f95741da804db27e77f24278 */ DROP VIEW IF EXISTS "sales"."daily_sales" CASCADE (base.py:2622)
2025-12-10 14:17:55,651 - ThreadPoolExecutor-7_2 - vulcan.core.engine_adapter.base - INFO - Executing SQL: /* VULCAN_PLAN[orders360]: 9d697cc1f95741da804db27e77f24278 */ CREATE VIEW "sales"."daily_sales" AS SELECT * FROM "warehouse"."vulcan__sales"."sales__daily_sales__2671854529" (base.py:2622)
2025-12-10 14:17:55,652 - ThreadPoolExecutor-7_2 - vulcan.core.engine_adapter.base - INFO - Executing SQL: /* VULCAN_PLAN[orders360]: 9d697cc1f95741da804db27e77f24278 */ COMMENT ON VIEW "sales"."daily_sales" IS 'Daily sales summary with order counts and revenue' (base.py:2622)
2025-12-10 14:17:55,652 - ThreadPoolExecutor-7_2 - vulcan.core.engine_adapter.base - INFO - Executing SQL: /* VULCAN_PLAN[orders360]: 9d697cc1f95741da804db27e77f24278 */ COMMENT ON COLUMN "sales"."daily_sales"."order_date" IS 'Date of the sales' (base.py:2622)
2025-12-10 14:17:55,653 - ThreadPoolExecutor-7_2 - vulcan.core.engine_adapter.base - INFO - Executing SQL: /* VULCAN_PLAN[orders360]: 9d697cc1f95741da804db27e77f24278 */ COMMENT ON COLUMN "sales"."daily_sales"."total_orders" IS 'Total number of orders for the day' (base.py:2622)
2025-12-10 14:17:55,653 - ThreadPoolExecutor-7_2 - vulcan.core.engine_adapter.base - INFO - Executing SQL: /* VULCAN_PLAN[orders360]: 9d697cc1f95741da804db27e77f24278 */ COMMENT ON COLUMN "sales"."daily_sales"."total_revenue" IS 'Total revenue for the day' (base.py:2622)
2025-12-10 14:17:55,653 - ThreadPoolExecutor-7_2 - vulcan.core.engine_adapter.base - INFO - Executing SQL: /* VULCAN_PLAN[orders360]: 9d697cc1f95741da804db27e77f24278 */ COMMENT ON COLUMN "sales"."daily_sales"."last_order_id" IS 'Last order ID processed for the day' (base.py:2622)
2025-12-10 14:17:55,656 - MainThread - vulcan.core.plan.evaluator - INFO - Evaluating plan stage FinalizeEnvironmentStage (evaluator.py:125)
2025-12-10 14:17:55,656 - MainThread - vulcan.core.state_sync.db.environment - INFO - Finalizing environment 'prod' (environment.py:141)
2025-12-10 14:17:55,689 - MainThread - vulcan.core.context - INFO - 📋 Plan/Run completed - recording run execution and preparing checks (run_id=705acbbe23244a6f9ce092d9a74fdac0, plan_id=9d697cc1f95741da804db27e77f24278, environment=prod) (context.py:1875)
2025-12-10 14:17:55,695 - MainThread - vulcan.core.context - INFO - Recorded run event for 4 models (context.py:1907)
2025-12-10 14:17:55,696 - MainThread - vulcan.core.context - INFO - 🔍 Initiating check execution for 4 model(s) (run_id=705acbbe23244a6f9ce092d9a74fdac0, environment=prod) (context.py:1957)
2025-12-10 14:17:55,696 - MainThread - vulcan.core.check.executor - INFO - 🚀 Starting check execution for run_id=705acbbe23244a6f9ce092d9a74fdac0, environment=prod, models_count=raw.raw_customers, raw.raw_orders, raw.raw_products, sales.daily_sales, timestamp=1765356475313 (executor.py:463)
2025-12-10 14:17:55,723 - MainThread - vulcan.core.check.executor - INFO - Running quality scans in 1 batch(es): {('warehouse', 'sales')} (executor.py:536)
2025-12-10 14:17:55,723 - MainThread - vulcan.core.check.executor - INFO - Running quality batch 1/1 for warehouse.sales (1 check suites, 0 profile models) (executor.py:555)
2025-12-10 14:17:55,730 - MainThread - vulcan.core.check.executor - INFO - ▶️ Executing scan for schema=warehouse.sales, check_suites=1, profile_models=0 (executor.py:583)
2025-12-10 14:17:55,743 - MainThread - vulcan.core.check.soda_statesync - INFO - Extracted 2 failed row sample(s) from scan context (soda_statesync.py:157)
2025-12-10 14:17:55,755 - MainThread - vulcan.core.state_sync.db.quality - INFO - Stored check scan 0fb73105-77c0-45f8-a54b-6a7cc6dca226, run 705acbbe23244a6f9ce092d9a74fdac0: 2 checks, 2 metrics, 0 profile metrics (quality.py:100)
2025-12-10 14:17:55,758 - MainThread - vulcan.core.check.executor - INFO - ✅ Check execution completed for run_id=705acbbe23244a6f9ce092d9a74fdac0: total_checks=2, total_profiles=0, batches=1 (executor.py:632)
2025-12-10 14:17:55,758 - MainThread - vulcan.core.context - INFO - ✅ Check execution finished (run_id=705acbbe23244a6f9ce092d9a74fdac0): checks_returned=True, profiles_returned=False (context.py:1974)
2025-12-10 14:17:55,759 - MainThread - root - INFO - Shutting down the event dispatcher (dispatcher.py:231)
