2025-12-12 06:21:03,353 - MainThread - vulcan.core.config.connection - INFO - Creating new DuckDB adapter for in-memory database (connection.py:511)
2025-12-12 06:21:06,467 - MainThread - vulcan.core.plan.evaluator - INFO - Evaluating plan stage CreateSnapshotRecordsStage (evaluator.py:125)
2025-12-12 06:21:06,494 - MainThread - vulcan.core.plan.evaluator - INFO - Evaluating plan stage PhysicalLayerSchemaCreationStage (evaluator.py:125)
2025-12-12 06:21:06,495 - ThreadPoolExecutor-2_0 - vulcan.core.snapshot.evaluator - INFO - Creating schema 'warehouse.vulcan__raw' (evaluator.py:1443)
2025-12-12 06:21:06,495 - ThreadPoolExecutor-2_1 - vulcan.core.snapshot.evaluator - INFO - Creating schema 'warehouse.vulcan__sales' (evaluator.py:1443)
2025-12-12 06:21:06,498 - ThreadPoolExecutor-2_0 - vulcan.core.engine_adapter.base - INFO - Executing SQL: /* VULCAN_PLAN[orders360]: 193b0e8e9b944101a83b517d319bf540 */ CREATE SCHEMA IF NOT EXISTS "vulcan__raw" (base.py:2622)
2025-12-12 06:21:06,500 - ThreadPoolExecutor-2_1 - vulcan.core.engine_adapter.base - INFO - Executing SQL: /* VULCAN_PLAN[orders360]: 193b0e8e9b944101a83b517d319bf540 */ CREATE SCHEMA IF NOT EXISTS "vulcan__sales" (base.py:2622)
2025-12-12 06:21:06,501 - MainThread - vulcan.core.plan.evaluator - INFO - Evaluating plan stage BackfillStage (evaluator.py:125)
2025-12-12 06:21:06,507 - ThreadPoolExecutor-3_0 - vulcan.core.snapshot.evaluator - INFO - Listing data objects in schema warehouse.vulcan__raw (evaluator.py:1610)
2025-12-12 06:21:06,507 - ThreadPoolExecutor-3_1 - vulcan.core.snapshot.evaluator - INFO - Listing data objects in schema warehouse.vulcan__sales (evaluator.py:1610)
2025-12-12 06:21:06,509 - ThreadPoolExecutor-3_0 - vulcan.core.engine_adapter.base - INFO - Executing SQL: /* VULCAN_PLAN[orders360]: 193b0e8e9b944101a83b517d319bf540 */ SELECT current_catalog (base.py:2622)
2025-12-12 06:21:06,510 - ThreadPoolExecutor-3_1 - vulcan.core.engine_adapter.base - INFO - Executing SQL: /* VULCAN_PLAN[orders360]: 193b0e8e9b944101a83b517d319bf540 */ SELECT current_catalog (base.py:2622)
2025-12-12 06:21:06,518 - ThreadPoolExecutor-4_0 - vulcan.core.snapshot.evaluator - INFO - Evaluating snapshot SnapshotId<"warehouse"."raw"."raw_customers": 337523204> (evaluator.py:711)
2025-12-12 06:21:06,518 - ThreadPoolExecutor-4_1 - vulcan.core.snapshot.evaluator - INFO - Evaluating snapshot SnapshotId<"warehouse"."raw"."raw_orders": 3821138197> (evaluator.py:711)
2025-12-12 06:21:06,519 - ThreadPoolExecutor-4_2 - vulcan.core.snapshot.evaluator - INFO - Evaluating snapshot SnapshotId<"warehouse"."raw"."raw_products": 2990818801> (evaluator.py:711)
2025-12-12 06:21:06,522 - ThreadPoolExecutor-4_1 - vulcan.core.snapshot.evaluator - INFO - Creating table 'warehouse.vulcan__raw.raw__raw_orders__3188508878' (evaluator.py:2034)
2025-12-12 06:21:06,522 - ThreadPoolExecutor-4_0 - vulcan.core.snapshot.evaluator - INFO - Creating table 'warehouse.vulcan__raw.raw__raw_customers__22496175' (evaluator.py:2034)
2025-12-12 06:21:06,523 - ThreadPoolExecutor-4_1 - vulcan.core.engine_adapter.base - INFO - Executing SQL: /* VULCAN_PLAN[orders360]: 193b0e8e9b944101a83b517d319bf540 */ CREATE TABLE IF NOT EXISTS "vulcan__raw"."raw__raw_orders__3188508878" ("order_id" VARCHAR, "order_date" DATE, "customer_id" VARCHAR, "product_id" VARCHAR, "total_amount" DOUBLE PRECISION) (base.py:2622)
2025-12-12 06:21:06,524 - ThreadPoolExecutor-4_0 - vulcan.core.engine_adapter.base - INFO - Executing SQL: /* VULCAN_PLAN[orders360]: 193b0e8e9b944101a83b517d319bf540 */ CREATE TABLE IF NOT EXISTS "vulcan__raw"."raw__raw_customers__22496175" ("customer_id" VARCHAR, "first_name" VARCHAR, "last_name" VARCHAR, "email" VARCHAR, "customer_segment" VARCHAR) (base.py:2622)
2025-12-12 06:21:06,524 - ThreadPoolExecutor-4_2 - vulcan.core.snapshot.evaluator - INFO - Creating table 'warehouse.vulcan__raw.raw__raw_products__2976474533' (evaluator.py:2034)
2025-12-12 06:21:06,525 - ThreadPoolExecutor-4_2 - vulcan.core.engine_adapter.base - INFO - Executing SQL: /* VULCAN_PLAN[orders360]: 193b0e8e9b944101a83b517d319bf540 */ CREATE TABLE IF NOT EXISTS "vulcan__raw"."raw__raw_products__2976474533" ("product_id" VARCHAR, "product_name" VARCHAR, "category" VARCHAR, "price" DOUBLE PRECISION, "stock_quantity" INT) (base.py:2622)
2025-12-12 06:21:06,529 - ThreadPoolExecutor-4_1 - vulcan.core.engine_adapter.base - INFO - Executing SQL: /* VULCAN_PLAN[orders360]: 193b0e8e9b944101a83b517d319bf540 */ COMMENT ON TABLE "vulcan__raw"."raw__raw_orders__3188508878" IS 'Seed model loading raw order data from CSV file' (base.py:2622)
2025-12-12 06:21:06,529 - ThreadPoolExecutor-4_2 - vulcan.core.engine_adapter.base - INFO - Executing SQL: /* VULCAN_PLAN[orders360]: 193b0e8e9b944101a83b517d319bf540 */ COMMENT ON TABLE "vulcan__raw"."raw__raw_products__2976474533" IS 'Seed model loading raw product data from CSV file' (base.py:2622)
2025-12-12 06:21:06,529 - ThreadPoolExecutor-4_0 - vulcan.core.engine_adapter.base - INFO - Executing SQL: /* VULCAN_PLAN[orders360]: 193b0e8e9b944101a83b517d319bf540 */ COMMENT ON TABLE "vulcan__raw"."raw__raw_customers__22496175" IS 'Seed model loading raw customer data from CSV file' (base.py:2622)
2025-12-12 06:21:06,530 - ThreadPoolExecutor-4_1 - vulcan.core.engine_adapter.base - INFO - Executing SQL: /* VULCAN_PLAN[orders360]: 193b0e8e9b944101a83b517d319bf540 */ COMMENT ON COLUMN "vulcan__raw"."raw__raw_orders__3188508878"."order_id" IS 'Unique identifier for each order' (base.py:2622)
2025-12-12 06:21:06,530 - ThreadPoolExecutor-4_2 - vulcan.core.engine_adapter.base - INFO - Executing SQL: /* VULCAN_PLAN[orders360]: 193b0e8e9b944101a83b517d319bf540 */ COMMENT ON COLUMN "vulcan__raw"."raw__raw_products__2976474533"."product_id" IS 'Unique identifier for each product' (base.py:2622)
2025-12-12 06:21:06,530 - ThreadPoolExecutor-4_0 - vulcan.core.engine_adapter.base - INFO - Executing SQL: /* VULCAN_PLAN[orders360]: 193b0e8e9b944101a83b517d319bf540 */ COMMENT ON COLUMN "vulcan__raw"."raw__raw_customers__22496175"."customer_id" IS 'Unique identifier for each customer' (base.py:2622)
2025-12-12 06:21:06,530 - ThreadPoolExecutor-4_1 - vulcan.core.engine_adapter.base - INFO - Executing SQL: /* VULCAN_PLAN[orders360]: 193b0e8e9b944101a83b517d319bf540 */ COMMENT ON COLUMN "vulcan__raw"."raw__raw_orders__3188508878"."order_date" IS 'Date when the order was placed' (base.py:2622)
2025-12-12 06:21:06,531 - ThreadPoolExecutor-4_2 - vulcan.core.engine_adapter.base - INFO - Executing SQL: /* VULCAN_PLAN[orders360]: 193b0e8e9b944101a83b517d319bf540 */ COMMENT ON COLUMN "vulcan__raw"."raw__raw_products__2976474533"."product_name" IS 'Name of the product' (base.py:2622)
2025-12-12 06:21:06,531 - ThreadPoolExecutor-4_0 - vulcan.core.engine_adapter.base - INFO - Executing SQL: /* VULCAN_PLAN[orders360]: 193b0e8e9b944101a83b517d319bf540 */ COMMENT ON COLUMN "vulcan__raw"."raw__raw_customers__22496175"."first_name" IS 'Customer first name' (base.py:2622)
2025-12-12 06:21:06,531 - ThreadPoolExecutor-4_1 - vulcan.core.engine_adapter.base - INFO - Executing SQL: /* VULCAN_PLAN[orders360]: 193b0e8e9b944101a83b517d319bf540 */ COMMENT ON COLUMN "vulcan__raw"."raw__raw_orders__3188508878"."customer_id" IS 'Reference to customer who placed the order' (base.py:2622)
2025-12-12 06:21:06,531 - ThreadPoolExecutor-4_0 - vulcan.core.engine_adapter.base - INFO - Executing SQL: /* VULCAN_PLAN[orders360]: 193b0e8e9b944101a83b517d319bf540 */ COMMENT ON COLUMN "vulcan__raw"."raw__raw_customers__22496175"."last_name" IS 'Customer last name' (base.py:2622)
2025-12-12 06:21:06,531 - ThreadPoolExecutor-4_2 - vulcan.core.engine_adapter.base - INFO - Executing SQL: /* VULCAN_PLAN[orders360]: 193b0e8e9b944101a83b517d319bf540 */ COMMENT ON COLUMN "vulcan__raw"."raw__raw_products__2976474533"."category" IS 'Product category (Electronics, Clothing, Sports, Home, Food, Toys)' (base.py:2622)
2025-12-12 06:21:06,531 - ThreadPoolExecutor-4_1 - vulcan.core.engine_adapter.base - INFO - Executing SQL: /* VULCAN_PLAN[orders360]: 193b0e8e9b944101a83b517d319bf540 */ COMMENT ON COLUMN "vulcan__raw"."raw__raw_orders__3188508878"."product_id" IS 'Reference to product that was ordered' (base.py:2622)
2025-12-12 06:21:06,532 - ThreadPoolExecutor-4_0 - vulcan.core.engine_adapter.base - INFO - Executing SQL: /* VULCAN_PLAN[orders360]: 193b0e8e9b944101a83b517d319bf540 */ COMMENT ON COLUMN "vulcan__raw"."raw__raw_customers__22496175"."email" IS 'Customer email address' (base.py:2622)
2025-12-12 06:21:06,532 - ThreadPoolExecutor-4_2 - vulcan.core.engine_adapter.base - INFO - Executing SQL: /* VULCAN_PLAN[orders360]: 193b0e8e9b944101a83b517d319bf540 */ COMMENT ON COLUMN "vulcan__raw"."raw__raw_products__2976474533"."price" IS 'Product selling price in dollars' (base.py:2622)
2025-12-12 06:21:06,532 - ThreadPoolExecutor-4_1 - vulcan.core.engine_adapter.base - INFO - Executing SQL: /* VULCAN_PLAN[orders360]: 193b0e8e9b944101a83b517d319bf540 */ COMMENT ON COLUMN "vulcan__raw"."raw__raw_orders__3188508878"."total_amount" IS 'Total order amount in dollars' (base.py:2622)
2025-12-12 06:21:06,532 - ThreadPoolExecutor-4_0 - vulcan.core.engine_adapter.base - INFO - Executing SQL: /* VULCAN_PLAN[orders360]: 193b0e8e9b944101a83b517d319bf540 */ COMMENT ON COLUMN "vulcan__raw"."raw__raw_customers__22496175"."customer_segment" IS 'Customer tier (Platinum, Gold, Silver, Bronze)' (base.py:2622)
2025-12-12 06:21:06,532 - ThreadPoolExecutor-4_2 - vulcan.core.engine_adapter.base - INFO - Executing SQL: /* VULCAN_PLAN[orders360]: 193b0e8e9b944101a83b517d319bf540 */ COMMENT ON COLUMN "vulcan__raw"."raw__raw_products__2976474533"."stock_quantity" IS 'Current inventory quantity available' (base.py:2622)
2025-12-12 06:21:06,535 - ThreadPoolExecutor-4_1 - vulcan.core.engine_adapter.base - INFO - Executing SQL: /* VULCAN_PLAN[orders360]: 193b0e8e9b944101a83b517d319bf540 */ SELECT current_catalog (base.py:2622)
2025-12-12 06:21:06,537 - ThreadPoolExecutor-4_0 - vulcan.core.engine_adapter.base - INFO - Executing SQL: /* VULCAN_PLAN[orders360]: 193b0e8e9b944101a83b517d319bf540 */ SELECT current_catalog (base.py:2622)
2025-12-12 06:21:06,538 - ThreadPoolExecutor-4_2 - vulcan.core.engine_adapter.base - INFO - Executing SQL: /* VULCAN_PLAN[orders360]: 193b0e8e9b944101a83b517d319bf540 */ SELECT current_catalog (base.py:2622)
2025-12-12 06:21:06,546 - ThreadPoolExecutor-4_2 - vulcan.core.engine_adapter.base - INFO - Executing SQL: /* VULCAN_PLAN[orders360]: 193b0e8e9b944101a83b517d319bf540 */ DELETE FROM "vulcan__raw"."raw__raw_products__2976474533" WHERE TRUE (base.py:2622)
2025-12-12 06:21:06,546 - ThreadPoolExecutor-4_1 - vulcan.core.engine_adapter.base - INFO - Executing SQL: /* VULCAN_PLAN[orders360]: 193b0e8e9b944101a83b517d319bf540 */ DELETE FROM "vulcan__raw"."raw__raw_orders__3188508878" WHERE TRUE (base.py:2622)
2025-12-12 06:21:06,547 - ThreadPoolExecutor-4_2 - vulcan.core.engine_adapter.base - INFO - Executing SQL: INSERT INTO "vulcan__raw"."raw__raw_products__2976474533" ("product_id", "product_name", "category", "price", "stock_quantity") SELECT CAST("product_id" AS VARCHAR) AS "product_id", CAST("product_name" AS VARCHAR) AS "product_name", CAST("category" AS VARCHAR) AS "category", CAST("price" AS DOUBLE PRECISION) AS "price", CAST("stock_quantity" AS INT) AS "stock_quantity" FROM (VALUES "<REDACTED VALUES>") AS "t"("product_id", "product_name", "category", "price", "stock_quantity") (base.py:2622)
2025-12-12 06:21:06,549 - ThreadPoolExecutor-4_1 - vulcan.core.engine_adapter.base - INFO - Executing SQL: INSERT INTO "vulcan__raw"."raw__raw_orders__3188508878" ("order_id", "order_date", "customer_id", "product_id", "total_amount") SELECT CAST("order_id" AS VARCHAR) AS "order_id", CAST("order_date" AS DATE) AS "order_date", CAST("customer_id" AS VARCHAR) AS "customer_id", CAST("product_id" AS VARCHAR) AS "product_id", CAST("total_amount" AS DOUBLE PRECISION) AS "total_amount" FROM (VALUES "<REDACTED VALUES>") AS "t"("order_id", "order_date", "customer_id", "product_id", "total_amount") (base.py:2622)
2025-12-12 06:21:06,551 - ThreadPoolExecutor-4_0 - vulcan.core.engine_adapter.base - INFO - Executing SQL: /* VULCAN_PLAN[orders360]: 193b0e8e9b944101a83b517d319bf540 */ DELETE FROM "vulcan__raw"."raw__raw_customers__22496175" WHERE TRUE (base.py:2622)
2025-12-12 06:21:06,553 - ThreadPoolExecutor-4_0 - vulcan.core.engine_adapter.base - INFO - Executing SQL: INSERT INTO "vulcan__raw"."raw__raw_customers__22496175" ("customer_id", "first_name", "last_name", "email", "customer_segment") SELECT CAST("customer_id" AS VARCHAR) AS "customer_id", CAST("first_name" AS VARCHAR) AS "first_name", CAST("last_name" AS VARCHAR) AS "last_name", CAST("email" AS VARCHAR) AS "email", CAST("customer_segment" AS VARCHAR) AS "customer_segment" FROM (VALUES "<REDACTED VALUES>") AS "t"("customer_id", "first_name", "last_name", "email", "customer_segment") (base.py:2622)
2025-12-12 06:21:06,553 - ThreadPoolExecutor-4_2 - vulcan.core.snapshot.evaluator - INFO - Auditing snapshot SnapshotId<"warehouse"."raw"."raw_products": 2990818801> (evaluator.py:603)
2025-12-12 06:21:06,553 - ThreadPoolExecutor-4_1 - vulcan.core.snapshot.evaluator - INFO - Auditing snapshot SnapshotId<"warehouse"."raw"."raw_orders": 3821138197> (evaluator.py:603)
2025-12-12 06:21:06,555 - ThreadPoolExecutor-4_2 - vulcan.core.engine_adapter.base - INFO - Executing SQL: /* VULCAN_PLAN[orders360]: 193b0e8e9b944101a83b517d319bf540 */ SELECT "attname" AS "column_name", "pg_catalog".format_type("atttypid", "atttypmod") AS "data_type" FROM "pg_catalog"."pg_attribute" JOIN "pg_catalog"."pg_class" ON "pg_class"."oid" = "attrelid" JOIN "pg_catalog"."pg_namespace" ON "pg_namespace"."oid" = "relnamespace" WHERE ("attnum" > 0 AND NOT "attisdropped" AND "relname" = 'raw__raw_products__2976474533') AND "nspname" = 'vulcan__raw' (base.py:2622)
2025-12-12 06:21:06,557 - ThreadPoolExecutor-4_1 - vulcan.core.engine_adapter.base - INFO - Executing SQL: /* VULCAN_PLAN[orders360]: 193b0e8e9b944101a83b517d319bf540 */ SELECT "attname" AS "column_name", "pg_catalog".format_type("atttypid", "atttypmod") AS "data_type" FROM "pg_catalog"."pg_attribute" JOIN "pg_catalog"."pg_class" ON "pg_class"."oid" = "attrelid" JOIN "pg_catalog"."pg_namespace" ON "pg_namespace"."oid" = "relnamespace" WHERE ("attnum" > 0 AND NOT "attisdropped" AND "relname" = 'raw__raw_orders__3188508878') AND "nspname" = 'vulcan__raw' (base.py:2622)
2025-12-12 06:21:06,557 - ThreadPoolExecutor-4_0 - vulcan.core.snapshot.evaluator - INFO - Auditing snapshot SnapshotId<"warehouse"."raw"."raw_customers": 337523204> (evaluator.py:603)
2025-12-12 06:21:06,559 - ThreadPoolExecutor-4_0 - vulcan.core.engine_adapter.base - INFO - Executing SQL: /* VULCAN_PLAN[orders360]: 193b0e8e9b944101a83b517d319bf540 */ SELECT "attname" AS "column_name", "pg_catalog".format_type("atttypid", "atttypmod") AS "data_type" FROM "pg_catalog"."pg_attribute" JOIN "pg_catalog"."pg_class" ON "pg_class"."oid" = "attrelid" JOIN "pg_catalog"."pg_namespace" ON "pg_namespace"."oid" = "relnamespace" WHERE ("attnum" > 0 AND NOT "attisdropped" AND "relname" = 'raw__raw_customers__22496175') AND "nspname" = 'vulcan__raw' (base.py:2622)
2025-12-12 06:21:06,564 - ThreadPoolExecutor-4_1 - vulcan.core.engine_adapter.base - INFO - Executing SQL: /* VULCAN_PLAN[orders360]: 193b0e8e9b944101a83b517d319bf540 */ SELECT COUNT(*) FROM (SELECT * FROM (SELECT ROW_NUMBER() OVER (PARTITION BY "order_id" ORDER BY "order_id" NULLS FIRST) AS "rank_order_id" FROM "warehouse"."vulcan__raw"."raw__raw_orders__3188508878" AS "raw__raw_orders__3188508878" WHERE TRUE) AS "_q_0" WHERE "rank_order_id" > 1) AS "audit" (base.py:2622)
2025-12-12 06:21:06,568 - ThreadPoolExecutor-4_2 - vulcan.core.engine_adapter.base - INFO - Executing SQL: /* VULCAN_PLAN[orders360]: 193b0e8e9b944101a83b517d319bf540 */ SELECT COUNT(*) FROM (SELECT * FROM (SELECT ROW_NUMBER() OVER (PARTITION BY "product_id" ORDER BY "product_id" NULLS FIRST) AS "rank_product_id" FROM "warehouse"."vulcan__raw"."raw__raw_products__2976474533" AS "raw__raw_products__2976474533" WHERE TRUE) AS "_q_0" WHERE "rank_product_id" > 1) AS "audit" (base.py:2622)
2025-12-12 06:21:06,571 - ThreadPoolExecutor-4_0 - vulcan.core.engine_adapter.base - INFO - Executing SQL: /* VULCAN_PLAN[orders360]: 193b0e8e9b944101a83b517d319bf540 */ SELECT COUNT(*) FROM (SELECT * FROM (SELECT ROW_NUMBER() OVER (PARTITION BY "customer_id" ORDER BY "customer_id" NULLS FIRST) AS "rank_customer_id" FROM "warehouse"."vulcan__raw"."raw__raw_customers__22496175" AS "raw__raw_customers__22496175" WHERE TRUE) AS "_q_0" WHERE "rank_customer_id" > 1) AS "audit" (base.py:2622)
2025-12-12 06:21:06,573 - ThreadPoolExecutor-4_1 - vulcan.core.engine_adapter.base - INFO - Executing SQL: /* VULCAN_PLAN[orders360]: 193b0e8e9b944101a83b517d319bf540 */ SELECT "attname" AS "column_name", "pg_catalog".format_type("atttypid", "atttypmod") AS "data_type" FROM "pg_catalog"."pg_attribute" JOIN "pg_catalog"."pg_class" ON "pg_class"."oid" = "attrelid" JOIN "pg_catalog"."pg_namespace" ON "pg_namespace"."oid" = "relnamespace" WHERE ("attnum" > 0 AND NOT "attisdropped" AND "relname" = 'raw__raw_orders__3188508878') AND "nspname" = 'vulcan__raw' (base.py:2622)
2025-12-12 06:21:06,574 - ThreadPoolExecutor-4_2 - vulcan.core.engine_adapter.base - INFO - Executing SQL: /* VULCAN_PLAN[orders360]: 193b0e8e9b944101a83b517d319bf540 */ SELECT "attname" AS "column_name", "pg_catalog".format_type("atttypid", "atttypmod") AS "data_type" FROM "pg_catalog"."pg_attribute" JOIN "pg_catalog"."pg_class" ON "pg_class"."oid" = "attrelid" JOIN "pg_catalog"."pg_namespace" ON "pg_namespace"."oid" = "relnamespace" WHERE ("attnum" > 0 AND NOT "attisdropped" AND "relname" = 'raw__raw_products__2976474533') AND "nspname" = 'vulcan__raw' (base.py:2622)
2025-12-12 06:21:06,579 - ThreadPoolExecutor-4_1 - vulcan.core.engine_adapter.base - INFO - Executing SQL: /* VULCAN_PLAN[orders360]: 193b0e8e9b944101a83b517d319bf540 */ SELECT COUNT(*) FROM (SELECT * FROM "warehouse"."vulcan__raw"."raw__raw_orders__3188508878" AS "raw__raw_orders__3188508878" WHERE ("order_id" IS NULL OR "order_date" IS NULL OR "customer_id" IS NULL OR "product_id" IS NULL) AND TRUE) AS "audit" (base.py:2622)
2025-12-12 06:21:06,581 - ThreadPoolExecutor-4_0 - vulcan.core.engine_adapter.base - INFO - Executing SQL: /* VULCAN_PLAN[orders360]: 193b0e8e9b944101a83b517d319bf540 */ SELECT "attname" AS "column_name", "pg_catalog".format_type("atttypid", "atttypmod") AS "data_type" FROM "pg_catalog"."pg_attribute" JOIN "pg_catalog"."pg_class" ON "pg_class"."oid" = "attrelid" JOIN "pg_catalog"."pg_namespace" ON "pg_namespace"."oid" = "relnamespace" WHERE ("attnum" > 0 AND NOT "attisdropped" AND "relname" = 'raw__raw_customers__22496175') AND "nspname" = 'vulcan__raw' (base.py:2622)
2025-12-12 06:21:06,584 - ThreadPoolExecutor-4_2 - vulcan.core.engine_adapter.base - INFO - Executing SQL: /* VULCAN_PLAN[orders360]: 193b0e8e9b944101a83b517d319bf540 */ SELECT COUNT(*) FROM (SELECT * FROM "warehouse"."vulcan__raw"."raw__raw_products__2976474533" AS "raw__raw_products__2976474533" WHERE ("product_id" IS NULL OR "product_name" IS NULL OR "category" IS NULL OR "price" IS NULL) AND TRUE) AS "audit" (base.py:2622)
2025-12-12 06:21:06,586 - ThreadPoolExecutor-4_1 - vulcan.core.engine_adapter.base - INFO - Executing SQL: /* VULCAN_PLAN[orders360]: 193b0e8e9b944101a83b517d319bf540 */ SELECT "attname" AS "column_name", "pg_catalog".format_type("atttypid", "atttypmod") AS "data_type" FROM "pg_catalog"."pg_attribute" JOIN "pg_catalog"."pg_class" ON "pg_class"."oid" = "attrelid" JOIN "pg_catalog"."pg_namespace" ON "pg_namespace"."oid" = "relnamespace" WHERE ("attnum" > 0 AND NOT "attisdropped" AND "relname" = 'raw__raw_orders__3188508878') AND "nspname" = 'vulcan__raw' (base.py:2622)
2025-12-12 06:21:06,589 - ThreadPoolExecutor-4_0 - vulcan.core.engine_adapter.base - INFO - Executing SQL: /* VULCAN_PLAN[orders360]: 193b0e8e9b944101a83b517d319bf540 */ SELECT COUNT(*) FROM (SELECT * FROM "warehouse"."vulcan__raw"."raw__raw_customers__22496175" AS "raw__raw_customers__22496175" WHERE ("customer_id" IS NULL OR "email" IS NULL OR "customer_segment" IS NULL) AND TRUE) AS "audit" (base.py:2622)
2025-12-12 06:21:06,591 - ThreadPoolExecutor-4_1 - vulcan.core.engine_adapter.base - INFO - Executing SQL: /* VULCAN_PLAN[orders360]: 193b0e8e9b944101a83b517d319bf540 */ SELECT COUNT(*) FROM (SELECT * FROM "warehouse"."vulcan__raw"."raw__raw_orders__3188508878" AS "raw__raw_orders__3188508878" WHERE "total_amount" < 0) AS "audit" (base.py:2622)
2025-12-12 06:21:06,591 - ThreadPoolExecutor-4_2 - vulcan.core.state_sync.db.facade - INFO - Adding interval (2024-01-01 00:00:00, 2025-12-12 00:00:00) for snapshot SnapshotId<"warehouse"."raw"."raw_products": 2990818801> (facade.py:912)
2025-12-12 06:21:06,591 - ThreadPoolExecutor-4_2 - vulcan.core.state_sync.db.interval - INFO - Pushing intervals for snapshot SnapshotId<"warehouse"."raw"."raw_products": 2990818801> (interval.py:215)
2025-12-12 06:21:06,596 - ThreadPoolExecutor-4_0 - vulcan.core.state_sync.db.facade - INFO - Adding interval (2024-01-01 00:00:00, 2025-12-12 00:00:00) for snapshot SnapshotId<"warehouse"."raw"."raw_customers": 337523204> (facade.py:912)
2025-12-12 06:21:06,596 - ThreadPoolExecutor-4_1 - vulcan.core.state_sync.db.facade - INFO - Adding interval (2024-01-01 00:00:00, 2025-12-12 00:00:00) for snapshot SnapshotId<"warehouse"."raw"."raw_orders": 3821138197> (facade.py:912)
2025-12-12 06:21:06,596 - ThreadPoolExecutor-4_0 - vulcan.core.state_sync.db.interval - INFO - Pushing intervals for snapshot SnapshotId<"warehouse"."raw"."raw_customers": 337523204> (interval.py:215)
2025-12-12 06:21:06,597 - ThreadPoolExecutor-4_1 - vulcan.core.state_sync.db.interval - INFO - Pushing intervals for snapshot SnapshotId<"warehouse"."raw"."raw_orders": 3821138197> (interval.py:215)
2025-12-12 06:21:06,653 - ThreadPoolExecutor-4_3 - vulcan.core.state_sync.db.facade - INFO - Adding interval (2024-01-01 00:00:00, 2025-12-12 00:00:00) for snapshot SnapshotId<semantic-model.products: 3612071161> (facade.py:912)
2025-12-12 06:21:06,655 - ThreadPoolExecutor-4_3 - vulcan.core.state_sync.db.interval - INFO - Pushing intervals for snapshot SnapshotId<semantic-model.products: 3612071161> (interval.py:215)
2025-12-12 06:21:06,660 - ThreadPoolExecutor-4_1 - vulcan.core.snapshot.evaluator - INFO - Evaluating snapshot SnapshotId<"warehouse"."sales"."daily_sales": 4199935893> (evaluator.py:711)
2025-12-12 06:21:06,661 - ThreadPoolExecutor-4_0 - vulcan.core.state_sync.db.facade - INFO - Adding interval (2024-01-01 00:00:00, 2025-12-12 00:00:00) for snapshot SnapshotId<semantic-model.customers: 4050583752> (facade.py:912)
2025-12-12 06:21:06,661 - ThreadPoolExecutor-4_1 - vulcan.core.snapshot.evaluator - INFO - Inserting data for snapshot SnapshotId<"warehouse"."sales"."daily_sales": 4199935893> (evaluator.py:952)
2025-12-12 06:21:06,661 - ThreadPoolExecutor-4_0 - vulcan.core.state_sync.db.interval - INFO - Pushing intervals for snapshot SnapshotId<semantic-model.customers: 4050583752> (interval.py:215)
2025-12-12 06:21:06,662 - ThreadPoolExecutor-4_2 - vulcan.core.state_sync.db.facade - INFO - Adding interval (2024-01-01 00:00:00, 2025-12-12 00:00:00) for snapshot SnapshotId<semantic-model.orders: 984413871> (facade.py:912)
2025-12-12 06:21:06,665 - ThreadPoolExecutor-4_1 - vulcan.core.snapshot.evaluator - INFO - Inserting batch (2024-01-01 00:00:00, 2025-12-12 00:00:00) into warehouse.vulcan__sales.sales__daily_sales__3493399280' (evaluator.py:984)
2025-12-12 06:21:06,670 - ThreadPoolExecutor-4_2 - vulcan.core.state_sync.db.interval - INFO - Pushing intervals for snapshot SnapshotId<semantic-model.orders: 984413871> (interval.py:215)
2025-12-12 06:21:06,671 - ThreadPoolExecutor-4_1 - vulcan.core.engine_adapter.base - INFO - Executing SQL: /* VULCAN_PLAN[orders360]: 193b0e8e9b944101a83b517d319bf540 */ CREATE TABLE IF NOT EXISTS "vulcan__sales"."sales__daily_sales__3493399280" AS SELECT CAST("order_date" AS TIMESTAMP) AS "order_date", CAST("total_orders" AS INT) AS "total_orders", CAST("total_revenue" AS DOUBLE PRECISION) AS "total_revenue", CAST("last_order_id" AS VARCHAR) AS "last_order_id" FROM (SELECT CAST(CAST("raw_orders"."order_date" AS TIMESTAMP) AS TIMESTAMP) AS "order_date", CAST(COUNT("raw_orders"."order_id") AS INT) AS "total_orders", CAST(SUM("raw_orders"."total_amount") AS DOUBLE PRECISION) AS "total_revenue", CAST(MAX("raw_orders"."order_id") AS VARCHAR) AS "last_order_id" FROM "warehouse"."vulcan__raw"."raw__raw_orders__3188508878" AS "raw_orders" GROUP BY "raw_orders"."order_date" ORDER BY "order_date") AS "_subquery" (base.py:2622)
2025-12-12 06:21:06,678 - ThreadPoolExecutor-4_1 - vulcan.core.engine_adapter.base - INFO - Executing SQL: /* VULCAN_PLAN[orders360]: 193b0e8e9b944101a83b517d319bf540 */ COMMENT ON TABLE "vulcan__sales"."sales__daily_sales__3493399280" IS 'Daily sales summary with order counts and revenue' (base.py:2622)
2025-12-12 06:21:06,678 - ThreadPoolExecutor-4_1 - vulcan.core.engine_adapter.base - INFO - Executing SQL: /* VULCAN_PLAN[orders360]: 193b0e8e9b944101a83b517d319bf540 */ COMMENT ON COLUMN "vulcan__sales"."sales__daily_sales__3493399280"."order_date" IS 'Date of the sales' (base.py:2622)
2025-12-12 06:21:06,678 - ThreadPoolExecutor-4_1 - vulcan.core.engine_adapter.base - INFO - Executing SQL: /* VULCAN_PLAN[orders360]: 193b0e8e9b944101a83b517d319bf540 */ COMMENT ON COLUMN "vulcan__sales"."sales__daily_sales__3493399280"."total_orders" IS 'Total number of orders for the day' (base.py:2622)
2025-12-12 06:21:06,679 - ThreadPoolExecutor-4_1 - vulcan.core.engine_adapter.base - INFO - Executing SQL: /* VULCAN_PLAN[orders360]: 193b0e8e9b944101a83b517d319bf540 */ COMMENT ON COLUMN "vulcan__sales"."sales__daily_sales__3493399280"."total_revenue" IS 'Total revenue for the day' (base.py:2622)
2025-12-12 06:21:06,679 - ThreadPoolExecutor-4_1 - vulcan.core.engine_adapter.base - INFO - Executing SQL: /* VULCAN_PLAN[orders360]: 193b0e8e9b944101a83b517d319bf540 */ COMMENT ON COLUMN "vulcan__sales"."sales__daily_sales__3493399280"."last_order_id" IS 'Last order ID processed for the day' (base.py:2622)
2025-12-12 06:21:06,680 - ThreadPoolExecutor-4_1 - vulcan.core.snapshot.evaluator - INFO - Auditing snapshot SnapshotId<"warehouse"."sales"."daily_sales": 4199935893> (evaluator.py:603)
2025-12-12 06:21:06,682 - ThreadPoolExecutor-4_1 - vulcan.core.engine_adapter.base - INFO - Executing SQL: /* VULCAN_PLAN[orders360]: 193b0e8e9b944101a83b517d319bf540 */ SELECT "attname" AS "column_name", "pg_catalog".format_type("atttypid", "atttypmod") AS "data_type" FROM "pg_catalog"."pg_attribute" JOIN "pg_catalog"."pg_class" ON "pg_class"."oid" = "attrelid" JOIN "pg_catalog"."pg_namespace" ON "pg_namespace"."oid" = "relnamespace" WHERE ("attnum" > 0 AND NOT "attisdropped" AND "relname" = 'sales__daily_sales__3493399280') AND "nspname" = 'vulcan__sales' (base.py:2622)
2025-12-12 06:21:06,687 - ThreadPoolExecutor-4_1 - vulcan.core.engine_adapter.base - INFO - Executing SQL: /* VULCAN_PLAN[orders360]: 193b0e8e9b944101a83b517d319bf540 */ SELECT COUNT(*) FROM (SELECT * FROM (SELECT ROW_NUMBER() OVER (PARTITION BY "order_date" ORDER BY "order_date" NULLS FIRST) AS "rank_order_date" FROM "warehouse"."vulcan__sales"."sales__daily_sales__3493399280" AS "sales__daily_sales__3493399280" WHERE TRUE) AS "_q_0" WHERE "rank_order_date" > 1) AS "audit" (base.py:2622)
2025-12-12 06:21:06,689 - ThreadPoolExecutor-4_1 - vulcan.core.engine_adapter.base - INFO - Executing SQL: /* VULCAN_PLAN[orders360]: 193b0e8e9b944101a83b517d319bf540 */ SELECT "attname" AS "column_name", "pg_catalog".format_type("atttypid", "atttypmod") AS "data_type" FROM "pg_catalog"."pg_attribute" JOIN "pg_catalog"."pg_class" ON "pg_class"."oid" = "attrelid" JOIN "pg_catalog"."pg_namespace" ON "pg_namespace"."oid" = "relnamespace" WHERE ("attnum" > 0 AND NOT "attisdropped" AND "relname" = 'sales__daily_sales__3493399280') AND "nspname" = 'vulcan__sales' (base.py:2622)
2025-12-12 06:21:06,693 - ThreadPoolExecutor-4_1 - vulcan.core.engine_adapter.base - INFO - Executing SQL: /* VULCAN_PLAN[orders360]: 193b0e8e9b944101a83b517d319bf540 */ SELECT COUNT(*) FROM (SELECT * FROM "warehouse"."vulcan__sales"."sales__daily_sales__3493399280" AS "sales__daily_sales__3493399280" WHERE ("order_date" IS NULL OR "total_orders" IS NULL OR "total_revenue" IS NULL) AND TRUE) AS "audit" (base.py:2622)
2025-12-12 06:21:06,695 - ThreadPoolExecutor-4_1 - vulcan.core.engine_adapter.base - INFO - Executing SQL: /* VULCAN_PLAN[orders360]: 193b0e8e9b944101a83b517d319bf540 */ SELECT "attname" AS "column_name", "pg_catalog".format_type("atttypid", "atttypmod") AS "data_type" FROM "pg_catalog"."pg_attribute" JOIN "pg_catalog"."pg_class" ON "pg_class"."oid" = "attrelid" JOIN "pg_catalog"."pg_namespace" ON "pg_namespace"."oid" = "relnamespace" WHERE ("attnum" > 0 AND NOT "attisdropped" AND "relname" = 'sales__daily_sales__3493399280') AND "nspname" = 'vulcan__sales' (base.py:2622)
2025-12-12 06:21:06,699 - ThreadPoolExecutor-4_1 - vulcan.core.engine_adapter.base - INFO - Executing SQL: /* VULCAN_PLAN[orders360]: 193b0e8e9b944101a83b517d319bf540 */ SELECT COUNT(*) FROM (SELECT * FROM "warehouse"."vulcan__sales"."sales__daily_sales__3493399280" AS "sales__daily_sales__3493399280" WHERE "total_orders" < 0) AS "audit" (base.py:2622)
2025-12-12 06:21:06,702 - ThreadPoolExecutor-4_1 - vulcan.core.engine_adapter.base - INFO - Executing SQL: /* VULCAN_PLAN[orders360]: 193b0e8e9b944101a83b517d319bf540 */ SELECT "attname" AS "column_name", "pg_catalog".format_type("atttypid", "atttypmod") AS "data_type" FROM "pg_catalog"."pg_attribute" JOIN "pg_catalog"."pg_class" ON "pg_class"."oid" = "attrelid" JOIN "pg_catalog"."pg_namespace" ON "pg_namespace"."oid" = "relnamespace" WHERE ("attnum" > 0 AND NOT "attisdropped" AND "relname" = 'sales__daily_sales__3493399280') AND "nspname" = 'vulcan__sales' (base.py:2622)
2025-12-12 06:21:06,704 - ThreadPoolExecutor-4_1 - vulcan.core.engine_adapter.base - INFO - Executing SQL: /* VULCAN_PLAN[orders360]: 193b0e8e9b944101a83b517d319bf540 */ SELECT COUNT(*) FROM (SELECT * FROM "warehouse"."vulcan__sales"."sales__daily_sales__3493399280" AS "sales__daily_sales__3493399280" WHERE "total_revenue" < 0) AS "audit" (base.py:2622)
2025-12-12 06:21:06,705 - ThreadPoolExecutor-4_1 - vulcan.core.state_sync.db.facade - INFO - Adding interval (2024-01-01 00:00:00, 2025-12-12 00:00:00) for snapshot SnapshotId<"warehouse"."sales"."daily_sales": 4199935893> (facade.py:912)
2025-12-12 06:21:06,705 - ThreadPoolExecutor-4_1 - vulcan.core.state_sync.db.interval - INFO - Pushing intervals for snapshot SnapshotId<"warehouse"."sales"."daily_sales": 4199935893> (interval.py:215)
2025-12-12 06:21:06,710 - ThreadPoolExecutor-4_1 - vulcan.core.state_sync.db.facade - INFO - Adding interval (2024-01-01 00:00:00, 2025-12-12 00:00:00) for snapshot SnapshotId<__checks.sales.daily_sales:accuracy: 860598204> (facade.py:912)
2025-12-12 06:21:06,710 - ThreadPoolExecutor-4_0 - vulcan.core.state_sync.db.facade - INFO - Adding interval (2024-01-01 00:00:00, 2025-12-12 00:00:00) for snapshot SnapshotId<__checks.sales.daily_sales:timeliness: 2530775140> (facade.py:912)
2025-12-12 06:21:06,710 - ThreadPoolExecutor-4_3 - vulcan.core.state_sync.db.facade - INFO - Adding interval (2024-01-01 00:00:00, 2025-12-12 00:00:00) for snapshot SnapshotId<__checks.sales.daily_sales:completeness: 1744568188> (facade.py:912)
2025-12-12 06:21:06,710 - ThreadPoolExecutor-4_1 - vulcan.core.state_sync.db.interval - INFO - Pushing intervals for snapshot SnapshotId<__checks.sales.daily_sales:accuracy: 860598204> (interval.py:215)
2025-12-12 06:21:06,711 - ThreadPoolExecutor-4_2 - vulcan.core.state_sync.db.facade - INFO - Adding interval (2024-01-01 00:00:00, 2025-12-12 00:00:00) for snapshot SnapshotId<__checks.sales.daily_sales:validity: 995885247> (facade.py:912)
2025-12-12 06:21:06,711 - ThreadPoolExecutor-4_0 - vulcan.core.state_sync.db.interval - INFO - Pushing intervals for snapshot SnapshotId<__checks.sales.daily_sales:timeliness: 2530775140> (interval.py:215)
2025-12-12 06:21:06,711 - ThreadPoolExecutor-4_3 - vulcan.core.state_sync.db.interval - INFO - Pushing intervals for snapshot SnapshotId<__checks.sales.daily_sales:completeness: 1744568188> (interval.py:215)
2025-12-12 06:21:06,713 - ThreadPoolExecutor-4_2 - vulcan.core.state_sync.db.interval - INFO - Pushing intervals for snapshot SnapshotId<__checks.sales.daily_sales:validity: 995885247> (interval.py:215)
2025-12-12 06:21:06,719 - ThreadPoolExecutor-4_1 - vulcan.core.state_sync.db.facade - INFO - Adding interval (2024-01-01 00:00:00, 2025-12-12 00:00:00) for snapshot SnapshotId<semantic-model.daily_sales: 3750768892> (facade.py:912)
2025-12-12 06:21:06,721 - ThreadPoolExecutor-4_1 - vulcan.core.state_sync.db.interval - INFO - Pushing intervals for snapshot SnapshotId<semantic-model.daily_sales: 3750768892> (interval.py:215)
2025-12-12 06:21:06,731 - ThreadPoolExecutor-4_0 - vulcan.core.state_sync.db.facade - INFO - Adding interval (2024-01-01 00:00:00, 2025-12-12 00:00:00) for snapshot SnapshotId<semantic-metric.revenue_trends: 3925379604> (facade.py:912)
2025-12-12 06:21:06,731 - ThreadPoolExecutor-4_1 - vulcan.core.state_sync.db.facade - INFO - Adding interval (2024-01-01 00:00:00, 2025-12-12 00:00:00) for snapshot SnapshotId<semantic-metric.order_volume: 580852194> (facade.py:912)
2025-12-12 06:21:06,732 - ThreadPoolExecutor-4_1 - vulcan.core.state_sync.db.interval - INFO - Pushing intervals for snapshot SnapshotId<semantic-metric.order_volume: 580852194> (interval.py:215)
2025-12-12 06:21:06,731 - ThreadPoolExecutor-4_0 - vulcan.core.state_sync.db.interval - INFO - Pushing intervals for snapshot SnapshotId<semantic-metric.revenue_trends: 3925379604> (interval.py:215)
2025-12-12 06:21:06,741 - MainThread - vulcan.core.plan.evaluator - INFO - Evaluating plan stage EnvironmentRecordUpdateStage (evaluator.py:125)
2025-12-12 06:21:06,746 - MainThread - vulcan.core.state_sync.db.facade - INFO - Promoting environment 'prod' (facade.py:189)
2025-12-12 06:21:06,751 - MainThread - vulcan.core.plan.evaluator - INFO - Evaluating plan stage UnpauseStage (evaluator.py:125)
2025-12-12 06:21:06,754 - MainThread - vulcan.core.plan.evaluator - INFO - Evaluating plan stage VirtualLayerUpdateStage (evaluator.py:125)
2025-12-12 06:21:06,757 - ThreadPoolExecutor-5_0 - vulcan.core.snapshot.evaluator - INFO - Creating schema 'warehouse.raw' (evaluator.py:1443)
2025-12-12 06:21:06,757 - ThreadPoolExecutor-5_1 - vulcan.core.snapshot.evaluator - INFO - Creating schema 'warehouse.sales' (evaluator.py:1443)
2025-12-12 06:21:06,758 - ThreadPoolExecutor-5_0 - vulcan.core.engine_adapter.base - INFO - Executing SQL: /* VULCAN_PLAN[orders360]: 193b0e8e9b944101a83b517d319bf540 */ CREATE SCHEMA IF NOT EXISTS "raw" (base.py:2622)
2025-12-12 06:21:06,759 - ThreadPoolExecutor-5_1 - vulcan.core.engine_adapter.base - INFO - Executing SQL: /* VULCAN_PLAN[orders360]: 193b0e8e9b944101a83b517d319bf540 */ CREATE SCHEMA IF NOT EXISTS "sales" (base.py:2622)
2025-12-12 06:21:06,761 - ThreadPoolExecutor-6_0 - vulcan.core.snapshot.evaluator - INFO - Listing data objects in schema warehouse.raw (evaluator.py:1610)
2025-12-12 06:21:06,761 - ThreadPoolExecutor-6_1 - vulcan.core.snapshot.evaluator - INFO - Listing data objects in schema warehouse.sales (evaluator.py:1610)
2025-12-12 06:21:06,763 - ThreadPoolExecutor-6_0 - vulcan.core.engine_adapter.base - INFO - Executing SQL: /* VULCAN_PLAN[orders360]: 193b0e8e9b944101a83b517d319bf540 */ SELECT current_catalog (base.py:2622)
2025-12-12 06:21:06,765 - ThreadPoolExecutor-6_1 - vulcan.core.engine_adapter.base - INFO - Executing SQL: /* VULCAN_PLAN[orders360]: 193b0e8e9b944101a83b517d319bf540 */ SELECT current_catalog (base.py:2622)
2025-12-12 06:21:06,771 - ThreadPoolExecutor-7_0 - vulcan.core.snapshot.evaluator - INFO - Updating view 'warehouse.raw.raw_products' to point at table 'warehouse.vulcan__raw.raw__raw_products__2976474533' (evaluator.py:1980)
2025-12-12 06:21:06,772 - ThreadPoolExecutor-7_0 - vulcan.core.engine_adapter.base - INFO - Executing SQL: /* VULCAN_PLAN[orders360]: 193b0e8e9b944101a83b517d319bf540 */ DROP VIEW IF EXISTS "raw"."raw_products" CASCADE (base.py:2622)
2025-12-12 06:21:06,773 - ThreadPoolExecutor-7_1 - vulcan.core.snapshot.evaluator - INFO - Updating view 'warehouse.raw.raw_customers' to point at table 'warehouse.vulcan__raw.raw__raw_customers__22496175' (evaluator.py:1980)
2025-12-12 06:21:06,773 - ThreadPoolExecutor-7_1 - vulcan.core.engine_adapter.base - INFO - Executing SQL: /* VULCAN_PLAN[orders360]: 193b0e8e9b944101a83b517d319bf540 */ DROP VIEW IF EXISTS "raw"."raw_customers" CASCADE (base.py:2622)
2025-12-12 06:21:06,774 - ThreadPoolExecutor-7_2 - vulcan.core.snapshot.evaluator - INFO - Updating view 'warehouse.raw.raw_orders' to point at table 'warehouse.vulcan__raw.raw__raw_orders__3188508878' (evaluator.py:1980)
2025-12-12 06:21:06,774 - ThreadPoolExecutor-7_2 - vulcan.core.engine_adapter.base - INFO - Executing SQL: /* VULCAN_PLAN[orders360]: 193b0e8e9b944101a83b517d319bf540 */ DROP VIEW IF EXISTS "raw"."raw_orders" CASCADE (base.py:2622)
2025-12-12 06:21:06,774 - ThreadPoolExecutor-7_0 - vulcan.core.engine_adapter.base - INFO - Executing SQL: /* VULCAN_PLAN[orders360]: 193b0e8e9b944101a83b517d319bf540 */ CREATE VIEW "raw"."raw_products" AS SELECT * FROM "warehouse"."vulcan__raw"."raw__raw_products__2976474533" (base.py:2622)
2025-12-12 06:21:06,775 - ThreadPoolExecutor-7_1 - vulcan.core.engine_adapter.base - INFO - Executing SQL: /* VULCAN_PLAN[orders360]: 193b0e8e9b944101a83b517d319bf540 */ CREATE VIEW "raw"."raw_customers" AS SELECT * FROM "warehouse"."vulcan__raw"."raw__raw_customers__22496175" (base.py:2622)
2025-12-12 06:21:06,775 - ThreadPoolExecutor-7_2 - vulcan.core.engine_adapter.base - INFO - Executing SQL: /* VULCAN_PLAN[orders360]: 193b0e8e9b944101a83b517d319bf540 */ CREATE VIEW "raw"."raw_orders" AS SELECT * FROM "warehouse"."vulcan__raw"."raw__raw_orders__3188508878" (base.py:2622)
2025-12-12 06:21:06,776 - ThreadPoolExecutor-7_0 - vulcan.core.engine_adapter.base - INFO - Executing SQL: /* VULCAN_PLAN[orders360]: 193b0e8e9b944101a83b517d319bf540 */ COMMENT ON VIEW "raw"."raw_products" IS 'Seed model loading raw product data from CSV file' (base.py:2622)
2025-12-12 06:21:06,776 - ThreadPoolExecutor-7_1 - vulcan.core.engine_adapter.base - INFO - Executing SQL: /* VULCAN_PLAN[orders360]: 193b0e8e9b944101a83b517d319bf540 */ COMMENT ON VIEW "raw"."raw_customers" IS 'Seed model loading raw customer data from CSV file' (base.py:2622)
2025-12-12 06:21:06,776 - ThreadPoolExecutor-7_2 - vulcan.core.engine_adapter.base - INFO - Executing SQL: /* VULCAN_PLAN[orders360]: 193b0e8e9b944101a83b517d319bf540 */ COMMENT ON VIEW "raw"."raw_orders" IS 'Seed model loading raw order data from CSV file' (base.py:2622)
2025-12-12 06:21:06,776 - ThreadPoolExecutor-7_0 - vulcan.core.engine_adapter.base - INFO - Executing SQL: /* VULCAN_PLAN[orders360]: 193b0e8e9b944101a83b517d319bf540 */ COMMENT ON COLUMN "raw"."raw_products"."product_id" IS 'Unique identifier for each product' (base.py:2622)
2025-12-12 06:21:06,776 - ThreadPoolExecutor-7_1 - vulcan.core.engine_adapter.base - INFO - Executing SQL: /* VULCAN_PLAN[orders360]: 193b0e8e9b944101a83b517d319bf540 */ COMMENT ON COLUMN "raw"."raw_customers"."customer_id" IS 'Unique identifier for each customer' (base.py:2622)
2025-12-12 06:21:06,777 - ThreadPoolExecutor-7_0 - vulcan.core.engine_adapter.base - INFO - Executing SQL: /* VULCAN_PLAN[orders360]: 193b0e8e9b944101a83b517d319bf540 */ COMMENT ON COLUMN "raw"."raw_products"."product_name" IS 'Name of the product' (base.py:2622)
2025-12-12 06:21:06,777 - ThreadPoolExecutor-7_2 - vulcan.core.engine_adapter.base - INFO - Executing SQL: /* VULCAN_PLAN[orders360]: 193b0e8e9b944101a83b517d319bf540 */ COMMENT ON COLUMN "raw"."raw_orders"."order_id" IS 'Unique identifier for each order' (base.py:2622)
2025-12-12 06:21:06,777 - ThreadPoolExecutor-7_1 - vulcan.core.engine_adapter.base - INFO - Executing SQL: /* VULCAN_PLAN[orders360]: 193b0e8e9b944101a83b517d319bf540 */ COMMENT ON COLUMN "raw"."raw_customers"."first_name" IS 'Customer first name' (base.py:2622)
2025-12-12 06:21:06,777 - ThreadPoolExecutor-7_0 - vulcan.core.engine_adapter.base - INFO - Executing SQL: /* VULCAN_PLAN[orders360]: 193b0e8e9b944101a83b517d319bf540 */ COMMENT ON COLUMN "raw"."raw_products"."category" IS 'Product category (Electronics, Clothing, Sports, Home, Food, Toys)' (base.py:2622)
2025-12-12 06:21:06,778 - ThreadPoolExecutor-7_2 - vulcan.core.engine_adapter.base - INFO - Executing SQL: /* VULCAN_PLAN[orders360]: 193b0e8e9b944101a83b517d319bf540 */ COMMENT ON COLUMN "raw"."raw_orders"."order_date" IS 'Date when the order was placed' (base.py:2622)
2025-12-12 06:21:06,778 - ThreadPoolExecutor-7_1 - vulcan.core.engine_adapter.base - INFO - Executing SQL: /* VULCAN_PLAN[orders360]: 193b0e8e9b944101a83b517d319bf540 */ COMMENT ON COLUMN "raw"."raw_customers"."last_name" IS 'Customer last name' (base.py:2622)
2025-12-12 06:21:06,778 - ThreadPoolExecutor-7_0 - vulcan.core.engine_adapter.base - INFO - Executing SQL: /* VULCAN_PLAN[orders360]: 193b0e8e9b944101a83b517d319bf540 */ COMMENT ON COLUMN "raw"."raw_products"."price" IS 'Product selling price in dollars' (base.py:2622)
2025-12-12 06:21:06,778 - ThreadPoolExecutor-7_2 - vulcan.core.engine_adapter.base - INFO - Executing SQL: /* VULCAN_PLAN[orders360]: 193b0e8e9b944101a83b517d319bf540 */ COMMENT ON COLUMN "raw"."raw_orders"."customer_id" IS 'Reference to customer who placed the order' (base.py:2622)
2025-12-12 06:21:06,779 - ThreadPoolExecutor-7_1 - vulcan.core.engine_adapter.base - INFO - Executing SQL: /* VULCAN_PLAN[orders360]: 193b0e8e9b944101a83b517d319bf540 */ COMMENT ON COLUMN "raw"."raw_customers"."email" IS 'Customer email address' (base.py:2622)
2025-12-12 06:21:06,779 - ThreadPoolExecutor-7_0 - vulcan.core.engine_adapter.base - INFO - Executing SQL: /* VULCAN_PLAN[orders360]: 193b0e8e9b944101a83b517d319bf540 */ COMMENT ON COLUMN "raw"."raw_products"."stock_quantity" IS 'Current inventory quantity available' (base.py:2622)
2025-12-12 06:21:06,779 - ThreadPoolExecutor-7_2 - vulcan.core.engine_adapter.base - INFO - Executing SQL: /* VULCAN_PLAN[orders360]: 193b0e8e9b944101a83b517d319bf540 */ COMMENT ON COLUMN "raw"."raw_orders"."product_id" IS 'Reference to product that was ordered' (base.py:2622)
2025-12-12 06:21:06,780 - ThreadPoolExecutor-7_1 - vulcan.core.engine_adapter.base - INFO - Executing SQL: /* VULCAN_PLAN[orders360]: 193b0e8e9b944101a83b517d319bf540 */ COMMENT ON COLUMN "raw"."raw_customers"."customer_segment" IS 'Customer tier (Platinum, Gold, Silver, Bronze)' (base.py:2622)
2025-12-12 06:21:06,780 - ThreadPoolExecutor-7_2 - vulcan.core.engine_adapter.base - INFO - Executing SQL: /* VULCAN_PLAN[orders360]: 193b0e8e9b944101a83b517d319bf540 */ COMMENT ON COLUMN "raw"."raw_orders"."total_amount" IS 'Total order amount in dollars' (base.py:2622)
2025-12-12 06:21:06,782 - ThreadPoolExecutor-7_2 - vulcan.core.snapshot.evaluator - INFO - Updating view 'warehouse.sales.daily_sales' to point at table 'warehouse.vulcan__sales.sales__daily_sales__3493399280' (evaluator.py:1980)
2025-12-12 06:21:06,783 - ThreadPoolExecutor-7_2 - vulcan.core.engine_adapter.base - INFO - Executing SQL: /* VULCAN_PLAN[orders360]: 193b0e8e9b944101a83b517d319bf540 */ DROP VIEW IF EXISTS "sales"."daily_sales" CASCADE (base.py:2622)
2025-12-12 06:21:06,784 - ThreadPoolExecutor-7_2 - vulcan.core.engine_adapter.base - INFO - Executing SQL: /* VULCAN_PLAN[orders360]: 193b0e8e9b944101a83b517d319bf540 */ CREATE VIEW "sales"."daily_sales" AS SELECT * FROM "warehouse"."vulcan__sales"."sales__daily_sales__3493399280" (base.py:2622)
2025-12-12 06:21:06,784 - ThreadPoolExecutor-7_2 - vulcan.core.engine_adapter.base - INFO - Executing SQL: /* VULCAN_PLAN[orders360]: 193b0e8e9b944101a83b517d319bf540 */ COMMENT ON VIEW "sales"."daily_sales" IS 'Daily sales summary with order counts and revenue' (base.py:2622)
2025-12-12 06:21:06,784 - ThreadPoolExecutor-7_2 - vulcan.core.engine_adapter.base - INFO - Executing SQL: /* VULCAN_PLAN[orders360]: 193b0e8e9b944101a83b517d319bf540 */ COMMENT ON COLUMN "sales"."daily_sales"."order_date" IS 'Date of the sales' (base.py:2622)
2025-12-12 06:21:06,784 - ThreadPoolExecutor-7_2 - vulcan.core.engine_adapter.base - INFO - Executing SQL: /* VULCAN_PLAN[orders360]: 193b0e8e9b944101a83b517d319bf540 */ COMMENT ON COLUMN "sales"."daily_sales"."total_orders" IS 'Total number of orders for the day' (base.py:2622)
2025-12-12 06:21:06,785 - ThreadPoolExecutor-7_2 - vulcan.core.engine_adapter.base - INFO - Executing SQL: /* VULCAN_PLAN[orders360]: 193b0e8e9b944101a83b517d319bf540 */ COMMENT ON COLUMN "sales"."daily_sales"."total_revenue" IS 'Total revenue for the day' (base.py:2622)
2025-12-12 06:21:06,785 - ThreadPoolExecutor-7_2 - vulcan.core.engine_adapter.base - INFO - Executing SQL: /* VULCAN_PLAN[orders360]: 193b0e8e9b944101a83b517d319bf540 */ COMMENT ON COLUMN "sales"."daily_sales"."last_order_id" IS 'Last order ID processed for the day' (base.py:2622)
2025-12-12 06:21:06,787 - MainThread - vulcan.core.plan.evaluator - INFO - Evaluating plan stage FinalizeEnvironmentStage (evaluator.py:125)
2025-12-12 06:21:06,788 - MainThread - vulcan.core.state_sync.db.environment - INFO - Finalizing environment 'prod' (environment.py:141)
2025-12-12 06:21:06,814 - MainThread - vulcan.core.context - INFO - Recorded run event for 4 models (context.py:1902)
2025-12-12 06:21:06,845 - MainThread - vulcan.core.check.executor - INFO - Running quality scans in 1 batch(es): {('warehouse', 'sales')} (executor.py:531)
2025-12-12 06:21:06,846 - MainThread - vulcan.core.check.executor - INFO - Running quality batch 1/1 for warehouse.sales (4 check suites, 0 profile models) (executor.py:550)
2025-12-12 06:21:06,979 - MainThread - matplotlib.font_manager - INFO - generated new fontManager (font_manager.py:1639)
2025-12-12 06:21:07,128 - MainThread - prophet.plot - ERROR - Importing plotly failed. Interactive plots will not work. (plot.py:40)
2025-12-12 06:21:07,134 - MainThread - soda.scan - WARNING - [06:21:07] Anomaly Detection Insufficient Training Data Warning: The model requires a minimum of 5 historical measurements for accurate predictions, but currently has only 1 check results available. (log.py:101)
2025-12-12 06:21:07,136 - MainThread - vulcan.core.check.soda_statesync - INFO - Extracted 1 failed row sample(s) from scan context (soda_statesync.py:157)
2025-12-12 06:21:07,145 - MainThread - vulcan.core.state_sync.db.quality - INFO - Stored check scan 9c34521a-e080-4218-bf1c-dc1ee280b51a, run 3ee251e6c6e44de0b815ee6903c8ea29: 4 checks, 3 metrics, 0 profile metrics (quality.py:100)
2025-12-12 06:21:07,151 - MainThread - root - INFO - Shutting down the event dispatcher (dispatcher.py:231)
